{"meta": {"format": 3, "version": "7.16.0", "timestamp": "2026-09-07T14:17:50.186911", "branch_coverage": false, "show_contexts": false}, "files": {"custom_components/heatpump_optimizer/__init__.py": {"executed_lines": [14, 16, 17, 18, 20, 21, 22, 23, 24, 25, 27, 41, 54, 56, 59, 69, 72, 74, 75, 76, 77, 78, 79, 82, 86, 88, 110, 113, 115, 118, 126, 128, 134, 136, 137, 142, 144, 151, 156, 164, 165, 168, 169, 170, 175, 178, 189, 190, 193, 201, 203, 204, 208, 209, 210, 211, 212, 213, 219, 220, 221, 230, 231, 238, 241, 245, 247, 254, 261, 262, 263, 265, 268, 276, 279, 296, 297, 298, 299, 303, 304, 307, 316, 318, 319, 326, 327, 328, 330], "summary": {"covered_lines": 89, "num_statements": 90, "percent_covered": 98.88888888888889, "percent_covered_display": "98.9", "missing_lines": 1, "excluded_lines": 2, "percent_statements_covered": 98.88888888888889, "percent_statements_covered_display": "98.9"}, "missing_lines": [255], "excluded_lines": [29, 30], "functions": {"_lazy": {"executed_lines": [56], "summary": {"covered_lines": 1, "num_statements": 1, "percent_covered": 100.0, "percent_covered_display": "100.0", "missing_lines": 0, "excluded_lines": 0, "percent_statements_covered": 100.0, "percent_statements_covered_display": "100.0"}, "missing_lines": [], "excluded_lines": [], "start_line": 54}, "_async_lazy": {"executed_lines": [69], "summary": {"covered_lines": 1, "num_statements": 1, "percent_covered": 100.0, "percent_covered_display": "100.0", "missing_lines": 0, "excluded_lines": 0, "percent_statements_covered": 100.0, "percent_statements_covered_display": "100.0"}, "missing_lines": [], "excluded_lines": [], "start_line": 59}, "__getattr__": {"executed_lines": [74, 75, 76, 77, 78, 79], "summary": {"covered_lines": 6, "num_statements": 6, "percent_covered": 100.0, "percent_covered_display": "100.0", "missing_lines": 0, "excluded_lines": 0, "percent_statements_covered": 100.0, "percent_statements_covered_display": "100.0"}, "missing_lines": [], "excluded_lines": [], "start_line": 72}, "_plan_handovers": {"executed_lines": [115], "summary": {"covered_lines": 1, "num_statements": 1, "percent_covered": 100.0, "percent_covered_display": "100.0", "missing_lines": 0, "excluded_lines": 0, "percent_statements_covered": 100.0, "percent_statements_covered_display": "100.0"}, "missing_lines": [], "excluded_lines": [], "start_line": 113}, "async_migrate_entry": {"executed_lines": [126, 128, 134, 136, 137, 142, 144], "summary": {"covered_lines": 7, "num_statements": 7, "percent_covered": 100.0, "percent_covered_display": "100.0", "missing_lines": 0, "excluded_lines": 0, "percent_statements_covered": 100.0, "percent_statements_covered_display": "100.0"}, "missing_lines": [], "excluded_lines": [], "start_line": 118}, "_async_remove_retired_entities": {"executed_lines": [164, 165, 168, 169, 170, 175], "summary": {"covered_lines": 6, "num_statements": 6, "percent_covered": 100.0, "percent_covered_display": "100.0", "missing_lines": 0, "excluded_lines": 0, "percent_statements_covered": 100.0, "percent_statements_covered_display": "100.0"}, "missing_lines": [], "excluded_lines": [], "start_line": 156}, "async_setup": {"executed_lines": [189, 190], "summary": {"covered_lines": 2, "num_statements": 2, "percent_covered": 100.0, "percent_covered_display": "100.0", "missing_lines": 0, "excluded_lines": 0, "percent_statements_covered": 100.0, "percent_statements_covered_display": "100.0"}, "missing_lines": [], "excluded_lines": [], "start_line": 178}, "async_setup_entry": {"executed_lines": [201, 203, 204, 208, 209, 210, 211, 212, 213, 219, 220, 221, 230, 231, 238, 241, 245, 247, 254, 261, 262, 263, 265], "summary": {"covered_lines": 23, "num_statements": 24, "percent_covered": 95.83333333333333, "percent_covered_display": "95.8", "missing_lines": 1, "excluded_lines": 0, "percent_statements_covered": 95.83333333333333, "percent_statements_covered_display": "95.8"}, "missing_lines": [255], "excluded_lines": [], "start_line": 193}, "_async_register_services": {"executed_lines": [276], "summary": {"covered_lines": 1, "num_statements": 1, "percent_covered": 100.0, "percent_covered_display": "100.0", "missing_lines": 0, "excluded_lines": 0, "percent_statements_covered": 100.0, "percent_statements_covered_display": "100.0"}, "missing_lines": [], "excluded_lines": [], "start_line": 268}, "async_update_options": {"executed_lines": [296, 297, 298, 299, 303, 304], "summary": {"covered_lines": 6, "num_statements": 6, "percent_covered": 100.0, "percent_covered_display": "100.0", "missing_lines": 0, "excluded_lines": 0, "percent_statements_covered": 100.0, "percent_statements_covered_display": "100.0"}, "missing_lines": [], "excluded_lines": [], "start_line": 279}, "async_unload_entry": {"executed_lines": [316, 318, 319, 326, 327, 328, 330], "summary": {"covered_lines": 7, "num_statements": 7, "percent_covered": 100.0, "percent_covered_display": "100.0", "missing_lines": 0, "excluded_lines": 0, "percent_statements_covered": 100.0, "percent_statements_covered_display": "100.0"}, "missing_lines": [], "excluded_lines": [], "start_line": 307}, "": {"executed_lines": [14, 16, 17, 18, 20, 21, 22, 23, 24, 25, 27, 41, 54, 59, 72, 82, 86, 88, 110, 113, 118, 151, 156, 178, 193, 268, 279, 307], "summary": {"covered_lines": 28, "num_statements": 28, "percent_covered": 100.0, "percent_covered_display": "100.0", "missing_lines": 0, "excluded_lines": 2, "percent_statements_covered": 100.0, "percent_statements_covered_display": "100.0"}, "missing_lines": [], "excluded_lines": [29, 30], "start_line": 1}}, "classes": {"": {"executed_lines": [14, 16, 17, 18, 20, 21, 22, 23, 24, 25, 27, 41, 54, 56, 59, 69, 72, 74, 75, 76, 77, 78, 79, 82, 86, 88, 110, 113, 115, 118, 126, 128, 134, 136, 137, 142, 144, 151, 156, 164, 165, 168, 169, 170, 175, 178, 189, 190, 193, 201, 203, 204, 208, 209, 210, 211, 212, 213, 219, 220, 221, 230, 231, 238, 241, 245, 247, 254, 261, 262, 263, 265, 268, 276, 279, 296, 297, 298, 299, 303, 304, 307, 316, 318, 319, 326, 327, 328, 330], "summary": {"covered_lines": 89, "num_statements": 90, "percent_covered": 98.88888888888889, "percent_covered_display": "98.9", "missing_lines": 1, "excluded_lines": 2, "percent_statements_covered": 98.88888888888889, "percent_statements_covered_display": "98.9"}, "missing_lines": [255], "excluded_lines": [29, 30], "start_line": 1}}}, "custom_components/heatpump_optimizer/accuracy.py": {"executed_lines": [22, 24, 25, 26, 27, 28, 30, 32, 37, 40, 41, 44, 45, 46, 47, 48, 49, 50, 51, 52, 56, 58, 59, 72, 73, 74, 75, 77, 78, 82, 83, 84, 85, 86, 87, 90, 92, 109, 112, 118, 121, 122, 125, 130, 131, 136, 140, 141, 145, 149, 151, 156, 158, 172, 174, 178, 179, 180, 182, 183, 184, 185, 186, 187, 188, 189, 195, 198, 200, 214, 218, 225, 226, 227, 228, 229, 232, 237, 238, 242, 243, 244, 245, 246, 247, 248, 249, 250, 251, 252, 254, 256, 257, 258, 259, 261, 268, 269, 270, 271, 273, 275, 276, 277, 278, 279, 281, 283, 284, 285, 286, 287, 288, 290, 292, 293, 297, 298, 302, 309, 310, 311, 313, 315, 316, 335, 338, 339, 358, 359, 360, 361, 362, 363, 364, 365, 366, 367, 368, 369, 370, 371, 372, 373, 374, 375, 378, 379, 380, 381, 382, 383, 384, 385, 386, 387, 388, 389, 390, 391, 392, 393, 394, 395, 396, 397, 404, 405, 406, 407, 408, 409, 412, 419, 420, 421, 422, 423], "summary": {"covered_lines": 178, "num_statements": 189, "percent_covered": 94.17989417989418, "percent_covered_display": "94.2", "missing_lines": 11, "excluded_lines": 0, "percent_statements_covered": 94.17989417989418, "percent_statements_covered_display": "94.2"}, "missing_lines": [76, 79, 80, 88, 89, 150, 173, 181, 289, 398, 399], "excluded_lines": [], "functions": {"AccuracySample.as_dict": {"executed_lines": [59], "summary": {"covered_lines": 1, "num_statements": 1, "percent_covered": 100.0, "percent_covered_display": "100.0", "missing_lines": 0, "excluded_lines": 0, "percent_statements_covered": 100.0, "percent_statements_covered_display": "100.0"}, "missing_lines": [], "excluded_lines": [], "start_line": 58}, "AccuracySample.from_dict": {"executed_lines": [74, 75, 77, 78, 82, 92], "summary": {"covered_lines": 6, "num_statements": 9, "percent_covered": 66.66666666666667, "percent_covered_display": "66.7", "missing_lines": 3, "excluded_lines": 0, "percent_statements_covered": 66.66666666666667, "percent_statements_covered_display": "66.7"}, "missing_lines": [76, 79, 80], "excluded_lines": [], "start_line": 73}, "AccuracySample.from_dict.num": {"executed_lines": [83, 84, 85, 86, 87, 90], "summary": {"covered_lines": 6, "num_statements": 8, "percent_covered": 75.0, "percent_covered_display": "75.0", "missing_lines": 2, "excluded_lines": 0, "percent_statements_covered": 75.0, "percent_statements_covered_display": "75.0"}, "missing_lines": [88, 89], "excluded_lines": [], "start_line": 82}, "AccuracyTracker.record": {"executed_lines": [141], "summary": {"covered_lines": 1, "num_statements": 1, "percent_covered": 100.0, "percent_covered_display": "100.0", "missing_lines": 0, "excluded_lines": 0, "percent_statements_covered": 100.0, "percent_statements_covered_display": "100.0"}, "missing_lines": [], "excluded_lines": [], "start_line": 140}, "AccuracyTracker.note_lead_prediction": {"executed_lines": [149, 151, 156], "summary": {"covered_lines": 3, "num_statements": 4, "percent_covered": 75.0, "percent_covered_display": "75.0", "missing_lines": 1, "excluded_lines": 0, "percent_statements_covered": 75.0, "percent_statements_covered_display": "75.0"}, "missing_lines": [150], "excluded_lines": [], "start_line": 145}, "AccuracyTracker.score_lead_predictions": {"executed_lines": [172, 174, 178, 179, 180, 182, 183, 184, 185, 186, 187, 188, 189, 195, 198], "summary": {"covered_lines": 15, "num_statements": 17, "percent_covered": 88.23529411764706, "percent_covered_display": "88.2", "missing_lines": 2, "excluded_lines": 0, "percent_statements_covered": 88.23529411764706, "percent_statements_covered_display": "88.2"}, "missing_lines": [173, 181], "excluded_lines": [], "start_line": 158}, "AccuracyTracker.has_lead_history": {"executed_lines": [214], "summary": {"covered_lines": 1, "num_statements": 1, "percent_covered": 100.0, "percent_covered_display": "100.0", "missing_lines": 0, "excluded_lines": 0, "percent_statements_covered": 100.0, "percent_statements_covered_display": "100.0"}, "missing_lines": [], "excluded_lines": [], "start_line": 200}, "AccuracyTracker.sigma": {"executed_lines": [225, 226, 227, 228, 229, 232, 237, 238], "summary": {"covered_lines": 8, "num_statements": 8, "percent_covered": 100.0, "percent_covered_display": "100.0", "missing_lines": 0, "excluded_lines": 0, "percent_statements_covered": 100.0, "percent_statements_covered_display": "100.0"}, "missing_lines": [], "excluded_lines": [], "start_line": 218}, "AccuracyTracker._paired": {"executed_lines": [243, 244, 245, 246, 247, 248, 249, 250, 251, 252], "summary": {"covered_lines": 10, "num_statements": 10, "percent_covered": 100.0, "percent_covered_display": "100.0", "missing_lines": 0, "excluded_lines": 0, "percent_statements_covered": 100.0, "percent_statements_covered_display": "100.0"}, "missing_lines": [], "excluded_lines": [], "start_line": 242}, "AccuracyTracker.temperature_mae": {"executed_lines": [256, 257, 258, 259], "summary": {"covered_lines": 4, "num_statements": 4, "percent_covered": 100.0, "percent_covered_display": "100.0", "missing_lines": 0, "excluded_lines": 0, "percent_statements_covered": 100.0, "percent_statements_covered_display": "100.0"}, "missing_lines": [], "excluded_lines": [], "start_line": 254}, "AccuracyTracker.temperature_bias": {"executed_lines": [268, 269, 270, 271], "summary": {"covered_lines": 4, "num_statements": 4, "percent_covered": 100.0, "percent_covered_display": "100.0", "missing_lines": 0, "excluded_lines": 0, "percent_statements_covered": 100.0, "percent_statements_covered_display": "100.0"}, "missing_lines": [], "excluded_lines": [], "start_line": 261}, "AccuracyTracker.power_ratio": {"executed_lines": [275, 276, 277, 278, 279], "summary": {"covered_lines": 5, "num_statements": 5, "percent_covered": 100.0, "percent_covered_display": "100.0", "missing_lines": 0, "excluded_lines": 0, "percent_statements_covered": 100.0, "percent_statements_covered_display": "100.0"}, "missing_lines": [], "excluded_lines": [], "start_line": 273}, "AccuracyTracker.cost_accuracy": {"executed_lines": [283, 284, 285, 286, 287, 288, 290], "summary": {"covered_lines": 7, "num_statements": 8, "percent_covered": 87.5, "percent_covered_display": "87.5", "missing_lines": 1, "excluded_lines": 0, "percent_statements_covered": 87.5, "percent_statements_covered_display": "87.5"}, "missing_lines": [289], "excluded_lines": [], "start_line": 281}, "AccuracyTracker.realised_cost": {"executed_lines": [293], "summary": {"covered_lines": 1, "num_statements": 1, "percent_covered": 100.0, "percent_covered_display": "100.0", "missing_lines": 0, "excluded_lines": 0, "percent_statements_covered": 100.0, "percent_statements_covered_display": "100.0"}, "missing_lines": [], "excluded_lines": [], "start_line": 292}, "AccuracyTracker.predicted_cost": {"executed_lines": [298], "summary": {"covered_lines": 1, "num_statements": 1, "percent_covered": 100.0, "percent_covered_display": "100.0", "missing_lines": 0, "excluded_lines": 0, "percent_statements_covered": 100.0, "percent_statements_covered_display": "100.0"}, "missing_lines": [], "excluded_lines": [], "start_line": 297}, "AccuracyTracker.trust": {"executed_lines": [309, 310, 311, 313], "summary": {"covered_lines": 4, "num_statements": 4, "percent_covered": 100.0, "percent_covered_display": "100.0", "missing_lines": 0, "excluded_lines": 0, "percent_statements_covered": 100.0, "percent_statements_covered_display": "100.0"}, "missing_lines": [], "excluded_lines": [], "start_line": 302}, "AccuracyTracker.summary": {"executed_lines": [316], "summary": {"covered_lines": 1, "num_statements": 1, "percent_covered": 100.0, "percent_covered_display": "100.0", "missing_lines": 0, "excluded_lines": 0, "percent_statements_covered": 100.0, "percent_statements_covered_display": "100.0"}, "missing_lines": [], "excluded_lines": [], "start_line": 315}, "AccuracyTracker.as_dict": {"executed_lines": [338, 339], "summary": {"covered_lines": 2, "num_statements": 2, "percent_covered": 100.0, "percent_covered_display": "100.0", "missing_lines": 0, "excluded_lines": 0, "percent_statements_covered": 100.0, "percent_statements_covered_display": "100.0"}, "missing_lines": [], "excluded_lines": [], "start_line": 335}, "AccuracyTracker.from_dict": {"executed_lines": [360, 361, 362, 363, 364, 365, 366, 367, 368, 369, 370, 371, 372, 373, 374, 375, 378, 379, 380, 381, 382, 383, 384, 385, 386, 387, 388, 389, 390, 391, 392, 393, 394, 395, 396, 397, 404, 405, 406, 407, 408, 409], "summary": {"covered_lines": 42, "num_statements": 44, "percent_covered": 95.45454545454545, "percent_covered_display": "95.5", "missing_lines": 2, "excluded_lines": 0, "percent_statements_covered": 95.45454545454545, "percent_statements_covered_display": "95.5"}, "missing_lines": [398, 399], "excluded_lines": [], "start_line": 359}, "delivered_ratio": {"executed_lines": [419, 420, 421, 422, 423], "summary": {"covered_lines": 5, "num_statements": 5, "percent_covered": 100.0, "percent_covered_display": "100.0", "missing_lines": 0, "excluded_lines": 0, "percent_statements_covered": 100.0, "percent_statements_covered_display": "100.0"}, "missing_lines": [], "excluded_lines": [], "start_line": 412}, "": {"executed_lines": [22, 24, 25, 26, 27, 28, 30, 32, 37, 40, 41, 44, 45, 46, 47, 48, 49, 50, 51, 52, 56, 58, 72, 73, 109, 112, 118, 121, 122, 125, 130, 131, 136, 140, 145, 158, 200, 218, 242, 254, 261, 273, 281, 292, 297, 302, 315, 335, 358, 359, 412], "summary": {"covered_lines": 51, "num_statements": 51, "percent_covered": 100.0, "percent_covered_display": "100.0", "missing_lines": 0, "excluded_lines": 0, "percent_statements_covered": 100.0, "percent_statements_covered_display": "100.0"}, "missing_lines": [], "excluded_lines": [], "start_line": 1}}, "classes": {"AccuracySample": {"executed_lines": [59, 74, 75, 77, 78, 82, 83, 84, 85, 86, 87, 90, 92], "summary": {"covered_lines": 13, "num_statements": 18, "percent_covered": 72.22222222222223, "percent_covered_display": "72.2", "missing_lines": 5, "excluded_lines": 0, "percent_statements_covered": 72.22222222222223, "percent_statements_covered_display": "72.2"}, "missing_lines": [76, 79, 80, 88, 89], "excluded_lines": [], "start_line": 41}, "AccuracyTracker": {"executed_lines": [141, 149, 151, 156, 172, 174, 178, 179, 180, 182, 183, 184, 185, 186, 187, 188, 189, 195, 198, 214, 225, 226, 227, 228, 229, 232, 237, 238, 243, 244, 245, 246, 247, 248, 249, 250, 251, 252, 256, 257, 258, 259, 268, 269, 270, 271, 275, 276, 277, 278, 279, 283, 284, 285, 286, 287, 288, 290, 293, 298, 309, 310, 311, 313, 316, 338, 339, 360, 361, 362, 363, 364, 365, 366, 367, 368, 369, 370, 371, 372, 373, 374, 375, 378, 379, 380, 381, 382, 383, 384, 385, 386, 387, 388, 389, 390, 391, 392, 393, 394, 395, 396, 397, 404, 405, 406, 407, 408, 409], "summary": {"covered_lines": 109, "num_statements": 115, "percent_covered": 94.78260869565217, "percent_covered_display": "94.8", "missing_lines": 6, "excluded_lines": 0, "percent_statements_covered": 94.78260869565217, "percent_statements_covered_display": "94.8"}, "missing_lines": [150, 173, 181, 289, 398, 399], "excluded_lines": [], "start_line": 122}, "": {"executed_lines": [22, 24, 25, 26, 27, 28, 30, 32, 37, 40, 41, 44, 45, 46, 47, 48, 49, 50, 51, 52, 56, 58, 72, 73, 109, 112, 118, 121, 122, 125, 130, 131, 136, 140, 145, 158, 200, 218, 242, 254, 261, 273, 281, 292, 297, 302, 315, 335, 358, 359, 412, 419, 420, 421, 422, 423], "summary": {"covered_lines": 56, "num_statements": 56, "percent_covered": 100.0, "percent_covered_display": "100.0", "missing_lines": 0, "excluded_lines": 0, "percent_statements_covered": 100.0, "percent_statements_covered_display": "100.0"}, "missing_lines": [], "excluded_lines": [], "start_line": 1}}}, "custom_components/heatpump_optimizer/away.py": {"executed_lines": [21, 23, 24, 25, 26, 28, 30, 42, 43, 44, 49, 52, 55, 56, 61, 63, 64, 69, 72, 73, 76, 77, 78, 79, 81, 82, 83, 84, 85, 86, 87, 89, 90, 117, 118, 123, 126, 139, 140, 141, 142, 143, 145, 147, 148, 149, 150, 151, 153, 155, 157, 159, 160, 161, 163, 164, 165, 166, 169, 171, 172, 173, 175, 176, 182, 203, 204, 205, 206, 207, 208, 209, 210, 211, 214, 217, 219, 220, 221, 224, 228, 231, 232, 233, 236, 237, 244, 245, 248, 249, 260, 262, 270, 271, 285, 286, 287, 288, 289, 290, 291, 294, 295, 302, 303, 310, 311, 312, 313, 314, 317, 318, 319, 324, 325, 326, 330, 331, 332, 333, 334, 335, 336, 337, 338, 339, 340, 341, 344, 345, 346, 347, 348, 351, 352, 353, 354, 355, 356, 360, 363, 367, 370, 371, 372, 373, 374, 377, 386, 387, 388, 390, 391, 392, 393, 399, 400, 401, 402, 405, 420, 426, 427, 428, 429, 430, 431, 435, 437, 440, 441, 443, 444, 445, 446, 448, 449, 452, 453, 454, 455, 456, 457, 458, 459, 460, 463, 466, 467, 468, 469, 470, 472, 473], "summary": {"covered_lines": 194, "num_statements": 224, "percent_covered": 86.60714285714286, "percent_covered_display": "86.6", "missing_lines": 30, "excluded_lines": 0, "percent_statements_covered": 86.60714285714286, "percent_statements_covered_display": "86.6"}, "missing_lines": [167, 177, 178, 179, 272, 273, 274, 275, 276, 277, 278, 279, 282, 320, 321, 327, 328, 329, 357, 358, 359, 361, 362, 364, 365, 366, 389, 471, 474, 475], "excluded_lines": [], "functions": {"AwayState.as_dict": {"executed_lines": [90], "summary": {"covered_lines": 1, "num_statements": 1, "percent_covered": 100.0, "percent_covered_display": "100.0", "missing_lines": 0, "excluded_lines": 0, "percent_statements_covered": 100.0, "percent_statements_covered_display": "100.0"}, "missing_lines": [], "excluded_lines": [], "start_line": 89}, "interpret_presence": {"executed_lines": [139, 140, 141, 142, 143, 145, 147, 148, 149, 150, 151, 153, 155, 157, 159, 160, 161, 163, 164, 165, 166, 169, 171, 172, 173, 175, 176], "summary": {"covered_lines": 27, "num_statements": 31, "percent_covered": 87.09677419354838, "percent_covered_display": "87.1", "missing_lines": 4, "excluded_lines": 0, "percent_statements_covered": 87.09677419354838, "percent_statements_covered_display": "87.1"}, "missing_lines": [167, 177, 178, 179], "excluded_lines": [], "start_line": 126}, "estimate_recovery_hours": {"executed_lines": [203, 204, 205, 206, 207, 208, 209, 210, 211, 214], "summary": {"covered_lines": 10, "num_statements": 10, "percent_covered": 100.0, "percent_covered_display": "100.0", "missing_lines": 0, "excluded_lines": 0, "percent_statements_covered": 100.0, "percent_statements_covered_display": "100.0"}, "missing_lines": [], "excluded_lines": [], "start_line": 182}, "expire_override": {"executed_lines": [219, 220, 221], "summary": {"covered_lines": 3, "num_statements": 3, "percent_covered": 100.0, "percent_covered_display": "100.0", "missing_lines": 0, "excluded_lines": 0, "percent_statements_covered": 100.0, "percent_statements_covered_display": "100.0"}, "missing_lines": [], "excluded_lines": [], "start_line": 217}, "migrate_helper_override": {"executed_lines": [228, 231, 232, 233, 236, 237], "summary": {"covered_lines": 6, "num_statements": 6, "percent_covered": 100.0, "percent_covered_display": "100.0", "missing_lines": 0, "excluded_lines": 0, "percent_statements_covered": 100.0, "percent_statements_covered_display": "100.0"}, "missing_lines": [], "excluded_lines": [], "start_line": 224}, "empty_override": {"executed_lines": [245], "summary": {"covered_lines": 1, "num_statements": 1, "percent_covered": 100.0, "percent_covered_display": "100.0", "missing_lines": 0, "excluded_lines": 0, "percent_statements_covered": 100.0, "percent_statements_covered_display": "100.0"}, "missing_lines": [], "excluded_lines": [], "start_line": 244}, "config_from_mapping": {"executed_lines": [249], "summary": {"covered_lines": 1, "num_statements": 1, "percent_covered": 100.0, "percent_covered_display": "100.0", "missing_lines": 0, "excluded_lines": 0, "percent_statements_covered": 100.0, "percent_statements_covered_display": "100.0"}, "missing_lines": [], "excluded_lines": [], "start_line": 248}, "apply_setback": {"executed_lines": [262, 270, 271], "summary": {"covered_lines": 3, "num_statements": 12, "percent_covered": 25.0, "percent_covered_display": "25.0", "missing_lines": 9, "excluded_lines": 0, "percent_statements_covered": 25.0, "percent_statements_covered_display": "25.0"}, "missing_lines": [272, 273, 274, 275, 276, 277, 278, 279, 282], "excluded_lines": [], "start_line": 260}, "restore_setback": {"executed_lines": [286, 287, 288, 289, 290, 291], "summary": {"covered_lines": 6, "num_statements": 6, "percent_covered": 100.0, "percent_covered_display": "100.0", "missing_lines": 0, "excluded_lines": 0, "percent_statements_covered": 100.0, "percent_statements_covered_display": "100.0"}, "missing_lines": [], "excluded_lines": [], "start_line": 285}, "_away_store": {"executed_lines": [295], "summary": {"covered_lines": 1, "num_statements": 1, "percent_covered": 100.0, "percent_covered_display": "100.0", "missing_lines": 0, "excluded_lines": 0, "percent_statements_covered": 100.0, "percent_statements_covered_display": "100.0"}, "missing_lines": [], "excluded_lines": [], "start_line": 294}, "_override_payload": {"executed_lines": [303], "summary": {"covered_lines": 1, "num_statements": 1, "percent_covered": 100.0, "percent_covered_display": "100.0", "missing_lines": 0, "excluded_lines": 0, "percent_statements_covered": 100.0, "percent_statements_covered_display": "100.0"}, "missing_lines": [], "excluded_lines": [], "start_line": 302}, "apply_override_payload": {"executed_lines": [311, 312, 313, 314], "summary": {"covered_lines": 4, "num_statements": 4, "percent_covered": 100.0, "percent_covered_display": "100.0", "missing_lines": 0, "excluded_lines": 0, "percent_statements_covered": 100.0, "percent_statements_covered_display": "100.0"}, "missing_lines": [], "excluded_lines": [], "start_line": 310}, "persist_override": {"executed_lines": [318, 319], "summary": {"covered_lines": 2, "num_statements": 4, "percent_covered": 50.0, "percent_covered_display": "50.0", "missing_lines": 2, "excluded_lines": 0, "percent_statements_covered": 50.0, "percent_statements_covered_display": "50.0"}, "missing_lines": [320, 321], "excluded_lines": [], "start_line": 317}, "restore_override": {"executed_lines": [325, 326, 330, 331, 332, 333, 334, 335, 336, 337, 338, 339, 340, 341], "summary": {"covered_lines": 14, "num_statements": 17, "percent_covered": 82.3529411764706, "percent_covered_display": "82.4", "missing_lines": 3, "excluded_lines": 0, "percent_statements_covered": 82.3529411764706, "percent_statements_covered_display": "82.4"}, "missing_lines": [327, 328, 329], "excluded_lines": [], "start_line": 324}, "_migrate_helpers": {"executed_lines": [345, 346, 347, 348, 351, 352, 353, 354, 355, 356, 360, 363, 367], "summary": {"covered_lines": 13, "num_statements": 21, "percent_covered": 61.904761904761905, "percent_covered_display": "61.9", "missing_lines": 8, "excluded_lines": 0, "percent_statements_covered": 61.904761904761905, "percent_statements_covered_display": "61.9"}, "missing_lines": [357, 358, 359, 361, 362, 364, 365, 366], "excluded_lines": [], "start_line": 344}, "_as_num": {"executed_lines": [371, 372, 373, 374], "summary": {"covered_lines": 4, "num_statements": 4, "percent_covered": 100.0, "percent_covered_display": "100.0", "missing_lines": 0, "excluded_lines": 0, "percent_statements_covered": 100.0, "percent_statements_covered_display": "100.0"}, "missing_lines": [], "excluded_lines": [], "start_line": 370}, "_apply_return": {"executed_lines": [386, 387, 388, 390, 391, 392, 393, 399, 400, 401, 402], "summary": {"covered_lines": 11, "num_statements": 12, "percent_covered": 91.66666666666667, "percent_covered_display": "91.7", "missing_lines": 1, "excluded_lines": 0, "percent_statements_covered": 91.66666666666667, "percent_statements_covered_display": "91.7"}, "missing_lines": [389], "excluded_lines": [], "start_line": 377}, "resolve": {"executed_lines": [420, 426, 427, 428, 429, 430, 431, 435, 437, 440, 441, 443, 444, 445, 446, 448, 449, 452, 453, 454, 455, 456, 457, 458, 459, 460, 463], "summary": {"covered_lines": 27, "num_statements": 27, "percent_covered": 100.0, "percent_covered_display": "100.0", "missing_lines": 0, "excluded_lines": 0, "percent_statements_covered": 100.0, "percent_statements_covered_display": "100.0"}, "missing_lines": [], "excluded_lines": [], "start_line": 405}, "_parse_return_time": {"executed_lines": [467, 468, 469, 470, 472, 473], "summary": {"covered_lines": 6, "num_statements": 9, "percent_covered": 66.66666666666667, "percent_covered_display": "66.7", "missing_lines": 3, "excluded_lines": 0, "percent_statements_covered": 66.66666666666667, "percent_statements_covered_display": "66.7"}, "missing_lines": [471, 474, 475], "excluded_lines": [], "start_line": 466}, "": {"executed_lines": [21, 23, 24, 25, 26, 28, 30, 42, 43, 44, 49, 52, 55, 56, 61, 63, 64, 69, 72, 73, 76, 77, 78, 79, 81, 82, 83, 84, 85, 86, 87, 89, 117, 118, 123, 126, 182, 217, 224, 244, 248, 260, 285, 294, 302, 310, 317, 324, 344, 370, 377, 405, 466], "summary": {"covered_lines": 53, "num_statements": 53, "percent_covered": 100.0, "percent_covered_display": "100.0", "missing_lines": 0, "excluded_lines": 0, "percent_statements_covered": 100.0, "percent_statements_covered_display": "100.0"}, "missing_lines": [], "excluded_lines": [], "start_line": 1}}, "classes": {"AwayConfig": {"executed_lines": [], "summary": {"covered_lines": 0, "num_statements": 0, "percent_covered": 100.0, "percent_covered_display": "100.0", "missing_lines": 0, "excluded_lines": 0, "percent_statements_covered": 100.0, "percent_statements_covered_display": "100.0"}, "missing_lines": [], "excluded_lines": [], "start_line": 56}, "AwayState": {"executed_lines": [90], "summary": {"covered_lines": 1, "num_statements": 1, "percent_covered": 100.0, "percent_covered_display": "100.0", "missing_lines": 0, "excluded_lines": 0, "percent_statements_covered": 100.0, "percent_statements_covered_display": "100.0"}, "missing_lines": [], "excluded_lines": [], "start_line": 73}, "": {"executed_lines": [21, 23, 24, 25, 26, 28, 30, 42, 43, 44, 49, 52, 55, 56, 61, 63, 64, 69, 72, 73, 76, 77, 78, 79, 81, 82, 83, 84, 85, 86, 87, 89, 117, 118, 123, 126, 139, 140, 141, 142, 143, 145, 147, 148, 149, 150, 151, 153, 155, 157, 159, 160, 161, 163, 164, 165, 166, 169, 171, 172, 173, 175, 176, 182, 203, 204, 205, 206, 207, 208, 209, 210, 211, 214, 217, 219, 220, 221, 224, 228, 231, 232, 233, 236, 237, 244, 245, 248, 249, 260, 262, 270, 271, 285, 286, 287, 288, 289, 290, 291, 294, 295, 302, 303, 310, 311, 312, 313, 314, 317, 318, 319, 324, 325, 326, 330, 331, 332, 333, 334, 335, 336, 337, 338, 339, 340, 341, 344, 345, 346, 347, 348, 351, 352, 353, 354, 355, 356, 360, 363, 367, 370, 371, 372, 373, 374, 377, 386, 387, 388, 390, 391, 392, 393, 399, 400, 401, 402, 405, 420, 426, 427, 428, 429, 430, 431, 435, 437, 440, 441, 443, 444, 445, 446, 448, 449, 452, 453, 454, 455, 456, 457, 458, 459, 460, 463, 466, 467, 468, 469, 470, 472, 473], "summary": {"covered_lines": 193, "num_statements": 223, "percent_covered": 86.54708520179372, "percent_covered_display": "86.5", "missing_lines": 30, "excluded_lines": 0, "percent_statements_covered": 86.54708520179372, "percent_statements_covered_display": "86.5"}, "missing_lines": [167, 177, 178, 179, 272, 273, 274, 275, 276, 277, 278, 279, 282, 320, 321, 327, 328, 329, 357, 358, 359, 361, 362, 364, 365, 366, 389, 471, 474, 475], "excluded_lines": [], "start_line": 1}}}, "custom_components/heatpump_optimizer/battery.py": {"executed_lines": [27, 29, 30, 31, 33, 35, 38, 39, 42, 44, 45, 46, 47, 49, 50, 52, 53, 55, 56, 58, 59, 61, 62, 64, 65, 67, 68, 70, 72, 73, 74, 78, 79, 89, 90, 93, 95, 97, 99, 100, 101, 103, 104, 105, 107, 108, 109, 110, 112, 114, 115, 117, 119, 120, 128, 130, 131, 133, 134, 136, 138, 145, 146, 148, 149, 151, 152, 153, 176, 186, 203, 204, 205, 206, 207, 208, 209, 210, 211, 212, 213, 216, 234, 243, 244, 245, 256, 268, 280, 320, 321, 333, 334, 354, 373], "summary": {"covered_lines": 95, "num_statements": 100, "percent_covered": 95.0, "percent_covered_display": "95.0", "missing_lines": 5, "excluded_lines": 0, "percent_statements_covered": 95.0, "percent_statements_covered_display": "95.0"}, "missing_lines": [69, 111, 135, 147, 361], "excluded_lines": [], "functions": {"StorageComponent.usable_capacity_kwh": {"executed_lines": [55, 56], "summary": {"covered_lines": 2, "num_statements": 2, "percent_covered": 100.0, "percent_covered_display": "100.0", "missing_lines": 0, "excluded_lines": 0, "percent_statements_covered": 100.0, "percent_statements_covered_display": "100.0"}, "missing_lines": [], "excluded_lines": [], "start_line": 53}, "StorageComponent.stored_kwh": {"executed_lines": [61, 62], "summary": {"covered_lines": 2, "num_statements": 2, "percent_covered": 100.0, "percent_covered_display": "100.0", "missing_lines": 0, "excluded_lines": 0, "percent_statements_covered": 100.0, "percent_statements_covered_display": "100.0"}, "missing_lines": [], "excluded_lines": [], "start_line": 59}, "StorageComponent.soc": {"executed_lines": [67, 68, 70], "summary": {"covered_lines": 3, "num_statements": 4, "percent_covered": 75.0, "percent_covered_display": "75.0", "missing_lines": 1, "excluded_lines": 0, "percent_statements_covered": 75.0, "percent_statements_covered_display": "75.0"}, "missing_lines": [69], "excluded_lines": [], "start_line": 65}, "StorageComponent.standing_loss_kw": {"executed_lines": [74], "summary": {"covered_lines": 1, "num_statements": 1, "percent_covered": 100.0, "percent_covered_display": "100.0", "missing_lines": 0, "excluded_lines": 0, "percent_statements_covered": 100.0, "percent_statements_covered_display": "100.0"}, "missing_lines": [], "excluded_lines": [], "start_line": 73}, "StorageComponent.as_dict": {"executed_lines": [79], "summary": {"covered_lines": 1, "num_statements": 1, "percent_covered": 100.0, "percent_covered_display": "100.0", "missing_lines": 0, "excluded_lines": 0, "percent_statements_covered": 100.0, "percent_statements_covered_display": "100.0"}, "missing_lines": [], "excluded_lines": [], "start_line": 78}, "VirtualBattery.stored_kwh": {"executed_lines": [101], "summary": {"covered_lines": 1, "num_statements": 1, "percent_covered": 100.0, "percent_covered_display": "100.0", "missing_lines": 0, "excluded_lines": 0, "percent_statements_covered": 100.0, "percent_statements_covered_display": "100.0"}, "missing_lines": [], "excluded_lines": [], "start_line": 100}, "VirtualBattery.usable_capacity_kwh": {"executed_lines": [105], "summary": {"covered_lines": 1, "num_statements": 1, "percent_covered": 100.0, "percent_covered_display": "100.0", "missing_lines": 0, "excluded_lines": 0, "percent_statements_covered": 100.0, "percent_statements_covered_display": "100.0"}, "missing_lines": [], "excluded_lines": [], "start_line": 104}, "VirtualBattery.soc": {"executed_lines": [109, 110, 112], "summary": {"covered_lines": 3, "num_statements": 4, "percent_covered": 75.0, "percent_covered_display": "75.0", "missing_lines": 1, "excluded_lines": 0, "percent_statements_covered": 75.0, "percent_statements_covered_display": "75.0"}, "missing_lines": [111], "excluded_lines": [], "start_line": 108}, "VirtualBattery.charge_rate_kw": {"executed_lines": [117], "summary": {"covered_lines": 1, "num_statements": 1, "percent_covered": 100.0, "percent_covered_display": "100.0", "missing_lines": 0, "excluded_lines": 0, "percent_statements_covered": 100.0, "percent_statements_covered_display": "100.0"}, "missing_lines": [], "excluded_lines": [], "start_line": 115}, "VirtualBattery.discharge_rate_kw": {"executed_lines": [128], "summary": {"covered_lines": 1, "num_statements": 1, "percent_covered": 100.0, "percent_covered_display": "100.0", "missing_lines": 0, "excluded_lines": 0, "percent_statements_covered": 100.0, "percent_statements_covered_display": "100.0"}, "missing_lines": [], "excluded_lines": [], "start_line": 120}, "VirtualBattery.hours_of_autonomy": {"executed_lines": [133, 134, 136], "summary": {"covered_lines": 3, "num_statements": 4, "percent_covered": 75.0, "percent_covered_display": "75.0", "missing_lines": 1, "excluded_lines": 0, "percent_statements_covered": 75.0, "percent_statements_covered_display": "75.0"}, "missing_lines": [135], "excluded_lines": [], "start_line": 131}, "VirtualBattery.round_trip_efficiency": {"executed_lines": [145, 146, 148, 149], "summary": {"covered_lines": 4, "num_statements": 5, "percent_covered": 80.0, "percent_covered_display": "80.0", "missing_lines": 1, "excluded_lines": 0, "percent_statements_covered": 80.0, "percent_statements_covered_display": "80.0"}, "missing_lines": [147], "excluded_lines": [], "start_line": 138}, "VirtualBattery.as_dict": {"executed_lines": [152, 153], "summary": {"covered_lines": 2, "num_statements": 2, "percent_covered": 100.0, "percent_covered_display": "100.0", "missing_lines": 0, "excluded_lines": 0, "percent_statements_covered": 100.0, "percent_statements_covered_display": "100.0"}, "missing_lines": [], "excluded_lines": [], "start_line": 151}, "label_measured": {"executed_lines": [203, 204, 205, 206, 207, 208, 209, 210, 211, 212, 213], "summary": {"covered_lines": 11, "num_statements": 11, "percent_covered": 100.0, "percent_covered_display": "100.0", "missing_lines": 0, "excluded_lines": 0, "percent_statements_covered": 100.0, "percent_statements_covered_display": "100.0"}, "missing_lines": [], "excluded_lines": [], "start_line": 186}, "build": {"executed_lines": [234, 243, 244, 245, 256, 268, 280, 320, 321, 333, 334, 354, 373], "summary": {"covered_lines": 13, "num_statements": 14, "percent_covered": 92.85714285714286, "percent_covered_display": "92.9", "missing_lines": 1, "excluded_lines": 0, "percent_statements_covered": 92.85714285714286, "percent_statements_covered_display": "92.9"}, "missing_lines": [361], "excluded_lines": [], "start_line": 216}, "": {"executed_lines": [27, 29, 30, 31, 33, 35, 38, 39, 42, 44, 45, 46, 47, 49, 50, 52, 53, 58, 59, 64, 65, 72, 73, 78, 89, 90, 93, 95, 97, 99, 100, 103, 104, 107, 108, 114, 115, 119, 120, 130, 131, 138, 151, 176, 186, 216], "summary": {"covered_lines": 46, "num_statements": 46, "percent_covered": 100.0, "percent_covered_display": "100.0", "missing_lines": 0, "excluded_lines": 0, "percent_statements_covered": 100.0, "percent_statements_covered_display": "100.0"}, "missing_lines": [], "excluded_lines": [], "start_line": 1}}, "classes": {"StorageComponent": {"executed_lines": [55, 56, 61, 62, 67, 68, 70, 74, 79], "summary": {"covered_lines": 9, "num_statements": 10, "percent_covered": 90.0, "percent_covered_display": "90.0", "missing_lines": 1, "excluded_lines": 0, "percent_statements_covered": 90.0, "percent_statements_covered_display": "90.0"}, "missing_lines": [69], "excluded_lines": [], "start_line": 39}, "VirtualBattery": {"executed_lines": [101, 105, 109, 110, 112, 117, 128, 133, 134, 136, 145, 146, 148, 149, 152, 153], "summary": {"covered_lines": 16, "num_statements": 19, "percent_covered": 84.21052631578948, "percent_covered_display": "84.2", "missing_lines": 3, "excluded_lines": 0, "percent_statements_covered": 84.21052631578948, "percent_statements_covered_display": "84.2"}, "missing_lines": [111, 135, 147], "excluded_lines": [], "start_line": 90}, "": {"executed_lines": [27, 29, 30, 31, 33, 35, 38, 39, 42, 44, 45, 46, 47, 49, 50, 52, 53, 58, 59, 64, 65, 72, 73, 78, 89, 90, 93, 95, 97, 99, 100, 103, 104, 107, 108, 114, 115, 119, 120, 130, 131, 138, 151, 176, 186, 203, 204, 205, 206, 207, 208, 209, 210, 211, 212, 213, 216, 234, 243, 244, 245, 256, 268, 280, 320, 321, 333, 334, 354, 373], "summary": {"covered_lines": 70, "num_statements": 71, "percent_covered": 98.59154929577464, "percent_covered_display": "98.6", "missing_lines": 1, "excluded_lines": 0, "percent_statements_covered": 98.59154929577464, "percent_statements_covered_display": "98.6"}, "missing_lines": [361], "excluded_lines": [], "start_line": 1}}}, "custom_components/heatpump_optimizer/binary_sensor.py": {"executed_lines": [12, 14, 15, 17, 21, 22, 23, 24, 26, 27, 29, 34, 37, 43, 44, 55, 58, 65, 66, 67, 68, 69, 72, 74, 75, 78, 86, 87, 88, 89, 91, 92, 93, 94, 96, 97, 98, 99, 109, 120, 121, 123, 124, 128, 129, 130, 132, 133, 134, 139, 147, 148, 149, 151, 152, 153, 155, 156, 157, 158, 172, 179, 180, 182, 183, 184, 186, 187, 188, 189, 199, 200, 201, 203, 204, 205, 206, 208, 209, 210, 211, 213, 214, 215, 216], "summary": {"covered_lines": 85, "num_statements": 85, "percent_covered": 100.0, "percent_covered_display": "100.0", "missing_lines": 0, "excluded_lines": 0, "percent_statements_covered": 100.0, "percent_statements_covered_display": "100.0"}, "missing_lines": [], "excluded_lines": [], "functions": {"async_setup_entry": {"executed_lines": [43, 44], "summary": {"covered_lines": 2, "num_statements": 2, "percent_covered": 100.0, "percent_covered_display": "100.0", "missing_lines": 0, "excluded_lines": 0, "percent_statements_covered": 100.0, "percent_statements_covered_display": "100.0"}, "missing_lines": [], "excluded_lines": [], "start_line": 37}, "_OptimizerBinarySensorBase.__init__": {"executed_lines": [65, 66, 67, 68, 69, 72], "summary": {"covered_lines": 6, "num_statements": 6, "percent_covered": 100.0, "percent_covered_display": "100.0", "missing_lines": 0, "excluded_lines": 0, "percent_statements_covered": 100.0, "percent_statements_covered_display": "100.0"}, "missing_lines": [], "excluded_lines": [], "start_line": 58}, "_OptimizerBinarySensorBase._data": {"executed_lines": [75], "summary": {"covered_lines": 1, "num_statements": 1, "percent_covered": 100.0, "percent_covered_display": "100.0", "missing_lines": 0, "excluded_lines": 0, "percent_statements_covered": 100.0, "percent_statements_covered_display": "100.0"}, "missing_lines": [], "excluded_lines": [], "start_line": 74}, "InputHealthBinarySensor.__init__": {"executed_lines": [89], "summary": {"covered_lines": 1, "num_statements": 1, "percent_covered": 100.0, "percent_covered_display": "100.0", "missing_lines": 0, "excluded_lines": 0, "percent_statements_covered": 100.0, "percent_statements_covered_display": "100.0"}, "missing_lines": [], "excluded_lines": [], "start_line": 88}, "InputHealthBinarySensor.is_on": {"executed_lines": [93, 94], "summary": {"covered_lines": 2, "num_statements": 2, "percent_covered": 100.0, "percent_covered_display": "100.0", "missing_lines": 0, "excluded_lines": 0, "percent_statements_covered": 100.0, "percent_statements_covered_display": "100.0"}, "missing_lines": [], "excluded_lines": [], "start_line": 92}, "InputHealthBinarySensor.extra_state_attributes": {"executed_lines": [98, 99], "summary": {"covered_lines": 2, "num_statements": 2, "percent_covered": 100.0, "percent_covered_display": "100.0", "missing_lines": 0, "excluded_lines": 0, "percent_statements_covered": 100.0, "percent_statements_covered_display": "100.0"}, "missing_lines": [], "excluded_lines": [], "start_line": 97}, "VentilationBinarySensor.__init__": {"executed_lines": [124], "summary": {"covered_lines": 1, "num_statements": 1, "percent_covered": 100.0, "percent_covered_display": "100.0", "missing_lines": 0, "excluded_lines": 0, "percent_statements_covered": 100.0, "percent_statements_covered_display": "100.0"}, "missing_lines": [], "excluded_lines": [], "start_line": 123}, "VentilationBinarySensor.is_on": {"executed_lines": [130], "summary": {"covered_lines": 1, "num_statements": 1, "percent_covered": 100.0, "percent_covered_display": "100.0", "missing_lines": 0, "excluded_lines": 0, "percent_statements_covered": 100.0, "percent_statements_covered_display": "100.0"}, "missing_lines": [], "excluded_lines": [], "start_line": 129}, "VentilationBinarySensor.extra_state_attributes": {"executed_lines": [134], "summary": {"covered_lines": 1, "num_statements": 1, "percent_covered": 100.0, "percent_covered_display": "100.0", "missing_lines": 0, "excluded_lines": 0, "percent_statements_covered": 100.0, "percent_statements_covered_display": "100.0"}, "missing_lines": [], "excluded_lines": [], "start_line": 133}, "ExternalHeatBinarySensor.__init__": {"executed_lines": [149], "summary": {"covered_lines": 1, "num_statements": 1, "percent_covered": 100.0, "percent_covered_display": "100.0", "missing_lines": 0, "excluded_lines": 0, "percent_statements_covered": 100.0, "percent_statements_covered_display": "100.0"}, "missing_lines": [], "excluded_lines": [], "start_line": 148}, "ExternalHeatBinarySensor.is_on": {"executed_lines": [153], "summary": {"covered_lines": 1, "num_statements": 1, "percent_covered": 100.0, "percent_covered_display": "100.0", "missing_lines": 0, "excluded_lines": 0, "percent_statements_covered": 100.0, "percent_statements_covered_display": "100.0"}, "missing_lines": [], "excluded_lines": [], "start_line": 152}, "ExternalHeatBinarySensor.extra_state_attributes": {"executed_lines": [157, 158], "summary": {"covered_lines": 2, "num_statements": 2, "percent_covered": 100.0, "percent_covered_display": "100.0", "missing_lines": 0, "excluded_lines": 0, "percent_statements_covered": 100.0, "percent_statements_covered_display": "100.0"}, "missing_lines": [], "excluded_lines": [], "start_line": 156}, "AwayModeBinarySensor.__init__": {"executed_lines": [180], "summary": {"covered_lines": 1, "num_statements": 1, "percent_covered": 100.0, "percent_covered_display": "100.0", "missing_lines": 0, "excluded_lines": 0, "percent_statements_covered": 100.0, "percent_statements_covered_display": "100.0"}, "missing_lines": [], "excluded_lines": [], "start_line": 179}, "AwayModeBinarySensor.is_on": {"executed_lines": [184], "summary": {"covered_lines": 1, "num_statements": 1, "percent_covered": 100.0, "percent_covered_display": "100.0", "missing_lines": 0, "excluded_lines": 0, "percent_statements_covered": 100.0, "percent_statements_covered_display": "100.0"}, "missing_lines": [], "excluded_lines": [], "start_line": 183}, "AwayModeBinarySensor.extra_state_attributes": {"executed_lines": [188, 189], "summary": {"covered_lines": 2, "num_statements": 2, "percent_covered": 100.0, "percent_covered_display": "100.0", "missing_lines": 0, "excluded_lines": 0, "percent_statements_covered": 100.0, "percent_statements_covered_display": "100.0"}, "missing_lines": [], "excluded_lines": [], "start_line": 187}, "WoodCheaperBinarySensor.__init__": {"executed_lines": [201], "summary": {"covered_lines": 1, "num_statements": 1, "percent_covered": 100.0, "percent_covered_display": "100.0", "missing_lines": 0, "excluded_lines": 0, "percent_statements_covered": 100.0, "percent_statements_covered_display": "100.0"}, "missing_lines": [], "excluded_lines": [], "start_line": 200}, "WoodCheaperBinarySensor.available": {"executed_lines": [205, 206], "summary": {"covered_lines": 2, "num_statements": 2, "percent_covered": 100.0, "percent_covered_display": "100.0", "missing_lines": 0, "excluded_lines": 0, "percent_statements_covered": 100.0, "percent_statements_covered_display": "100.0"}, "missing_lines": [], "excluded_lines": [], "start_line": 204}, "WoodCheaperBinarySensor.is_on": {"executed_lines": [210, 211], "summary": {"covered_lines": 2, "num_statements": 2, "percent_covered": 100.0, "percent_covered_display": "100.0", "missing_lines": 0, "excluded_lines": 0, "percent_statements_covered": 100.0, "percent_statements_covered_display": "100.0"}, "missing_lines": [], "excluded_lines": [], "start_line": 209}, "WoodCheaperBinarySensor.extra_state_attributes": {"executed_lines": [215, 216], "summary": {"covered_lines": 2, "num_statements": 2, "percent_covered": 100.0, "percent_covered_display": "100.0", "missing_lines": 0, "excluded_lines": 0, "percent_statements_covered": 100.0, "percent_statements_covered_display": "100.0"}, "missing_lines": [], "excluded_lines": [], "start_line": 214}, "": {"executed_lines": [12, 14, 15, 17, 21, 22, 23, 24, 26, 27, 29, 34, 37, 55, 58, 74, 78, 86, 87, 88, 91, 92, 96, 97, 109, 120, 121, 123, 128, 129, 132, 133, 139, 147, 148, 151, 152, 155, 156, 172, 179, 182, 183, 186, 187, 199, 200, 203, 204, 208, 209, 213, 214], "summary": {"covered_lines": 53, "num_statements": 53, "percent_covered": 100.0, "percent_covered_display": "100.0", "missing_lines": 0, "excluded_lines": 0, "percent_statements_covered": 100.0, "percent_statements_covered_display": "100.0"}, "missing_lines": [], "excluded_lines": [], "start_line": 1}}, "classes": {"_OptimizerBinarySensorBase": {"executed_lines": [65, 66, 67, 68, 69, 72, 75], "summary": {"covered_lines": 7, "num_statements": 7, "percent_covered": 100.0, "percent_covered_display": "100.0", "missing_lines": 0, "excluded_lines": 0, "percent_statements_covered": 100.0, "percent_statements_covered_display": "100.0"}, "missing_lines": [], "excluded_lines": [], "start_line": 55}, "InputHealthBinarySensor": {"executed_lines": [89, 93, 94, 98, 99], "summary": {"covered_lines": 5, "num_statements": 5, "percent_covered": 100.0, "percent_covered_display": "100.0", "missing_lines": 0, "excluded_lines": 0, "percent_statements_covered": 100.0, "percent_statements_covered_display": "100.0"}, "missing_lines": [], "excluded_lines": [], "start_line": 78}, "VentilationBinarySensor": {"executed_lines": [124, 130, 134], "summary": {"covered_lines": 3, "num_statements": 3, "percent_covered": 100.0, "percent_covered_display": "100.0", "missing_lines": 0, "excluded_lines": 0, "percent_statements_covered": 100.0, "percent_statements_covered_display": "100.0"}, "missing_lines": [], "excluded_lines": [], "start_line": 109}, "ExternalHeatBinarySensor": {"executed_lines": [149, 153, 157, 158], "summary": {"covered_lines": 4, "num_statements": 4, "percent_covered": 100.0, "percent_covered_display": "100.0", "missing_lines": 0, "excluded_lines": 0, "percent_statements_covered": 100.0, "percent_statements_covered_display": "100.0"}, "missing_lines": [], "excluded_lines": [], "start_line": 139}, "AwayModeBinarySensor": {"executed_lines": [180, 184, 188, 189], "summary": {"covered_lines": 4, "num_statements": 4, "percent_covered": 100.0, "percent_covered_display": "100.0", "missing_lines": 0, "excluded_lines": 0, "percent_statements_covered": 100.0, "percent_statements_covered_display": "100.0"}, "missing_lines": [], "excluded_lines": [], "start_line": 172}, "WoodCheaperBinarySensor": {"executed_lines": [201, 205, 206, 210, 211, 215, 216], "summary": {"covered_lines": 7, "num_statements": 7, "percent_covered": 100.0, "percent_covered_display": "100.0", "missing_lines": 0, "excluded_lines": 0, "percent_statements_covered": 100.0, "percent_statements_covered_display": "100.0"}, "missing_lines": [], "excluded_lines": [], "start_line": 199}, "": {"executed_lines": [12, 14, 15, 17, 21, 22, 23, 24, 26, 27, 29, 34, 37, 43, 44, 55, 58, 74, 78, 86, 87, 88, 91, 92, 96, 97, 109, 120, 121, 123, 128, 129, 132, 133, 139, 147, 148, 151, 152, 155, 156, 172, 179, 182, 183, 186, 187, 199, 200, 203, 204, 208, 209, 213, 214], "summary": {"covered_lines": 55, "num_statements": 55, "percent_covered": 100.0, "percent_covered_display": "100.0", "missing_lines": 0, "excluded_lines": 0, "percent_statements_covered": 100.0, "percent_statements_covered_display": "100.0"}, "missing_lines": [], "excluded_lines": [], "start_line": 1}}}, "custom_components/heatpump_optimizer/button.py": {"executed_lines": [12, 14, 16, 17, 18, 19, 21, 22, 24, 29, 32, 38, 39, 49, 52, 59, 60, 61, 62, 63, 66, 69, 72, 73, 75, 76, 78, 80, 82, 83, 86, 95, 97, 98, 102, 103, 104, 108, 112, 119, 120, 124, 125, 128, 140, 142, 143, 147], "summary": {"covered_lines": 48, "num_statements": 50, "percent_covered": 96.0, "percent_covered_display": "96.0", "missing_lines": 2, "excluded_lines": 0, "percent_statements_covered": 96.0, "percent_statements_covered_display": "96.0"}, "missing_lines": [109, 148], "excluded_lines": [], "functions": {"async_setup_entry": {"executed_lines": [38, 39], "summary": {"covered_lines": 2, "num_statements": 2, "percent_covered": 100.0, "percent_covered_display": "100.0", "missing_lines": 0, "excluded_lines": 0, "percent_statements_covered": 100.0, "percent_statements_covered_display": "100.0"}, "missing_lines": [], "excluded_lines": [], "start_line": 32}, "_OptimizerButtonBase.__init__": {"executed_lines": [59, 60, 61, 62, 63, 66], "summary": {"covered_lines": 6, "num_statements": 6, "percent_covered": 100.0, "percent_covered_display": "100.0", "missing_lines": 0, "excluded_lines": 0, "percent_statements_covered": 100.0, "percent_statements_covered_display": "100.0"}, "missing_lines": [], "excluded_lines": [], "start_line": 52}, "ForceOptimizationButton.__init__": {"executed_lines": [73], "summary": {"covered_lines": 1, "num_statements": 1, "percent_covered": 100.0, "percent_covered_display": "100.0", "missing_lines": 0, "excluded_lines": 0, "percent_statements_covered": 100.0, "percent_statements_covered_display": "100.0"}, "missing_lines": [], "excluded_lines": [], "start_line": 72}, "ForceOptimizationButton.available": {"executed_lines": [78], "summary": {"covered_lines": 1, "num_statements": 1, "percent_covered": 100.0, "percent_covered_display": "100.0", "missing_lines": 0, "excluded_lines": 0, "percent_statements_covered": 100.0, "percent_statements_covered_display": "100.0"}, "missing_lines": [], "excluded_lines": [], "start_line": 76}, "ForceOptimizationButton.async_press": {"executed_lines": [82, 83], "summary": {"covered_lines": 2, "num_statements": 2, "percent_covered": 100.0, "percent_covered_display": "100.0", "missing_lines": 0, "excluded_lines": 0, "percent_statements_covered": 100.0, "percent_statements_covered_display": "100.0"}, "missing_lines": [], "excluded_lines": [], "start_line": 80}, "SystemIdentificationButton.__init__": {"executed_lines": [98], "summary": {"covered_lines": 1, "num_statements": 1, "percent_covered": 100.0, "percent_covered_display": "100.0", "missing_lines": 0, "excluded_lines": 0, "percent_statements_covered": 100.0, "percent_statements_covered_display": "100.0"}, "missing_lines": [], "excluded_lines": [], "start_line": 97}, "SystemIdentificationButton.available": {"executed_lines": [104], "summary": {"covered_lines": 1, "num_statements": 1, "percent_covered": 100.0, "percent_covered_display": "100.0", "missing_lines": 0, "excluded_lines": 0, "percent_statements_covered": 100.0, "percent_statements_covered_display": "100.0"}, "missing_lines": [], "excluded_lines": [], "start_line": 103}, "SystemIdentificationButton.async_press": {"executed_lines": [], "summary": {"covered_lines": 0, "num_statements": 1, "percent_covered": 0.0, "percent_covered_display": "0.0", "missing_lines": 1, "excluded_lines": 0, "percent_statements_covered": 0.0, "percent_statements_covered_display": "0.0"}, "missing_lines": [109], "excluded_lines": [], "start_line": 108}, "ResetComfortWeightButton.__init__": {"executed_lines": [120], "summary": {"covered_lines": 1, "num_statements": 1, "percent_covered": 100.0, "percent_covered_display": "100.0", "missing_lines": 0, "excluded_lines": 0, "percent_statements_covered": 100.0, "percent_statements_covered_display": "100.0"}, "missing_lines": [], "excluded_lines": [], "start_line": 119}, "ResetComfortWeightButton.async_press": {"executed_lines": [125], "summary": {"covered_lines": 1, "num_statements": 1, "percent_covered": 100.0, "percent_covered_display": "100.0", "missing_lines": 0, "excluded_lines": 0, "percent_statements_covered": 100.0, "percent_statements_covered_display": "100.0"}, "missing_lines": [], "excluded_lines": [], "start_line": 124}, "DiagnoseIntervalButton.__init__": {"executed_lines": [143], "summary": {"covered_lines": 1, "num_statements": 1, "percent_covered": 100.0, "percent_covered_display": "100.0", "missing_lines": 0, "excluded_lines": 0, "percent_statements_covered": 100.0, "percent_statements_covered_display": "100.0"}, "missing_lines": [], "excluded_lines": [], "start_line": 142}, "DiagnoseIntervalButton.async_press": {"executed_lines": [], "summary": {"covered_lines": 0, "num_statements": 1, "percent_covered": 0.0, "percent_covered_display": "0.0", "missing_lines": 1, "excluded_lines": 0, "percent_statements_covered": 0.0, "percent_statements_covered_display": "0.0"}, "missing_lines": [148], "excluded_lines": [], "start_line": 147}, "": {"executed_lines": [12, 14, 16, 17, 18, 19, 21, 22, 24, 29, 32, 49, 52, 69, 72, 75, 76, 80, 86, 95, 97, 102, 103, 108, 112, 119, 124, 128, 140, 142, 147], "summary": {"covered_lines": 31, "num_statements": 31, "percent_covered": 100.0, "percent_covered_display": "100.0", "missing_lines": 0, "excluded_lines": 0, "percent_statements_covered": 100.0, "percent_statements_covered_display": "100.0"}, "missing_lines": [], "excluded_lines": [], "start_line": 1}}, "classes": {"_OptimizerButtonBase": {"executed_lines": [59, 60, 61, 62, 63, 66], "summary": {"covered_lines": 6, "num_statements": 6, "percent_covered": 100.0, "percent_covered_display": "100.0", "missing_lines": 0, "excluded_lines": 0, "percent_statements_covered": 100.0, "percent_statements_covered_display": "100.0"}, "missing_lines": [], "excluded_lines": [], "start_line": 49}, "ForceOptimizationButton": {"executed_lines": [73, 78, 82, 83], "summary": {"covered_lines": 4, "num_statements": 4, "percent_covered": 100.0, "percent_covered_display": "100.0", "missing_lines": 0, "excluded_lines": 0, "percent_statements_covered": 100.0, "percent_statements_covered_display": "100.0"}, "missing_lines": [], "excluded_lines": [], "start_line": 69}, "SystemIdentificationButton": {"executed_lines": [98, 104], "summary": {"covered_lines": 2, "num_statements": 3, "percent_covered": 66.66666666666667, "percent_covered_display": "66.7", "missing_lines": 1, "excluded_lines": 0, "percent_statements_covered": 66.66666666666667, "percent_statements_covered_display": "66.7"}, "missing_lines": [109], "excluded_lines": [], "start_line": 86}, "ResetComfortWeightButton": {"executed_lines": [120, 125], "summary": {"covered_lines": 2, "num_statements": 2, "percent_covered": 100.0, "percent_covered_display": "100.0", "missing_lines": 0, "excluded_lines": 0, "percent_statements_covered": 100.0, "percent_statements_covered_display": "100.0"}, "missing_lines": [], "excluded_lines": [], "start_line": 112}, "DiagnoseIntervalButton": {"executed_lines": [143], "summary": {"covered_lines": 1, "num_statements": 2, "percent_covered": 50.0, "percent_covered_display": "50.0", "missing_lines": 1, "excluded_lines": 0, "percent_statements_covered": 50.0, "percent_statements_covered_display": "50.0"}, "missing_lines": [148], "excluded_lines": [], "start_line": 128}, "": {"executed_lines": [12, 14, 16, 17, 18, 19, 21, 22, 24, 29, 32, 38, 39, 49, 52, 69, 72, 75, 76, 80, 86, 95, 97, 102, 103, 108, 112, 119, 124, 128, 140, 142, 147], "summary": {"covered_lines": 33, "num_statements": 33, "percent_covered": 100.0, "percent_covered_display": "100.0", "missing_lines": 0, "excluded_lines": 0, "percent_statements_covered": 100.0, "percent_statements_covered_display": "100.0"}, "missing_lines": [], "excluded_lines": [], "start_line": 1}}}, "custom_components/heatpump_optimizer/climate.py": {"executed_lines": [10, 12, 13, 15, 21, 22, 23, 24, 26, 37, 38, 40, 46, 49, 58, 59, 60, 61, 64, 70, 71, 74, 80, 81, 82, 83, 89, 90, 91, 93, 99, 100, 101, 102, 105, 118, 119, 121, 122, 124, 125, 126, 128, 129, 137, 139, 140, 141, 142, 143, 144, 146, 147, 148, 149, 150, 151, 153, 154, 155, 156, 157, 158, 160, 161, 164, 165, 166, 167, 169, 185, 186, 187, 189, 190, 199, 200, 201, 202, 204, 205, 207, 208, 209, 210, 211, 212, 213, 214, 215, 218, 221, 222, 223, 224, 227, 230, 233, 236, 239, 242, 245, 248, 253, 254, 255, 256, 259, 260, 261, 262, 265, 270, 271, 272, 275, 278, 280, 282, 284, 285, 286, 287, 289, 290, 291, 292, 293, 294, 295, 296, 297, 298, 300, 301, 302, 303, 307, 317, 319, 320, 326, 327, 328, 330, 331, 332, 334, 335, 336], "summary": {"covered_lines": 150, "num_statements": 150, "percent_covered": 100.0, "percent_covered_display": "100.0", "missing_lines": 0, "excluded_lines": 0, "percent_statements_covered": 100.0, "percent_statements_covered_display": "100.0"}, "missing_lines": [], "excluded_lines": [], "functions": {"async_setup_entry": {"executed_lines": [70, 71], "summary": {"covered_lines": 2, "num_statements": 2, "percent_covered": 100.0, "percent_covered_display": "100.0", "missing_lines": 0, "excluded_lines": 0, "percent_statements_covered": 100.0, "percent_statements_covered_display": "100.0"}, "missing_lines": [], "excluded_lines": [], "start_line": 64}, "HeatPumpOptimizerClimate.__init__": {"executed_lines": [99, 100, 101, 102, 105, 118, 119], "summary": {"covered_lines": 7, "num_statements": 7, "percent_covered": 100.0, "percent_covered_display": "100.0", "missing_lines": 0, "excluded_lines": 0, "percent_statements_covered": 100.0, "percent_statements_covered_display": "100.0"}, "missing_lines": [], "excluded_lines": [], "start_line": 93}, "HeatPumpOptimizerClimate.current_temperature": {"executed_lines": [124, 125, 126], "summary": {"covered_lines": 3, "num_statements": 3, "percent_covered": 100.0, "percent_covered_display": "100.0", "missing_lines": 0, "excluded_lines": 0, "percent_statements_covered": 100.0, "percent_statements_covered_display": "100.0"}, "missing_lines": [], "excluded_lines": [], "start_line": 122}, "HeatPumpOptimizerClimate.target_temperature": {"executed_lines": [137], "summary": {"covered_lines": 1, "num_statements": 1, "percent_covered": 100.0, "percent_covered_display": "100.0", "missing_lines": 0, "excluded_lines": 0, "percent_statements_covered": 100.0, "percent_statements_covered_display": "100.0"}, "missing_lines": [], "excluded_lines": [], "start_line": 129}, "HeatPumpOptimizerClimate.hvac_mode": {"executed_lines": [141, 142, 143, 144], "summary": {"covered_lines": 4, "num_statements": 4, "percent_covered": 100.0, "percent_covered_display": "100.0", "missing_lines": 0, "excluded_lines": 0, "percent_statements_covered": 100.0, "percent_statements_covered_display": "100.0"}, "missing_lines": [], "excluded_lines": [], "start_line": 140}, "HeatPumpOptimizerClimate.hvac_action": {"executed_lines": [148, 149, 150, 151, 153, 154, 155, 156, 157, 158], "summary": {"covered_lines": 10, "num_statements": 10, "percent_covered": 100.0, "percent_covered_display": "100.0", "missing_lines": 0, "excluded_lines": 0, "percent_statements_covered": 100.0, "percent_statements_covered_display": "100.0"}, "missing_lines": [], "excluded_lines": [], "start_line": 147}, "HeatPumpOptimizerClimate.preset_mode": {"executed_lines": [164, 165, 166, 167], "summary": {"covered_lines": 4, "num_statements": 4, "percent_covered": 100.0, "percent_covered_display": "100.0", "missing_lines": 0, "excluded_lines": 0, "percent_statements_covered": 100.0, "percent_statements_covered_display": "100.0"}, "missing_lines": [], "excluded_lines": [], "start_line": 161}, "HeatPumpOptimizerClimate._measured": {"executed_lines": [185, 186, 187], "summary": {"covered_lines": 3, "num_statements": 3, "percent_covered": 100.0, "percent_covered_display": "100.0", "missing_lines": 0, "excluded_lines": 0, "percent_statements_covered": 100.0, "percent_statements_covered_display": "100.0"}, "missing_lines": [], "excluded_lines": [], "start_line": 169}, "HeatPumpOptimizerClimate._effective_outdoor": {"executed_lines": [199, 200, 201, 202], "summary": {"covered_lines": 4, "num_statements": 4, "percent_covered": 100.0, "percent_covered_display": "100.0", "missing_lines": 0, "excluded_lines": 0, "percent_statements_covered": 100.0, "percent_statements_covered_display": "100.0"}, "missing_lines": [], "excluded_lines": [], "start_line": 190}, "HeatPumpOptimizerClimate.extra_state_attributes": {"executed_lines": [207, 208, 209, 210, 211, 212, 213, 214, 215, 218, 221, 222, 223, 224, 227, 230, 233, 236, 239, 242, 245, 248, 253, 254, 255, 256, 259, 260, 261, 262, 265, 270, 271, 272, 275, 278, 280], "summary": {"covered_lines": 37, "num_statements": 37, "percent_covered": 100.0, "percent_covered_display": "100.0", "missing_lines": 0, "excluded_lines": 0, "percent_statements_covered": 100.0, "percent_statements_covered_display": "100.0"}, "missing_lines": [], "excluded_lines": [], "start_line": 205}, "HeatPumpOptimizerClimate._async_publish_displace_from_current_action": {"executed_lines": [284, 285, 286, 287], "summary": {"covered_lines": 4, "num_statements": 4, "percent_covered": 100.0, "percent_covered_display": "100.0", "missing_lines": 0, "excluded_lines": 0, "percent_statements_covered": 100.0, "percent_statements_covered_display": "100.0"}, "missing_lines": [], "excluded_lines": [], "start_line": 282}, "HeatPumpOptimizerClimate.async_set_hvac_mode": {"executed_lines": [290, 291, 292, 293, 294, 295, 296, 297, 298], "summary": {"covered_lines": 9, "num_statements": 9, "percent_covered": 100.0, "percent_covered_display": "100.0", "missing_lines": 0, "excluded_lines": 0, "percent_statements_covered": 100.0, "percent_statements_covered_display": "100.0"}, "missing_lines": [], "excluded_lines": [], "start_line": 289}, "HeatPumpOptimizerClimate.async_set_temperature": {"executed_lines": [301, 302, 303, 307, 317], "summary": {"covered_lines": 5, "num_statements": 5, "percent_covered": 100.0, "percent_covered_display": "100.0", "missing_lines": 0, "excluded_lines": 0, "percent_statements_covered": 100.0, "percent_statements_covered_display": "100.0"}, "missing_lines": [], "excluded_lines": [], "start_line": 300}, "HeatPumpOptimizerClimate.async_set_preset_mode": {"executed_lines": [320, 326, 327, 328], "summary": {"covered_lines": 4, "num_statements": 4, "percent_covered": 100.0, "percent_covered_display": "100.0", "missing_lines": 0, "excluded_lines": 0, "percent_statements_covered": 100.0, "percent_statements_covered_display": "100.0"}, "missing_lines": [], "excluded_lines": [], "start_line": 319}, "HeatPumpOptimizerClimate.async_turn_on": {"executed_lines": [331, 332], "summary": {"covered_lines": 2, "num_statements": 2, "percent_covered": 100.0, "percent_covered_display": "100.0", "missing_lines": 0, "excluded_lines": 0, "percent_statements_covered": 100.0, "percent_statements_covered_display": "100.0"}, "missing_lines": [], "excluded_lines": [], "start_line": 330}, "HeatPumpOptimizerClimate.async_turn_off": {"executed_lines": [335, 336], "summary": {"covered_lines": 2, "num_statements": 2, "percent_covered": 100.0, "percent_covered_display": "100.0", "missing_lines": 0, "excluded_lines": 0, "percent_statements_covered": 100.0, "percent_statements_covered_display": "100.0"}, "missing_lines": [], "excluded_lines": [], "start_line": 334}, "": {"executed_lines": [10, 12, 13, 15, 21, 22, 23, 24, 26, 37, 38, 40, 46, 49, 58, 59, 60, 61, 64, 74, 80, 81, 82, 83, 89, 90, 91, 93, 121, 122, 128, 129, 139, 140, 146, 147, 160, 161, 169, 189, 190, 204, 205, 282, 289, 300, 319, 330, 334], "summary": {"covered_lines": 49, "num_statements": 49, "percent_covered": 100.0, "percent_covered_display": "100.0", "missing_lines": 0, "excluded_lines": 0, "percent_statements_covered": 100.0, "percent_statements_covered_display": "100.0"}, "missing_lines": [], "excluded_lines": [], "start_line": 1}}, "classes": {"HeatPumpOptimizerClimate": {"executed_lines": [99, 100, 101, 102, 105, 118, 119, 124, 125, 126, 137, 141, 142, 143, 144, 148, 149, 150, 151, 153, 154, 155, 156, 157, 158, 164, 165, 166, 167, 185, 186, 187, 199, 200, 201, 202, 207, 208, 209, 210, 211, 212, 213, 214, 215, 218, 221, 222, 223, 224, 227, 230, 233, 236, 239, 242, 245, 248, 253, 254, 255, 256, 259, 260, 261, 262, 265, 270, 271, 272, 275, 278, 280, 284, 285, 286, 287, 290, 291, 292, 293, 294, 295, 296, 297, 298, 301, 302, 303, 307, 317, 320, 326, 327, 328, 331, 332, 335, 336], "summary": {"covered_lines": 99, "num_statements": 99, "percent_covered": 100.0, "percent_covered_display": "100.0", "missing_lines": 0, "excluded_lines": 0, "percent_statements_covered": 100.0, "percent_statements_covered_display": "100.0"}, "missing_lines": [], "excluded_lines": [], "start_line": 74}, "": {"executed_lines": [10, 12, 13, 15, 21, 22, 23, 24, 26, 37, 38, 40, 46, 49, 58, 59, 60, 61, 64, 70, 71, 74, 80, 81, 82, 83, 89, 90, 91, 93, 121, 122, 128, 129, 139, 140, 146, 147, 160, 161, 169, 189, 190, 204, 205, 282, 289, 300, 319, 330, 334], "summary": {"covered_lines": 51, "num_statements": 51, "percent_covered": 100.0, "percent_covered_display": "100.0", "missing_lines": 0, "excluded_lines": 0, "percent_statements_covered": 100.0, "percent_statements_covered_display": "100.0"}, "missing_lines": [], "excluded_lines": [], "start_line": 1}}}, "custom_components/heatpump_optimizer/comfort_band.py": {"executed_lines": [29, 31, 32, 34, 53, 54, 58, 60, 62, 65, 76, 79, 83, 85, 86, 88, 89, 90, 91, 92, 93, 94, 96, 97, 105, 106, 114, 115, 125, 126, 145, 146, 154, 155, 156, 164, 167, 169, 172, 174], "summary": {"covered_lines": 40, "num_statements": 40, "percent_covered": 100.0, "percent_covered_display": "100.0", "missing_lines": 0, "excluded_lines": 0, "percent_statements_covered": 100.0, "percent_statements_covered_display": "100.0"}, "missing_lines": [], "excluded_lines": [], "functions": {"effective": {"executed_lines": [76], "summary": {"covered_lines": 1, "num_statements": 1, "percent_covered": 100.0, "percent_covered_display": "100.0", "missing_lines": 0, "excluded_lines": 0, "percent_statements_covered": 100.0, "percent_statements_covered_display": "100.0"}, "missing_lines": [], "excluded_lines": [], "start_line": 65}, "violations": {"executed_lines": [83, 85, 88, 89, 90, 91, 92, 93, 94, 96, 97, 105, 106, 114, 115, 125, 126, 145, 146, 154, 155, 156, 164], "summary": {"covered_lines": 23, "num_statements": 23, "percent_covered": 100.0, "percent_covered_display": "100.0", "missing_lines": 0, "excluded_lines": 0, "percent_statements_covered": 100.0, "percent_statements_covered_display": "100.0"}, "missing_lines": [], "excluded_lines": [], "start_line": 79}, "violations.eff": {"executed_lines": [86], "summary": {"covered_lines": 1, "num_statements": 1, "percent_covered": 100.0, "percent_covered_display": "100.0", "missing_lines": 0, "excluded_lines": 0, "percent_statements_covered": 100.0, "percent_statements_covered_display": "100.0"}, "missing_lines": [], "excluded_lines": [], "start_line": 85}, "errors": {"executed_lines": [169], "summary": {"covered_lines": 1, "num_statements": 1, "percent_covered": 100.0, "percent_covered_display": "100.0", "missing_lines": 0, "excluded_lines": 0, "percent_statements_covered": 100.0, "percent_statements_covered_display": "100.0"}, "missing_lines": [], "excluded_lines": [], "start_line": 167}, "describe": {"executed_lines": [174], "summary": {"covered_lines": 1, "num_statements": 1, "percent_covered": 100.0, "percent_covered_display": "100.0", "missing_lines": 0, "excluded_lines": 0, "percent_statements_covered": 100.0, "percent_statements_covered_display": "100.0"}, "missing_lines": [], "excluded_lines": [], "start_line": 172}, "": {"executed_lines": [29, 31, 32, 34, 53, 54, 58, 60, 62, 65, 79, 167, 172], "summary": {"covered_lines": 13, "num_statements": 13, "percent_covered": 100.0, "percent_covered_display": "100.0", "missing_lines": 0, "excluded_lines": 0, "percent_statements_covered": 100.0, "percent_statements_covered_display": "100.0"}, "missing_lines": [], "excluded_lines": [], "start_line": 1}}, "classes": {"BandViolation": {"executed_lines": [], "summary": {"covered_lines": 0, "num_statements": 0, "percent_covered": 100.0, "percent_covered_display": "100.0", "missing_lines": 0, "excluded_lines": 0, "percent_statements_covered": 100.0, "percent_statements_covered_display": "100.0"}, "missing_lines": [], "excluded_lines": [], "start_line": 54}, "": {"executed_lines": [29, 31, 32, 34, 53, 54, 58, 60, 62, 65, 76, 79, 83, 85, 86, 88, 89, 90, 91, 92, 93, 94, 96, 97, 105, 106, 114, 115, 125, 126, 145, 146, 154, 155, 156, 164, 167, 169, 172, 174], "summary": {"covered_lines": 40, "num_statements": 40, "percent_covered": 100.0, "percent_covered_display": "100.0", "missing_lines": 0, "excluded_lines": 0, "percent_statements_covered": 100.0, "percent_statements_covered_display": "100.0"}, "missing_lines": [], "excluded_lines": [], "start_line": 1}}}, "custom_components/heatpump_optimizer/comfort_learning.py": {"executed_lines": [25, 27, 28, 29, 31, 33, 38, 39, 43, 45, 47, 49, 52, 55, 56, 59, 61, 62, 64, 67, 69, 76, 77, 78, 79, 82, 83, 86, 87, 88, 89, 90, 91, 95, 96, 97, 98, 99, 100, 102, 103, 105, 107, 108, 109, 110, 111, 112, 113, 122, 123, 125, 138, 140, 141, 142, 147, 148, 152, 153, 154, 155, 156, 157, 158, 163, 164, 165, 173, 175, 176, 177, 178, 182, 183, 188, 189, 197, 198, 209, 210, 211, 214, 216, 217, 218, 223, 224, 225, 226, 227, 228, 229, 230, 233, 234, 235, 236, 239, 240, 241, 242], "summary": {"covered_lines": 102, "num_statements": 110, "percent_covered": 92.72727272727273, "percent_covered_display": "92.7", "missing_lines": 8, "excluded_lines": 0, "percent_statements_covered": 92.72727272727273, "percent_statements_covered_display": "92.7"}, "missing_lines": [101, 139, 184, 215, 219, 220, 237, 238], "excluded_lines": [], "functions": {"OverrideEvent.evidence": {"executed_lines": [76, 77, 78, 79], "summary": {"covered_lines": 4, "num_statements": 4, "percent_covered": 100.0, "percent_covered_display": "100.0", "missing_lines": 0, "excluded_lines": 0, "percent_statements_covered": 100.0, "percent_statements_covered_display": "100.0"}, "missing_lines": [], "excluded_lines": [], "start_line": 69}, "ComfortLearner._decay": {"executed_lines": [96, 97, 98, 99, 100, 102, 103], "summary": {"covered_lines": 7, "num_statements": 8, "percent_covered": 87.5, "percent_covered_display": "87.5", "missing_lines": 1, "excluded_lines": 0, "percent_statements_covered": 87.5, "percent_statements_covered_display": "87.5"}, "missing_lines": [101], "excluded_lines": [], "start_line": 95}, "ComfortLearner.record_override": {"executed_lines": [107, 108, 109, 110, 111, 112, 113, 122, 123], "summary": {"covered_lines": 9, "num_statements": 9, "percent_covered": 100.0, "percent_covered_display": "100.0", "missing_lines": 0, "excluded_lines": 0, "percent_statements_covered": 100.0, "percent_statements_covered_display": "100.0"}, "missing_lines": [], "excluded_lines": [], "start_line": 105}, "ComfortLearner.record_quiet_period": {"executed_lines": [138, 140, 141, 142, 147, 148], "summary": {"covered_lines": 6, "num_statements": 7, "percent_covered": 85.71428571428571, "percent_covered_display": "85.7", "missing_lines": 1, "excluded_lines": 0, "percent_statements_covered": 85.71428571428571, "percent_statements_covered_display": "85.7"}, "missing_lines": [139], "excluded_lines": [], "start_line": 125}, "ComfortLearner._maybe_adjust": {"executed_lines": [153, 154, 155, 156, 157, 158, 163, 164, 165], "summary": {"covered_lines": 9, "num_statements": 9, "percent_covered": 100.0, "percent_covered_display": "100.0", "missing_lines": 0, "excluded_lines": 0, "percent_statements_covered": 100.0, "percent_statements_covered_display": "100.0"}, "missing_lines": [], "excluded_lines": [], "start_line": 152}, "ComfortLearner.reset": {"executed_lines": [175, 176, 177, 178], "summary": {"covered_lines": 4, "num_statements": 4, "percent_covered": 100.0, "percent_covered_display": "100.0", "missing_lines": 0, "excluded_lines": 0, "percent_statements_covered": 100.0, "percent_statements_covered_display": "100.0"}, "missing_lines": [], "excluded_lines": [], "start_line": 173}, "ComfortLearner.effective_weight": {"executed_lines": [], "summary": {"covered_lines": 0, "num_statements": 1, "percent_covered": 0.0, "percent_covered_display": "0.0", "missing_lines": 1, "excluded_lines": 0, "percent_statements_covered": 0.0, "percent_statements_covered_display": "0.0"}, "missing_lines": [184], "excluded_lines": [], "start_line": 183}, "ComfortLearner.summary": {"executed_lines": [189], "summary": {"covered_lines": 1, "num_statements": 1, "percent_covered": 100.0, "percent_covered_display": "100.0", "missing_lines": 0, "excluded_lines": 0, "percent_statements_covered": 100.0, "percent_statements_covered_display": "100.0"}, "missing_lines": [], "excluded_lines": [], "start_line": 188}, "ComfortLearner.as_dict": {"executed_lines": [198], "summary": {"covered_lines": 1, "num_statements": 1, "percent_covered": 100.0, "percent_covered_display": "100.0", "missing_lines": 0, "excluded_lines": 0, "percent_statements_covered": 100.0, "percent_statements_covered_display": "100.0"}, "missing_lines": [], "excluded_lines": [], "start_line": 197}, "ComfortLearner.from_dict": {"executed_lines": [211, 214, 216, 217, 218, 223, 224, 225, 226, 227, 228, 229, 230, 233, 234, 235, 236, 239, 240, 241, 242], "summary": {"covered_lines": 21, "num_statements": 26, "percent_covered": 80.76923076923077, "percent_covered_display": "80.8", "missing_lines": 5, "excluded_lines": 0, "percent_statements_covered": 80.76923076923077, "percent_statements_covered_display": "80.8"}, "missing_lines": [215, 219, 220, 237, 238], "excluded_lines": [], "start_line": 210}, "": {"executed_lines": [25, 27, 28, 29, 31, 33, 38, 39, 43, 45, 47, 49, 52, 55, 56, 59, 61, 62, 64, 67, 69, 82, 83, 86, 87, 88, 89, 90, 91, 95, 105, 125, 152, 173, 182, 183, 188, 197, 209, 210], "summary": {"covered_lines": 40, "num_statements": 40, "percent_covered": 100.0, "percent_covered_display": "100.0", "missing_lines": 0, "excluded_lines": 0, "percent_statements_covered": 100.0, "percent_statements_covered_display": "100.0"}, "missing_lines": [], "excluded_lines": [], "start_line": 1}}, "classes": {"OverrideEvent": {"executed_lines": [76, 77, 78, 79], "summary": {"covered_lines": 4, "num_statements": 4, "percent_covered": 100.0, "percent_covered_display": "100.0", "missing_lines": 0, "excluded_lines": 0, "percent_statements_covered": 100.0, "percent_statements_covered_display": "100.0"}, "missing_lines": [], "excluded_lines": [], "start_line": 56}, "ComfortLearner": {"executed_lines": [96, 97, 98, 99, 100, 102, 103, 107, 108, 109, 110, 111, 112, 113, 122, 123, 138, 140, 141, 142, 147, 148, 153, 154, 155, 156, 157, 158, 163, 164, 165, 175, 176, 177, 178, 189, 198, 211, 214, 216, 217, 218, 223, 224, 225, 226, 227, 228, 229, 230, 233, 234, 235, 236, 239, 240, 241, 242], "summary": {"covered_lines": 58, "num_statements": 66, "percent_covered": 87.87878787878788, "percent_covered_display": "87.9", "missing_lines": 8, "excluded_lines": 0, "percent_statements_covered": 87.87878787878788, "percent_statements_covered_display": "87.9"}, "missing_lines": [101, 139, 184, 215, 219, 220, 237, 238], "excluded_lines": [], "start_line": 83}, "": {"executed_lines": [25, 27, 28, 29, 31, 33, 38, 39, 43, 45, 47, 49, 52, 55, 56, 59, 61, 62, 64, 67, 69, 82, 83, 86, 87, 88, 89, 90, 91, 95, 105, 125, 152, 173, 182, 183, 188, 197, 209, 210], "summary": {"covered_lines": 40, "num_statements": 40, "percent_covered": 100.0, "percent_covered_display": "100.0", "missing_lines": 0, "excluded_lines": 0, "percent_statements_covered": 100.0, "percent_statements_covered_display": "100.0"}, "missing_lines": [], "excluded_lines": [], "start_line": 1}}}, "custom_components/heatpump_optimizer/config_flow.py": {"executed_lines": [2, 4, 5, 6, 7, 9, 10, 12, 13, 14, 15, 16, 17, 18, 20, 328, 329, 330, 331, 336, 340, 342, 344, 347, 356, 357, 361, 364, 365, 369, 370, 371, 372, 373, 374, 375, 376, 386, 403, 411, 412, 417, 420, 435, 445, 446, 447, 473, 476, 483, 486, 490, 494, 505, 514, 533, 536, 546, 547, 548, 549, 550, 553, 554, 555, 556, 557, 558, 561, 569, 570, 571, 572, 573, 574, 575, 576, 577, 578, 579, 580, 584, 585, 586, 587, 588, 589, 590, 591, 592, 593, 594, 595, 598, 620, 621, 622, 623, 624, 625, 626, 627, 628, 629, 630, 631, 632, 633, 636, 652, 653, 655, 656, 657, 658, 659, 663, 664, 665, 668, 678, 681, 698, 701, 705, 710, 711, 714, 716, 717, 718, 721, 723, 724, 725, 726, 729, 733, 736, 739, 748, 751, 754, 757, 775, 779, 780, 781, 784, 787, 788, 789, 795, 802, 804, 805, 806, 807, 808, 809, 810, 811, 812, 813, 816, 829, 832, 833, 834, 839, 841, 850, 857, 866, 873, 882, 884, 887, 897, 905, 907, 908, 909, 910, 916, 925, 957, 965, 977, 980, 981, 984, 995, 996, 997, 1000, 1001, 1002, 1004, 1005, 1006, 1007, 1008, 1009, 1012, 1014, 1021, 1023, 1057, 1059, 1062, 1067, 1069, 1071, 1074, 1076, 1093, 1094, 1095, 1097, 1101, 1103, 1104, 1107, 1108, 1109, 1110, 1112, 1113, 1115, 1116, 1117, 1120, 1129, 1133, 1134, 1135, 1136, 1140, 1141, 1142, 1143, 1145, 1146, 1147, 1150, 1155, 1159, 1160, 1161, 1168, 1169, 1171, 1172, 1178, 1179, 1181, 1185, 1186, 1187, 1188, 1189, 1190, 1192, 1230, 1241, 1254, 1266, 1267, 1268, 1269, 1270, 1272, 1277, 1287, 1288, 1289, 1290, 1291, 1292, 1294, 1313, 1317, 1318, 1319, 1320, 1321, 1322, 1324, 1366, 1370, 1371, 1372, 1374, 1425, 1429, 1430, 1431, 1432, 1433, 1434, 1435, 1443, 1444, 1445, 1453, 1454, 1456, 1514, 1518, 1519, 1520, 1525, 1541, 1542, 1543, 1547, 1549, 1559, 1560, 1561, 1563, 1570, 1571, 1572, 1573, 1574, 1575, 1576, 1578, 1582, 1583, 1584, 1587, 1588, 1589, 1593, 1594, 1595, 1598, 1605, 1620, 1631, 1640, 1647, 1651, 1676, 1706, 1709, 1727, 1729, 1735, 1737, 1738, 1740, 1742, 1744, 1748, 1767, 1768, 1769, 1770, 1771, 1774, 1775, 1776, 1777, 1779, 1783, 1784, 1785, 1786, 1787, 1788, 1789, 1790, 1791, 1792, 1794, 1798, 1799, 1800, 1805, 1809, 1810, 1817, 1831, 1832, 1833, 1836, 1844, 1848, 1849, 1851, 1852, 1853, 1854, 1855, 1856, 1857, 1858, 1859, 1860, 1861, 1862, 1863, 1864, 1865, 1867, 1869, 1870, 1871, 1872, 1874, 1911, 1915, 1916, 1917, 1918, 1919, 1920, 1922, 1924, 1925, 1926, 1927, 1928, 1930, 1963, 1967, 1968, 1969, 1970, 1971, 1972, 1974, 1976, 1977, 1978, 1979, 1980, 1982, 2002, 2006, 2007, 2008, 2009, 2010, 2013, 2014, 2015, 2017, 2018, 2021, 2023, 2024, 2025, 2026, 2027, 2028, 2097, 2101, 2102, 2103, 2104, 2105, 2106, 2107, 2110, 2111, 2112, 2120, 2121, 2122, 2123, 2125, 2126, 2127, 2129, 2130, 2131, 2132, 2133, 2135, 2196, 2200, 2201, 2202, 2203, 2204, 2206, 2207, 2210, 2211, 2212, 2213, 2214, 2216, 2298, 2302, 2303, 2304, 2305, 2306, 2307, 2309, 23
[...]
luded_lines": 0, "percent_statements_covered": 99.1701244813278, "percent_statements_covered_display": "99.2"}, "missing_lines": [1102, 1280], "excluded_lines": [], "start_line": 1}}}, "custom_components/heatpump_optimizer/topology.py": {"executed_lines": [22, 24, 25, 27, 28, 62, 72, 77, 78, 91, 92, 93, 94, 95, 148, 153, 162, 163, 164, 183, 201, 202, 205, 206, 207, 211, 215, 218, 261, 277, 283, 284, 285, 286, 287, 288, 289, 290, 291, 294, 295, 296, 297, 298, 299, 307, 308, 309, 310, 317, 318, 319, 320, 335, 336, 337, 340, 348, 349, 353, 354, 361, 372, 394, 401, 430, 431, 465, 466, 467, 468, 469, 470, 471, 472, 473, 476, 485, 488, 489, 491, 492, 493, 494, 495, 496, 498, 499, 500, 502, 503, 514, 515, 516, 518, 519, 520, 522, 523, 527, 529, 530, 532, 537, 541, 542, 546, 547, 549, 550, 551, 553, 554], "summary": {"covered_lines": 113, "num_statements": 115, "percent_covered": 98.26086956521739, "percent_covered_display": "98.3", "missing_lines": 2, "excluded_lines": 0, "percent_statements_covered": 98.26086956521739, "percent_statements_covered_display": "98.3"}, "missing_lines": [329, 528], "excluded_lines": [], "functions": {"_place_home": {"executed_lines": [162, 163, 164], "summary": {"covered_lines": 3, "num_statements": 3, "percent_covered": 100.0, "percent_covered_display": "100.0", "missing_lines": 0, "excluded_lines": 0, "percent_statements_covered": 100.0, "percent_statements_covered_display": "100.0"}, "missing_lines": [], "excluded_lines": [], "start_line": 153}, "layout_edges": {"executed_lines": [277, 283, 284, 285, 286, 287, 288, 289, 290, 291, 294, 295, 296, 297, 298, 299, 307, 308, 309, 310, 317, 318, 319, 320, 335, 336, 337], "summary": {"covered_lines": 27, "num_statements": 28, "percent_covered": 96.42857142857143, "percent_covered_display": "96.4", "missing_lines": 1, "excluded_lines": 0, "percent_statements_covered": 96.42857142857143, "percent_statements_covered_display": "96.4"}, "missing_lines": [329], "excluded_lines": [], "start_line": 261}, "describe_setup": {"executed_lines": [348, 349, 353, 354, 361, 372, 394, 401, 430, 431], "summary": {"covered_lines": 10, "num_statements": 10, "percent_covered": 100.0, "percent_covered_display": "100.0", "missing_lines": 0, "excluded_lines": 0, "percent_statements_covered": 100.0, "percent_statements_covered_display": "100.0"}, "missing_lines": [], "excluded_lines": [], "start_line": 340}, "_slot_lines": {"executed_lines": [466, 467, 468, 469, 470, 471, 472, 473], "summary": {"covered_lines": 8, "num_statements": 8, "percent_covered": 100.0, "percent_covered_display": "100.0", "missing_lines": 0, "excluded_lines": 0, "percent_statements_covered": 100.0, "percent_statements_covered_display": "100.0"}, "missing_lines": [], "excluded_lines": [], "start_line": 465}, "render_text_summary": {"executed_lines": [485, 488, 489, 491, 492, 493, 494, 495, 496, 498, 499, 500, 502, 503, 514, 515, 516, 518, 519, 520, 522, 523, 527, 529, 530, 532, 537, 541, 542, 546, 547, 549, 550, 551, 553, 554], "summary": {"covered_lines": 36, "num_statements": 37, "percent_covered": 97.29729729729729, "percent_covered_display": "97.3", "missing_lines": 1, "excluded_lines": 0, "percent_statements_covered": 97.29729729729729, "percent_statements_covered_display": "97.3"}, "missing_lines": [528], "excluded_lines": [], "start_line": 476}, "": {"executed_lines": [22, 24, 25, 27, 28, 62, 72, 77, 78, 91, 92, 93, 94, 95, 148, 153, 183, 201, 202, 205, 206, 207, 211, 215, 218, 261, 340, 465, 476], "summary": {"covered_lines": 29, "num_statements": 29, "percent_covered": 100.0, "percent_covered_display": "100.0", "missing_lines": 0, "excluded_lines": 0, "percent_statements_covered": 100.0, "percent_statements_covered_display": "100.0"}, "missing_lines": [], "excluded_lines": [], "start_line": 1}}, "classes": {"Layout": {"executed_lines": [], "summary": {"covered_lines": 0, "num_statements": 0, "percent_covered": 100.0, "percent_covered_display": "100.0", "missing_lines": 0, "excluded_lines": 0, "percent_statements_covered": 100.0, "percent_statements_covered_display": "100.0"}, "missing_lines": [], "excluded_lines": [], "start_line": 202}, "": {"executed_lines": [22, 24, 25, 27, 28, 62, 72, 77, 78, 91, 92, 93, 94, 95, 148, 153, 162, 163, 164, 183, 201, 202, 205, 206, 207, 211, 215, 218, 261, 277, 283, 284, 285, 286, 287, 288, 289, 290, 291, 294, 295, 296, 297, 298, 299, 307, 308, 309, 310, 317, 318, 319, 320, 335, 336, 337, 340, 348, 349, 353, 354, 361, 372, 394, 401, 430, 431, 465, 466, 467, 468, 469, 470, 471, 472, 473, 476, 485, 488, 489, 491, 492, 493, 494, 495, 496, 498, 499, 500, 502, 503, 514, 515, 516, 518, 519, 520, 522, 523, 527, 529, 530, 532, 537, 541, 542, 546, 547, 549, 550, 551, 553, 554], "summary": {"covered_lines": 113, "num_statements": 115, "percent_covered": 98.26086956521739, "percent_covered_display": "98.3", "missing_lines": 2, "excluded_lines": 0, "percent_statements_covered": 98.26086956521739, "percent_statements_covered_display": "98.3"}, "missing_lines": [329, 528], "excluded_lines": [], "start_line": 1}}}, "custom_components/heatpump_optimizer/wear.py": {"executed_lines": [19, 21, 22, 24, 26, 29, 32, 33, 37, 39, 40, 41, 43, 58, 63, 64, 65, 66, 67, 68, 69, 72, 73, 74, 75, 76, 77, 78, 79, 80, 81, 82, 83, 85, 87, 88, 92, 93, 99, 100, 101, 102, 103, 104, 105, 106, 107, 108, 109, 110, 111, 112, 115, 116, 119, 121, 122, 123], "summary": {"covered_lines": 58, "num_statements": 63, "percent_covered": 92.06349206349206, "percent_covered_display": "92.1", "missing_lines": 5, "excluded_lines": 0, "percent_statements_covered": 92.06349206349206, "percent_statements_covered_display": "92.1"}, "missing_lines": [70, 71, 84, 113, 114], "excluded_lines": [], "functions": {"StartCounter.observe": {"executed_lines": [58, 63, 64, 65, 66, 67, 68, 69, 72, 73, 74, 75, 76, 77, 78, 79, 80, 81, 82, 83, 85], "summary": {"covered_lines": 21, "num_statements": 24, "percent_covered": 87.5, "percent_covered_display": "87.5", "missing_lines": 3, "excluded_lines": 0, "percent_statements_covered": 87.5, "percent_statements_covered_display": "87.5"}, "missing_lines": [70, 71, 84], "excluded_lines": [], "start_line": 43}, "StartCounter.month_count": {"executed_lines": [88], "summary": {"covered_lines": 1, "num_statements": 1, "percent_covered": 100.0, "percent_covered_display": "100.0", "missing_lines": 0, "excluded_lines": 0, "percent_statements_covered": 100.0, "percent_statements_covered_display": "100.0"}, "missing_lines": [], "excluded_lines": [], "start_line": 87}, "StartCounter.as_dict": {"executed_lines": [93], "summary": {"covered_lines": 1, "num_statements": 1, "percent_covered": 100.0, "percent_covered_display": "100.0", "missing_lines": 0, "excluded_lines": 0, "percent_statements_covered": 100.0, "percent_statements_covered_display": "100.0"}, "missing_lines": [], "excluded_lines": [], "start_line": 92}, "StartCounter.from_dict": {"executed_lines": [101, 102, 103, 104, 105, 106, 107, 108, 109, 110, 111, 112, 115, 116], "summary": {"covered_lines": 14, "num_statements": 16, "percent_covered": 87.5, "percent_covered_display": "87.5", "missing_lines": 2, "excluded_lines": 0, "percent_statements_covered": 87.5, "percent_statements_covered_display": "87.5"}, "missing_lines": [113, 114], "excluded_lines": [], "start_line": 100}, "wear_price_per_start": {"executed_lines": [121, 122, 123], "summary": {"covered_lines": 3, "num_statements": 3, "percent_covered": 100.0, "percent_covered_display": "100.0", "missing_lines": 0, "excluded_lines": 0, "percent_statements_covered": 100.0, "percent_statements_covered_display": "100.0"}, "missing_lines": [], "excluded_lines": [], "start_line": 119}, "": {"executed_lines": [19, 21, 22, 24, 26, 29, 32, 33, 37, 39, 40, 41, 43, 87, 92, 99, 100, 119], "summary": {"covered_lines": 18, "num_statements": 18, "percent_covered": 100.0, "percent_covered_display": "100.0", "missing_lines": 0, "excluded_lines": 0, "percent_statements_covered": 100.0, "percent_statements_covered_display": "100.0"}, "missing_lines": [], "excluded_lines": [], "start_line": 1}}, "classes": {"StartCounter": {"executed_lines": [58, 63, 64, 65, 66, 67, 68, 69, 72, 73, 74, 75, 76, 77, 78, 79, 80, 81, 82, 83, 85, 88, 93, 101, 102, 103, 104, 105, 106, 107, 108, 109, 110, 111, 112, 115, 116], "summary": {"covered_lines": 37, "num_statements": 42, "percent_covered": 88.0952380952381, "percent_covered_display": "88.1", "missing_lines": 5, "excluded_lines": 0, "percent_statements_covered": 88.0952380952381, "percent_statements_covered_display": "88.1"}, "missing_lines": [70, 71, 84, 113, 114], "excluded_lines": [], "start_line": 33}, "": {"executed_lines": [19, 21, 22, 24, 26, 29, 32, 33, 37, 39, 40, 41, 43, 87, 92, 99, 100, 119, 121, 122, 123], "summary": {"covered_lines": 21, "num_statements": 21, "percent_covered": 100.0, "percent_covered_display": "100.0", "missing_lines": 0, "excluded_lines": 0, "percent_statements_covered": 100.0, "percent_statements_covered_display": "100.0"}, "missing_lines": [], "excluded_lines": [], "start_line": 1}}}, "custom_components/heatpump_optimizer/wood_fuel.py": {"executed_lines": [2, 4, 6, 19, 24, 27, 28, 31, 34, 37, 40, 41, 43, 46, 47, 50, 51, 52, 53, 54, 55, 56, 57, 60, 61, 62, 63, 66, 67, 68, 69, 73, 74, 79, 81, 82, 84, 85, 86, 89, 92, 100, 101, 102, 103, 104, 105, 107, 108, 109, 112, 120, 125, 129, 130, 132, 135, 136, 139, 141, 142, 144, 146, 149, 158, 159, 160, 161, 162, 163, 166, 167, 168, 170, 171, 173, 174, 175, 176, 177, 180, 182, 184, 185, 187, 188, 191, 192, 193, 194, 195, 198, 200, 201, 202, 203, 208, 215, 221, 222, 225, 227, 228, 229, 230, 233, 234, 235, 236, 237, 238, 239, 240, 241, 242, 245, 284, 285, 286, 287, 290, 291, 294, 297, 298, 299, 300, 301, 306, 319, 320, 321, 322, 323, 324, 332, 333, 336, 337, 338, 339, 340, 341, 342, 343, 344, 358, 360, 361, 362, 363, 370, 371], "summary": {"covered_lines": 153, "num_statements": 210, "percent_covered": 72.85714285714286, "percent_covered_display": "72.9", "missing_lines": 57, "excluded_lines": 0, "percent_statements_covered": 72.85714285714286, "percent_statements_covered_display": "72.9"}, "missing_lines": [42, 78, 80, 83, 87, 88, 106, 126, 131, 133, 137, 138, 140, 143, 145, 164, 165, 169, 172, 183, 186, 189, 190, 213, 214, 247, 248, 249, 250, 251, 252, 253, 254, 255, 256, 257, 258, 259, 260, 261, 262, 263, 270, 271, 272, 273, 274, 281, 288, 289, 292, 293, 302, 303, 334, 335, 364], "excluded_lines": [], "functions": {"useful_kwh_m3": {"executed_lines": [28], "summary": {"covered_lines": 1, "num_statements": 1, "percent_covered": 100.0, "percent_covered_display": "100.0", "missing_lines": 0, "excluded_lines": 0, "percent_statements_covered": 100.0, "percent_statements_covered_display": "100.0"}, "missing_lines": [], "excluded_lines": [], "start_line": 27}, "liters_to_kwh": {"executed_lines": [34], "summary": {"covered_lines": 1, "num_statements": 1, "percent_covered": 100.0, "percent_covered_display": "100.0", "missing_lines": 0, "excluded_lines": 0, "percent_statements_covered": 100.0, "percent_statements_covered_display": "100.0"}, "missing_lines": [], "excluded_lines": [], "start_line": 31}, "wood_sek_per_kwh": {"executed_lines": [40, 41, 43], "summary": {"covered_lines": 3, "num_statements": 4, "percent_covered": 75.0, "percent_covered_display": "75.0", "missing_lines": 1, "excluded_lines": 0, "percent_statements_covered": 75.0, "percent_statements_covered_display": "75.0"}, "missing_lines": [42], "excluded_lines": [], "start_line": 37}, "wood_furnace_inferred": {"executed_lines": [47, 50, 51, 52, 53, 54, 55, 56, 57], "summary": {"covered_lines": 9, "num_statements": 9, "percent_covered": 100.0, "percent_covered_display": "100.0", "missing_lines": 0, "excluded_lines": 0, "percent_statements_covered": 100.0, "percent_statements_covered_display": "100.0"}, "missing_lines": [], "excluded_lines": [], "start_line": 46}, "wood_furnace_on": {"executed_lines": [61, 62, 63], "summary": {"covered_lines": 3, "num_statements": 3, "percent_covered": 100.0, "percent_covered_display": "100.0", "missing_lines": 0, "excluded_lines": 0, "percent_statements_covered": 100.0, "percent_statements_covered_display": "100.0"}, "missing_lines": [], "excluded_lines": [], "start_line": 60}, "wood_fuel_ready": {"executed_lines": [67, 68, 69, 73, 74, 79, 81, 82, 84, 85, 86, 89], "summary": {"covered_lines": 12, "num_statements": 17, "percent_covered": 70.58823529411765, "percent_covered_display": "70.6", "missing_lines": 5, "excluded_lines": 0, "percent_statements_covered": 70.58823529411765, "percent_statements_covered_display": "70.6"}, "missing_lines": [78, 80, 83, 87, 88], "excluded_lines": [], "start_line": 66}, "cheaper_hour_count": {"executed_lines": [100, 101, 102, 103, 104, 105, 107, 108, 109], "summary": {"covered_lines": 9, "num_statements": 10, "percent_covered": 90.0, "percent_covered_display": "90.0", "missing_lines": 1, "excluded_lines": 0, "percent_statements_covered": 90.0, "percent_statements_covered_display": "90.0"}, "missing_lines": [106], "excluded_lines": [], "start_line": 92}, "wood_cheaper": {"executed_lines": [120], "summary": {"covered_lines": 1, "num_statements": 1, "percent_covered": 100.0, "percent_covered_display": "100.0", "missing_lines": 0, "excluded_lines": 0, "percent_statements_covered": 100.0, "percent_statements_covered_display": "100.0"}, "missing_lines": [], "excluded_lines": [], "start_line": 112}, "_iso": {"executed_lines": [], "summary": {"covered_lines": 0, "num_statements": 1, "percent_covered": 0.0, "percent_covered_display": "0.0", "missing_lines": 1, "excluded_lines": 0, "percent_statements_covered": 0.0, "percent_statements_covered_display": "0.0"}, "missing_lines": [126], "excluded_lines": [], "start_line": 125}, "_as_dt": {"executed_lines": [130, 132, 135, 136, 139, 141, 142, 144, 146], "summary": {"covered_lines": 9, "num_statements": 16, "percent_covered": 56.25, "percent_covered_display": "56.2", "missing_lines": 7, "excluded_lines": 0, "percent_statements_covered": 56.25, "percent_statements_covered_display": "56.2"}, "missing_lines": [131, 133, 137, 138, 140, 143, 145], "excluded_lines": [], "start_line": 129}, "wood_slots_to_kw": {"executed_lines": [158, 159, 160, 161, 162, 163, 166, 167, 168, 170, 171, 173, 174, 175, 176, 177], "summary": {"covered_lines": 16, "num_statements": 20, "percent_covered": 80.0, "percent_covered_display": "80.0", "missing_lines": 4, "excluded_lines": 0, "percent_statements_covered": 80.0, "percent_statements_covered_display": "80.0"}, "missing_lines": [164, 165, 169, 172], "excluded_lines": [], "start_line": 149}, "_wood_slots_error": {"executed_lines": [182, 184, 185, 187, 188, 191, 192, 193, 194, 195], "summary": {"covered_lines": 10, "num_statements": 14, "percent_covered": 71.42857142857143, "percent_covered_display": "71.4", "missing_lines": 4, "excluded_lines": 0, "percent_statements_covered": 71.42857142857143, "percent_statements_covered_display": "71.4"}, "missing_lines": [183, 186, 189, 190], "excluded_lines": [], "start_line": 180}, "_wood_override_fuel": {"executed_lines": [200, 201, 202, 203, 208, 215, 221, 222], "summary": {"covered_lines": 8, "num_statements": 10, "percent_covered": 80.0, "percent_covered_display": "80.0", "missing_lines": 2, "excluded_lines": 0, "percent_statements_covered": 80.0, "percent_statements_covered_display": "80.0"}, "missing_lines": [213, 214], "excluded_lines": [], "start_line": 198}, "simulate_wood_slots": {"executed_lines": [227, 228, 229, 230, 233, 234, 235, 236, 237, 238, 239, 240, 241, 242], "summary": {"covered_lines": 14, "num_statements": 14, "percent_covered": 100.0, "percent_covered_display": "100.0", "missing_lines": 0, "excluded_lines": 0, "percent_statements_covered": 100.0, "percent_statements_covered_display": "100.0"}, "missing_lines": [], "excluded_lines": [], "start_line": 225}, "detected_wood_slots": {"executed_lines": [], "summary": {"covered_lines": 0, "num_statements": 23, "percent_covered": 0.0, "percent_covered_display": "0.0", "missing_lines": 23, "excluded_lines": 0, "percent_statements_covered": 0.0, "percent_statements_covered_display": "0.0"}, "missing_lines": [247, 248, 249, 250, 251, 252, 253, 254, 255, 256, 257, 258, 259, 260, 261, 262, 263, 270, 271, 272, 273, 274, 281], "excluded_lines": [], "start_line": 245}, "_cops": {"executed_lines": [285, 286, 287, 290, 291, 294], "summary": {"covered_lines": 6, "num_statements": 10, "percent_covered": 60.0, "percent_covered_display": "60.0", "missing_lines": 4, "excluded_lines": 0, "percent_statements_covered": 60.0, "percent_statements_covered_display": "60.0"}, "missing_lines": [288, 289, 292, 293], "excluded_lines": [], "start_line": 284}, "_optional_float": {"executed_lines": [298, 299, 300, 301], "summary": {"covered_lines": 4, "num_statements": 6, "percent_covered": 66.66666666666667, "percent_covered_display": "66.7", "missing_lines": 2, "excluded_lines": 0, "percent_statements_covered": 66.66666666666667, "percent_statements_covered_display": "66.7"}, "missing_lines": [302, 303], "excluded_lines": [], "start_line": 297}, "build_wood_fuel_view": {"executed_lines": [319, 320, 321, 322, 323, 324, 332, 333, 336, 337, 338, 339, 340, 341, 342, 343, 344], "summary": {"covered_lines": 17, "num_statements": 19, "percent_covered": 89.47368421052632, "percent_covered_display": "89.5", "missing_lines": 2, "excluded_lines": 0, "percent_statements_covered": 89.47368421052632, "percent_statements_covered_display": "89.5"}, "missing_lines": [334, 335], "excluded_lines": [], "start_line": 306}, "wood_fuel_from_coordinator": {"executed_lines": [360, 361, 362, 363, 370, 371], "summary": {"covered_lines": 6, "num_statements": 7, "percent_covered": 85.71428571428571, "percent_covered_display": "85.7", "missing_lines": 1, "excluded_lines": 0, "percent_statements_covered": 85.71428571428571, "percent_statements_covered_display": "85.7"}, "missing_lines": [364], "excluded_lines": [], "start_line": 358}, "": {"executed_lines": [2, 4, 6, 19, 24, 27, 31, 37, 46, 60, 66, 92, 112, 125, 129, 149, 180, 198, 225, 245, 284, 297, 306, 358], "summary": {"covered_lines": 24, "num_statements": 24, "percent_covered": 100.0, "percent_covered_display": "100.0", "missing_lines": 0, "excluded_lines": 0, "percent_statements_covered": 100.0, "percent_statements_covered_display": "100.0"}, "missing_lines": [], "excluded_lines": [], "start_line": 1}}, "classes": {"": {"executed_lines": [2, 4, 6, 19, 24, 27, 28, 31, 34, 37, 40, 41, 43, 46, 47, 50, 51, 52, 53, 54, 55, 56, 57, 60, 61, 62, 63, 66, 67, 68, 69, 73, 74, 79, 81, 82, 84, 85, 86, 89, 92, 100, 101, 102, 103, 104, 105, 107, 108, 109, 112, 120, 125, 129, 130, 132, 135, 136, 139, 141, 142, 144, 146, 149, 158, 159, 160, 161, 162, 163, 166, 167, 168, 170, 171, 173, 174, 175, 176, 177, 180, 182, 184, 185, 187, 188, 191, 192, 193, 194, 195, 198, 200, 201, 202, 203, 208, 215, 221, 222, 225, 227, 228, 229, 230, 233, 234, 235, 236, 237, 238, 239, 240, 241, 242, 245, 284, 285, 286, 287, 290, 291, 294, 297, 298, 299, 300, 301, 306, 319, 320, 321, 322, 323, 324, 332, 333, 336, 337, 338, 339, 340, 341, 342, 343, 344, 358, 360, 361, 362, 363, 370, 371], "summary": {"covered_lines": 153, "num_statements": 210, "percent_covered": 72.85714285714286, "percent_covered_display": "72.9", "missing_lines": 57, "excluded_lines": 0, "percent_statements_covered": 72.85714285714286, "percent_statements_covered_display": "72.9"}, "missing_lines": [42, 78, 80, 83, 87, 88, 106, 126, 131, 133, 137, 138, 140, 143, 145, 164, 165, 169, 172, 183, 186, 189, 190, 213, 214, 247, 248, 249, 250, 251, 252, 253, 254, 255, 256, 257, 258, 259, 260, 261, 262, 263, 270, 271, 272, 273, 274, 281, 288, 289, 292, 293, 302, 303, 334, 335, 364], "excluded_lines": [], "start_line": 1}}}}, "totals": {"covered_lines": 13144, "num_statements": 14295, "percent_covered": 91.94823364812872, "percent_covered_display": "91.9", "missing_lines": 1151, "excluded_lines": 20, "percent_statements_covered": 91.94823364812872, "percent_statements_covered_display": "91.9"}}