{"meta": {"format": 3, "version": "7.16.0", "timestamp": "2026-09-02T09:48:46.102637", "branch_coverage": false, "show_contexts": false}, "files": {"custom_components/heatpump_optimizer/__init__.py": {"executed_lines": [14, 16, 17, 18, 20, 22, 23, 24, 25, 26, 27, 28, 29, 31, 64, 65, 66, 67, 68, 75, 76, 77, 79, 81, 90, 98, 101, 108, 110, 114, 138, 153, 166, 187, 219, 221, 230, 238, 244, 254, 255, 258, 319, 327, 329, 335, 337, 338, 343, 345, 352, 357, 365, 366, 369, 370, 371, 376, 379, 381, 387, 389, 390, 391, 392, 393, 394, 400, 401, 402, 411, 412, 414, 417, 423, 425, 428, 430, 431, 432, 433, 435, 437, 438, 439, 440, 441, 443, 445, 452, 453, 454, 476, 477, 478, 479, 481, 491, 492, 493, 494, 495, 496, 498, 513, 514, 515, 517, 518, 522, 523, 524, 530, 536, 543, 544, 545, 546, 548, 551, 553, 564, 565, 566, 568, 574, 579, 580, 581, 582, 594, 595, 596, 601, 603, 606, 608, 620, 621, 623, 624, 630, 631, 639, 640, 641, 647, 648, 658, 661, 667, 695, 696, 697, 700, 705, 706, 718, 719, 720, 721, 727, 728, 735, 736, 737, 738, 739, 741, 742, 744, 746, 747, 749, 750, 751, 753, 764, 765, 766, 768, 769, 774, 784, 785, 794, 795, 796, 800, 806, 807, 809, 814, 815, 817, 819, 820, 821, 822, 823, 824, 826, 828, 829, 830, 831, 832, 833, 835, 837, 838, 839, 840, 843, 844, 846, 852, 858, 864, 871, 878, 885, 892, 899, 906, 913, 921, 928, 935, 936, 939, 942, 952, 953, 954, 955, 956, 960, 961, 962, 965, 967, 969, 970, 971, 976, 977, 980, 991, 995, 996, 998], "summary": {"covered_lines": 252, "num_statements": 280, "percent_covered": 90.0, "percent_covered_display": "90.0", "missing_lines": 28, "excluded_lines": 0, "percent_statements_covered": 90.0, "percent_statements_covered_display": "90.0"}, "missing_lines": [455, 456, 457, 458, 463, 468, 469, 470, 519, 525, 537, 575, 588, 597, 653, 654, 659, 668, 729, 748, 776, 777, 778, 791, 792, 810, 929, 937], "excluded_lines": [], "functions": {"_config_stash_key": {"executed_lines": [98], "summary": {"covered_lines": 1, "num_statements": 1, "percent_covered": 100.0, "percent_covered_display": "100.0", "missing_lines": 0, "excluded_lines": 0, "percent_statements_covered": 100.0, "percent_statements_covered_display": "100.0"}, "missing_lines": [], "excluded_lines": [], "start_line": 90}, "_plan_handover_key": {"executed_lines": [108], "summary": {"covered_lines": 1, "num_statements": 1, "percent_covered": 100.0, "percent_covered_display": "100.0", "missing_lines": 0, "excluded_lines": 0, "percent_statements_covered": 100.0, "percent_statements_covered_display": "100.0"}, "missing_lines": [], "excluded_lines": [], "start_line": 101}, "_positive": {"executed_lines": [255], "summary": {"covered_lines": 1, "num_statements": 1, "percent_covered": 100.0, "percent_covered_display": "100.0", "missing_lines": 0, "excluded_lines": 0, "percent_statements_covered": 100.0, "percent_statements_covered_display": "100.0"}, "missing_lines": [], "excluded_lines": [], "start_line": 254}, "async_migrate_entry": {"executed_lines": [327, 329, 335, 337, 338, 343, 345], "summary": {"covered_lines": 7, "num_statements": 7, "percent_covered": 100.0, "percent_covered_display": "100.0", "missing_lines": 0, "excluded_lines": 0, "percent_statements_covered": 100.0, "percent_statements_covered_display": "100.0"}, "missing_lines": [], "excluded_lines": [], "start_line": 319}, "_async_remove_retired_entities": {"executed_lines": [365, 366, 369, 370, 371, 376], "summary": {"covered_lines": 6, "num_statements": 6, "percent_covered": 100.0, "percent_covered_display": "100.0", "missing_lines": 0, "excluded_lines": 0, "percent_statements_covered": 100.0, "percent_statements_covered_display": "100.0"}, "missing_lines": [], "excluded_lines": [], "start_line": 357}, "async_setup_entry": {"executed_lines": [381, 387, 389, 390, 391, 392, 393, 394, 400, 401, 402, 411, 412, 414, 417, 423, 425, 428, 435, 443, 481, 498, 553, 608, 744, 753, 817, 826, 835, 846, 852, 858, 864, 871, 878, 885, 892, 899, 906, 913, 921, 928, 935, 936, 939], "summary": {"covered_lines": 45, "num_statements": 47, "percent_covered": 95.74468085106383, "percent_covered_display": "95.7", "missing_lines": 2, "excluded_lines": 0, "percent_statements_covered": 95.74468085106383, "percent_statements_covered_display": "95.7"}, "missing_lines": [929, 937], "excluded_lines": [], "start_line": 379}, "async_setup_entry.handle_run_optimization": {"executed_lines": [430, 431, 432, 433], "summary": {"covered_lines": 4, "num_statements": 4, "percent_covered": 100.0, "percent_covered_display": "100.0", "missing_lines": 0, "excluded_lines": 0, "percent_statements_covered": 100.0, "percent_statements_covered_display": "100.0"}, "missing_lines": [], "excluded_lines": [], "start_line": 428}, "async_setup_entry.handle_set_mode": {"executed_lines": [437, 438, 439, 440, 441], "summary": {"covered_lines": 5, "num_statements": 5, "percent_covered": 100.0, "percent_covered_display": "100.0", "missing_lines": 0, "excluded_lines": 0, "percent_statements_covered": 100.0, "percent_statements_covered_display": "100.0"}, "missing_lines": [], "excluded_lines": [], "start_line": 435}, "async_setup_entry.handle_set_thermal_params": {"executed_lines": [445, 452, 453, 454, 476, 477, 478, 479], "summary": {"covered_lines": 8, "num_statements": 16, "percent_covered": 50.0, "percent_covered_display": "50.0", "missing_lines": 8, "excluded_lines": 0, "percent_statements_covered": 50.0, "percent_statements_covered_display": "50.0"}, "missing_lines": [455, 456, 457, 458, 463, 468, 469, 470], "excluded_lines": [], "start_line": 443}, "async_setup_entry.handle_simulate_plan": {"executed_lines": [491, 492, 493, 494, 495, 496], "summary": {"covered_lines": 6, "num_statements": 6, "percent_covered": 100.0, "percent_covered_display": "100.0", "missing_lines": 0, "excluded_lines": 0, "percent_statements_covered": 100.0, "percent_statements_covered_display": "100.0"}, "missing_lines": [], "excluded_lines": [], "start_line": 481}, "async_setup_entry.handle_assign_entity": {"executed_lines": [513, 514, 515, 517, 518, 522, 523, 524, 530, 536, 543, 544, 545, 546, 548, 551], "summary": {"covered_lines": 16, "num_statements": 19, "percent_covered": 84.21052631578948, "percent_covered_display": "84.2", "missing_lines": 3, "excluded_lines": 0, "percent_statements_covered": 84.21052631578948, "percent_statements_covered_display": "84.2"}, "missing_lines": [519, 525, 537], "excluded_lines": [], "start_line": 498}, "async_setup_entry.handle_apply_topology": {"executed_lines": [564, 565, 566, 568, 574, 579, 580, 581, 582, 594, 595, 596, 601, 603, 606], "summary": {"covered_lines": 15, "num_statements": 18, "percent_covered": 83.33333333333333, "percent_covered_display": "83.3", "missing_lines": 3, "excluded_lines": 0, "percent_statements_covered": 83.33333333333333, "percent_statements_covered_display": "83.3"}, "missing_lines": [575, 588, 597], "excluded_lines": [], "start_line": 553}, "async_setup_entry.handle_apply_schedule": {"executed_lines": [620, 621, 623, 624, 630, 631, 639, 640, 641, 647, 648, 658, 661, 667, 695, 696, 697, 700, 705, 706, 718, 719, 720, 721, 727, 728, 735, 736, 737, 738, 739, 741, 742], "summary": {"covered_lines": 33, "num_statements": 38, "percent_covered": 86.84210526315789, "percent_covered_display": "86.8", "missing_lines": 5, "excluded_lines": 0, "percent_statements_covered": 86.84210526315789, "percent_statements_covered_display": "86.8"}, "missing_lines": [653, 654, 659, 668, 729], "excluded_lines": [], "start_line": 608}, "async_setup_entry._manual_targets": {"executed_lines": [746, 747, 749, 750, 751], "summary": {"covered_lines": 5, "num_statements": 6, "percent_covered": 83.33333333333333, "percent_covered_display": "83.3", "missing_lines": 1, "excluded_lines": 0, "percent_statements_covered": 83.33333333333333, "percent_statements_covered_display": "83.3"}, "missing_lines": [748], "excluded_lines": [], "start_line": 744}, "async_setup_entry.handle_apply_manual_plan": {"executed_lines": [764, 765, 766, 768, 769, 774, 784, 785, 794, 795, 796, 800, 806, 807, 809, 814, 815], "summary": {"covered_lines": 17, "num_statements": 23, "percent_covered": 73.91304347826087, "percent_covered_display": "73.9", "missing_lines": 6, "excluded_lines": 0, "percent_statements_covered": 73.91304347826087, "percent_statements_covered_display": "73.9"}, "missing_lines": [776, 777, 778, 791, 792, 810], "excluded_lines": [], "start_line": 753}, "async_setup_entry.handle_clear_manual_plan": {"executed_lines": [819, 820, 821, 822, 823, 824], "summary": {"covered_lines": 6, "num_statements": 6, "percent_covered": 100.0, "percent_covered_display": "100.0", "missing_lines": 0, "excluded_lines": 0, "percent_statements_covered": 100.0, "percent_statements_covered_display": "100.0"}, "missing_lines": [], "excluded_lines": [], "start_line": 817}, "async_setup_entry.handle_restore_snapshot": {"executed_lines": [828, 829, 830, 831, 832, 833], "summary": {"covered_lines": 6, "num_statements": 6, "percent_covered": 100.0, "percent_covered_display": "100.0", "missing_lines": 0, "excluded_lines": 0, "percent_statements_covered": 100.0, "percent_statements_covered_display": "100.0"}, "missing_lines": [], "excluded_lines": [], "start_line": 826}, "async_setup_entry.handle_diagnose_interval": {"executed_lines": [837, 838, 839, 840, 843, 844], "summary": {"covered_lines": 6, "num_statements": 6, "percent_covered": 100.0, "percent_covered_display": "100.0", "missing_lines": 0, "excluded_lines": 0, "percent_statements_covered": 100.0, "percent_statements_covered_display": "100.0"}, "missing_lines": [], "excluded_lines": [], "start_line": 835}, "async_update_options": {"executed_lines": [952, 953, 954, 955, 956, 960, 961, 962], "summary": {"covered_lines": 8, "num_statements": 8, "percent_covered": 100.0, "percent_covered_display": "100.0", "missing_lines": 0, "excluded_lines": 0, "percent_statements_covered": 100.0, "percent_statements_covered_display": "100.0"}, "missing_lines": [], "excluded_lines": [], "start_line": 942}, "async_unload_entry": {"executed_lines": [967, 969, 970, 971, 976, 977, 980, 991, 995, 996, 998], "summary": {"covered_lines": 11, "num_statements": 11, "percent_covered": 100.0, "percent_covered_display": "100.0", "missing_lines": 0, "excluded_lines": 0, "percent_statements_covered": 100.0, "percent_statements_covered_display": "100.0"}, "missing_lines": [], "excluded_lines": [], "start_line": 965}, "": {"executed_lines": [14, 16, 17, 18, 20, 22, 23, 24, 25, 26, 27, 28, 29, 31, 64, 65, 66, 67, 68, 75, 76, 77, 79, 81, 90, 101, 110, 114, 138, 153, 166, 187, 219, 221, 230, 238, 244, 254, 258, 319, 352, 357, 379, 942, 965], "summary": {"covered_lines": 45, "num_statements": 45, "percent_covered": 100.0, "percent_covered_display": "100.0", "missing_lines": 0, "excluded_lines": 0, "percent_statements_covered": 100.0, "percent_statements_covered_display": "100.0"}, "missing_lines": [], "excluded_lines": [], "start_line": 1}}, "classes": {"": {"executed_lines": [14, 16, 17, 18, 20, 22, 23, 24, 25, 26, 27, 28, 29, 31, 64, 65, 66, 67, 68, 75, 76, 77, 79, 81, 90, 98, 101, 108, 110, 114, 138, 153, 166, 187, 219, 221, 230, 238, 244, 254, 255, 258, 319, 327, 329, 335, 337, 338, 343, 345, 352, 357, 365, 366, 369, 370, 371, 376, 379, 381, 387, 389, 390, 391, 392, 393, 394, 400, 401, 402, 411, 412, 414, 417, 423, 425, 428, 430, 431, 432, 433, 435, 437, 438, 439, 440, 441, 443, 445, 452, 453, 454, 476, 477, 478, 479, 481, 491, 492, 493, 494, 495, 496, 498, 513, 514, 515, 517, 518, 522, 523, 524, 530, 536, 543, 544, 545, 546, 548, 551, 553, 564, 565, 566, 568, 574, 579, 580, 581, 582, 594, 595, 596, 601, 603, 606, 608, 620, 621, 623, 624, 630, 631, 639, 640, 641, 647, 648, 658, 661, 667, 695, 696, 697, 700, 705, 706, 718, 719, 720, 721, 727, 728, 735, 736, 737, 738, 739, 741, 742, 744, 746, 747, 749, 750, 751, 753, 764, 765, 766, 768, 769, 774, 784, 785, 794, 795, 796, 800, 806, 807, 809, 814, 815, 817, 819, 820, 821, 822, 823, 824, 826, 828, 829, 830, 831, 832, 833, 835, 837, 838, 839, 840, 843, 844, 846, 852, 858, 864, 871, 878, 885, 892, 899, 906, 913, 921, 928, 935, 936, 939, 942, 952, 953, 954, 955, 956, 960, 961, 962, 965, 967, 969, 970, 971, 976, 977, 980, 991, 995, 996, 998], "summary": {"covered_lines": 252, "num_statements": 280, "percent_covered": 90.0, "percent_covered_display": "90.0", "missing_lines": 28, "excluded_lines": 0, "percent_statements_covered": 90.0, "percent_statements_covered_display": "90.0"}, "missing_lines": [455, 456, 457, 458, 463, 468, 469, 470, 519, 525, 537, 575, 588, 597, 653, 654, 659, 668, 729, 748, 776, 777, 778, 791, 792, 810, 929, 937], "excluded_lines": [], "start_line": 1}}}, "custom_components/heatpump_optimizer/accuracy.py": {"executed_lines": [22, 24, 25, 26, 27, 28, 30, 32, 37, 40, 41, 44, 45, 46, 47, 48, 49, 50, 51, 52, 56, 58, 59, 72, 73, 74, 75, 77, 78, 82, 83, 84, 85, 86, 87, 90, 92, 109, 112, 118, 121, 122, 125, 130, 131, 136, 140, 141, 145, 149, 151, 156, 158, 172, 174, 178, 179, 180, 182, 183, 184, 185, 186, 187, 188, 189, 195, 198, 200, 214, 218, 225, 226, 227, 228, 229, 232, 237, 238, 242, 243, 244, 245, 246, 247, 248, 249, 250, 251, 252, 254, 256, 257, 258, 259, 261, 268, 269, 270, 271, 273, 275, 276, 277, 278, 279, 281, 283, 284, 285, 286, 287, 288, 290, 292, 293, 297, 298, 302, 309, 310, 311, 313, 315, 316, 335, 338, 339, 358, 359, 360, 361, 362, 363, 364, 365, 366, 367, 368, 369, 370, 371, 372, 373, 374, 375, 378, 379, 380, 381, 384, 385, 386, 387, 388, 391, 392, 393, 394, 395, 396, 397, 404, 405, 406, 407, 408, 409, 412, 419, 420, 421, 422, 423], "summary": {"covered_lines": 174, "num_statements": 189, "percent_covered": 92.06349206349206, "percent_covered_display": "92.1", "missing_lines": 15, "excluded_lines": 0, "percent_statements_covered": 92.06349206349206, "percent_statements_covered_display": "92.1"}, "missing_lines": [76, 79, 80, 88, 89, 150, 173, 181, 289, 382, 383, 389, 390, 398, 399], "excluded_lines": [], "functions": {"AccuracySample.as_dict": {"executed_lines": [59], "summary": {"covered_lines": 1, "num_statements": 1, "percent_covered": 100.0, "percent_covered_display": "100.0", "missing_lines": 0, "excluded_lines": 0, "percent_statements_covered": 100.0, "percent_statements_covered_display": "100.0"}, "missing_lines": [], "excluded_lines": [], "start_line": 58}, "AccuracySample.from_dict": {"executed_lines": [74, 75, 77, 78, 82, 92], "summary": {"covered_lines": 6, "num_statements": 9, "percent_covered": 66.66666666666667, "percent_covered_display": "66.7", "missing_lines": 3, "excluded_lines": 0, "percent_statements_covered": 66.66666666666667, "percent_statements_covered_display": "66.7"}, "missing_lines": [76, 79, 80], "excluded_lines": [], "start_line": 73}, "AccuracySample.from_dict.num": {"executed_lines": [83, 84, 85, 86, 87, 90], "summary": {"covered_lines": 6, "num_statements": 8, "percent_covered": 75.0, "percent_covered_display": "75.0", "missing_lines": 2, "excluded_lines": 0, "percent_statements_covered": 75.0, "percent_statements_covered_display": "75.0"}, "missing_lines": [88, 89], "excluded_lines": [], "start_line": 82}, "AccuracyTracker.record": {"executed_lines": [141], "summary": {"covered_lines": 1, "num_statements": 1, "percent_covered": 100.0, "percent_covered_display": "100.0", "missing_lines": 0, "excluded_lines": 0, "percent_statements_covered": 100.0, "percent_statements_covered_display": "100.0"}, "missing_lines": [], "excluded_lines": [], "start_line": 140}, "AccuracyTracker.note_lead_prediction": {"executed_lines": [149, 151, 156], "summary": {"covered_lines": 3, "num_statements": 4, "percent_covered": 75.0, "percent_covered_display": "75.0", "missing_lines": 1, "excluded_lines": 0, "percent_statements_covered": 75.0, "percent_statements_covered_display": "75.0"}, "missing_lines": [150], "excluded_lines": [], "start_line": 145}, "AccuracyTracker.score_lead_predictions": {"executed_lines": [172, 174, 178, 179, 180, 182, 183, 184, 185, 186, 187, 188, 189, 195, 198], "summary": {"covered_lines": 15, "num_statements": 17, "percent_covered": 88.23529411764706, "percent_covered_display": "88.2", "missing_lines": 2, "excluded_lines": 0, "percent_statements_covered": 88.23529411764706, "percent_statements_covered_display": "88.2"}, "missing_lines": [173, 181], "excluded_lines": [], "start_line": 158}, "AccuracyTracker.has_lead_history": {"executed_lines": [214], "summary": {"covered_lines": 1, "num_statements": 1, "percent_covered": 100.0, "percent_covered_display": "100.0", "missing_lines": 0, "excluded_lines": 0, "percent_statements_covered": 100.0, "percent_statements_covered_display": "100.0"}, "missing_lines": [], "excluded_lines": [], "start_line": 200}, "AccuracyTracker.sigma": {"executed_lines": [225, 226, 227, 228, 229, 232, 237, 238], "summary": {"covered_lines": 8, "num_statements": 8, "percent_covered": 100.0, "percent_covered_display": "100.0", "missing_lines": 0, "excluded_lines": 0, "percent_statements_covered": 100.0, "percent_statements_covered_display": "100.0"}, "missing_lines": [], "excluded_lines": [], "start_line": 218}, "AccuracyTracker._paired": {"executed_lines": [243, 244, 245, 246, 247, 248, 249, 250, 251, 252], "summary": {"covered_lines": 10, "num_statements": 10, "percent_covered": 100.0, "percent_covered_display": "100.0", "missing_lines": 0, "excluded_lines": 0, "percent_statements_covered": 100.0, "percent_statements_covered_display": "100.0"}, "missing_lines": [], "excluded_lines": [], "start_line": 242}, "AccuracyTracker.temperature_mae": {"executed_lines": [256, 257, 258, 259], "summary": {"covered_lines": 4, "num_statements": 4, "percent_covered": 100.0, "percent_covered_display": "100.0", "missing_lines": 0, "excluded_lines": 0, "percent_statements_covered": 100.0, "percent_statements_covered_display": "100.0"}, "missing_lines": [], "excluded_lines": [], "start_line": 254}, "AccuracyTracker.temperature_bias": {"executed_lines": [268, 269, 270, 271], "summary": {"covered_lines": 4, "num_statements": 4, "percent_covered": 100.0, "percent_covered_display": "100.0", "missing_lines": 0, "excluded_lines": 0, "percent_statements_covered": 100.0, "percent_statements_covered_display": "100.0"}, "missing_lines": [], "excluded_lines": [], "start_line": 261}, "AccuracyTracker.power_ratio": {"executed_lines": [275, 276, 277, 278, 279], "summary": {"covered_lines": 5, "num_statements": 5, "percent_covered": 100.0, "percent_covered_display": "100.0", "missing_lines": 0, "excluded_lines": 0, "percent_statements_covered": 100.0, "percent_statements_covered_display": "100.0"}, "missing_lines": [], "excluded_lines": [], "start_line": 273}, "AccuracyTracker.cost_accuracy": {"executed_lines": [283, 284, 285, 286, 287, 288, 290], "summary": {"covered_lines": 7, "num_statements": 8, "percent_covered": 87.5, "percent_covered_display": "87.5", "missing_lines": 1, "excluded_lines": 0, "percent_statements_covered": 87.5, "percent_statements_covered_display": "87.5"}, "missing_lines": [289], "excluded_lines": [], "start_line": 281}, "AccuracyTracker.realised_cost": {"executed_lines": [293], "summary": {"covered_lines": 1, "num_statements": 1, "percent_covered": 100.0, "percent_covered_display": "100.0", "missing_lines": 0, "excluded_lines": 0, "percent_statements_covered": 100.0, "percent_statements_covered_display": "100.0"}, "missing_lines": [], "excluded_lines": [], "start_line": 292}, "AccuracyTracker.predicted_cost": {"executed_lines": [298], "summary": {"covered_lines": 1, "num_statements": 1, "percent_covered": 100.0, "percent_covered_display": "100.0", "missing_lines": 0, "excluded_lines": 0, "percent_statements_covered": 100.0, "percent_statements_covered_display": "100.0"}, "missing_lines": [], "excluded_lines": [], "start_line": 297}, "AccuracyTracker.trust": {"executed_lines": [309, 310, 311, 313], "summary": {"covered_lines": 4, "num_statements": 4, "percent_covered": 100.0, "percent_covered_display": "100.0", "missing_lines": 0, "excluded_lines": 0, "percent_statements_covered": 100.0, "percent_statements_covered_display": "100.0"}, "missing_lines": [], "excluded_lines": [], "start_line": 302}, "AccuracyTracker.summary": {"executed_lines": [316], "summary": {"covered_lines": 1, "num_statements": 1, "percent_covered": 100.0, "percent_covered_display": "100.0", "missing_lines": 0, "excluded_lines": 0, "percent_statements_covered": 100.0, "percent_statements_covered_display": "100.0"}, "missing_lines": [], "excluded_lines": [], "start_line": 315}, "AccuracyTracker.as_dict": {"executed_lines": [338, 339], "summary": {"covered_lines": 2, "num_statements": 2, "percent_covered": 100.0, "percent_covered_display": "100.0", "missing_lines": 0, "excluded_lines": 0, "percent_statements_covered": 100.0, "percent_statements_covered_display": "100.0"}, "missing_lines": [], "excluded_lines": [], "start_line": 335}, "AccuracyTracker.from_dict": {"executed_lines": [360, 361, 362, 363, 364, 365, 366, 367, 368, 369, 370, 371, 372, 373, 374, 375, 378, 379, 380, 381, 384, 385, 386, 387, 388, 391, 392, 393, 394, 395, 396, 397, 404, 405, 406, 407, 408, 409], "summary": {"covered_lines": 38, "num_statements": 44, "percent_covered": 86.36363636363636, "percent_covered_display": "86.4", "missing_lines": 6, "excluded_lines": 0, "percent_statements_covered": 86.36363636363636, "percent_statements_covered_display": "86.4"}, "missing_lines": [382, 383, 389, 390, 398, 399], "excluded_lines": [], "start_line": 359}, "delivered_ratio": {"executed_lines": [419, 420, 421, 422, 423], "summary": {"covered_lines": 5, "num_statements": 5, "percent_covered": 100.0, "percent_covered_display": "100.0", "missing_lines": 0, "excluded_lines": 0, "percent_statements_covered": 100.0, "percent_statements_covered_display": "100.0"}, "missing_lines": [], "excluded_lines": [], "start_line": 412}, "": {"executed_lines": [22, 24, 25, 26, 27, 28, 30, 32, 37, 40, 41, 44, 45, 46, 47, 48, 49, 50, 51, 52, 56, 58, 72, 73, 109, 112, 118, 121, 122, 125, 130, 131, 136, 140, 145, 158, 200, 218, 242, 254, 261, 273, 281, 292, 297, 302, 315, 335, 358, 359, 412], "summary": {"covered_lines": 51, "num_statements": 51, "percent_covered": 100.0, "percent_covered_display": "100.0", "missing_lines": 0, "excluded_lines": 0, "percent_statements_covered": 100.0, "percent_statements_covered_display": "100.0"}, "missing_lines": [], "excluded_lines": [], "start_line": 1}}, "classes": {"AccuracySample": {"executed_lines": [59, 74, 75, 77, 78, 82, 83, 84, 85, 86, 87, 90, 92], "summary": {"covered_lines": 13, "num_statements": 18, "percent_covered": 72.22222222222223, "percent_covered_display": "72.2", "missing_lines": 5, "excluded_lines": 0, "percent_statements_covered": 72.22222222222223, "percent_statements_covered_display": "72.2"}, "missing_lines": [76, 79, 80, 88, 89], "excluded_lines": [], "start_line": 41}, "AccuracyTracker": {"executed_lines": [141, 149, 151, 156, 172, 174, 178, 179, 180, 182, 183, 184, 185, 186, 187, 188, 189, 195, 198, 214, 225, 226, 227, 228, 229, 232, 237, 238, 243, 244, 245, 246, 247, 248, 249, 250, 251, 252, 256, 257, 258, 259, 268, 269, 270, 271, 275, 276, 277, 278, 279, 283, 284, 285, 286, 287, 288, 290, 293, 298, 309, 310, 311, 313, 316, 338, 339, 360, 361, 362, 363, 364, 365, 366, 367, 368, 369, 370, 371, 372, 373, 374, 375, 378, 379, 380, 381, 384, 385, 386, 387, 388, 391, 392, 393, 394, 395, 396, 397, 404, 405, 406, 407, 408, 409], "summary": {"covered_lines": 105, "num_statements": 115, "percent_covered": 91.30434782608695, "percent_covered_display": "91.3", "missing_lines": 10, "excluded_lines": 0, "percent_statements_covered": 91.30434782608695, "percent_statements_covered_display": "91.3"}, "missing_lines": [150, 173, 181, 289, 382, 383, 389, 390, 398, 399], "excluded_lines": [], "start_line": 122}, "": {"executed_lines": [22, 24, 25, 26, 27, 28, 30, 32, 37, 40, 41, 44, 45, 46, 47, 48, 49, 50, 51, 52, 56, 58, 72, 73, 109, 112, 118, 121, 122, 125, 130, 131, 136, 140, 145, 158, 200, 218, 242, 254, 261, 273, 281, 292, 297, 302, 315, 335, 358, 359, 412, 419, 420, 421, 422, 423], "summary": {"covered_lines": 56, "num_statements": 56, "percent_covered": 100.0, "percent_covered_display": "100.0", "missing_lines": 0, "excluded_lines": 0, "percent_statements_covered": 100.0, "percent_statements_covered_display": "100.0"}, "missing_lines": [], "excluded_lines": [], "start_line": 1}}}, "custom_components/heatpump_optimizer/away.py": {"executed_lines": [21, 23, 24, 25, 26, 28, 33, 36, 39, 40, 43, 46, 48, 50, 51, 56, 59, 60, 63, 64, 65, 66, 68, 69, 70, 71, 73, 74, 99, 100, 105, 108, 121, 123, 124, 125, 127, 129, 130, 131, 132, 133, 135, 137, 139, 141, 142, 143, 145, 146, 147, 148, 151, 153, 154, 155, 157, 158, 164, 185, 186, 187, 188, 189, 190, 191, 192, 193, 196, 199, 212, 213, 214, 216, 219, 220, 222, 223, 224, 225, 227, 228, 231, 232, 233, 234, 235, 236, 238, 239, 241, 244, 245, 246, 248, 254, 256, 257, 260, 262, 265, 266, 267, 268, 269, 271, 272], "summary": {"covered_lines": 107, "num_statements": 116, "percent_covered": 92.24137931034483, "percent_covered_display": "92.2", "missing_lines": 9, "excluded_lines": 0, "percent_statements_covered": 92.24137931034483, "percent_statements_covered_display": "92.2"}, "missing_lines": [122, 149, 159, 160, 161, 242, 270, 273, 274], "excluded_lines": [], "functions": {"AwayState.as_dict": {"executed_lines": [74], "summary": {"covered_lines": 1, "num_statements": 1, "percent_covered": 100.0, "percent_covered_display": "100.0", "missing_lines": 0, "excluded_lines": 0, "percent_statements_covered": 100.0, "percent_statements_covered_display": "100.0"}, "missing_lines": [], "excluded_lines": [], "start_line": 73}, "interpret_presence": {"executed_lines": [121, 123, 124, 125, 127, 129, 130, 131, 132, 133, 135, 137, 139, 141, 142, 143, 145, 146, 147, 148, 151, 153, 154, 155, 157, 158], "summary": {"covered_lines": 26, "num_statements": 31, "percent_covered": 83.87096774193549, "percent_covered_display": "83.9", "missing_lines": 5, "excluded_lines": 0, "percent_statements_covered": 83.87096774193549, "percent_statements_covered_display": "83.9"}, "missing_lines": [122, 149, 159, 160, 161], "excluded_lines": [], "start_line": 108}, "estimate_recovery_hours": {"executed_lines": [185, 186, 187, 188, 189, 190, 191, 192, 193, 196], "summary": {"covered_lines": 10, "num_statements": 10, "percent_covered": 100.0, "percent_covered_display": "100.0", "missing_lines": 0, "excluded_lines": 0, "percent_statements_covered": 100.0, "percent_statements_covered_display": "100.0"}, "missing_lines": [], "excluded_lines": [], "start_line": 164}, "resolve": {"executed_lines": [212, 213, 214, 216, 219, 220, 222, 223, 224, 225, 227, 228, 231, 232, 233, 234, 235, 236, 238, 239, 241, 244, 245, 246, 248, 254, 256, 257, 260, 262], "summary": {"covered_lines": 30, "num_statements": 31, "percent_covered": 96.7741935483871, "percent_covered_display": "96.8", "missing_lines": 1, "excluded_lines": 0, "percent_statements_covered": 96.7741935483871, "percent_statements_covered_display": "96.8"}, "missing_lines": [242], "excluded_lines": [], "start_line": 199}, "_parse_return_time": {"executed_lines": [266, 267, 268, 269, 271, 272], "summary": {"covered_lines": 6, "num_statements": 9, "percent_covered": 66.66666666666667, "percent_covered_display": "66.7", "missing_lines": 3, "excluded_lines": 0, "percent_statements_covered": 66.66666666666667, "percent_statements_covered_display": "66.7"}, "missing_lines": [270, 273, 274], "excluded_lines": [], "start_line": 265}, "": {"executed_lines": [21, 23, 24, 25, 26, 28, 33, 36, 39, 40, 43, 46, 48, 50, 51, 56, 59, 60, 63, 64, 65, 66, 68, 69, 70, 71, 73, 99, 100, 105, 108, 164, 199, 265], "summary": {"covered_lines": 34, "num_statements": 34, "percent_covered": 100.0, "percent_covered_display": "100.0", "missing_lines": 0, "excluded_lines": 0, "percent_statements_covered": 100.0, "percent_statements_covered_display": "100.0"}, "missing_lines": [], "excluded_lines": [], "start_line": 1}}, "classes": {"AwayConfig": {"executed_lines": [], "summary": {"covered_lines": 0, "num_statements": 0, "percent_covered": 100.0, "percent_covered_display": "100.0", "missing_lines": 0, "excluded_lines": 0, "percent_statements_covered": 100.0, "percent_statements_covered_display": "100.0"}, "missing_lines": [], "excluded_lines": [], "start_line": 40}, "AwayState": {"executed_lines": [74], "summary": {"covered_lines": 1, "num_statements": 1, "percent_covered": 100.0, "percent_covered_display": "100.0", "missing_lines": 0, "excluded_lines": 0, "percent_statements_covered": 100.0, "percent_statements_covered_display": "100.0"}, "missing_lines": [], "excluded_lines": [], "start_line": 60}, "": {"executed_lines": [21, 23, 24, 25, 26, 28, 33, 36, 39, 40, 43, 46, 48, 50, 51, 56, 59, 60, 63, 64, 65, 66, 68, 69, 70, 71, 73, 99, 100, 105, 108, 121, 123, 124, 125, 127, 129, 130, 131, 132, 133, 135, 137, 139, 141, 142, 143, 145, 146, 147, 148, 151, 153, 154, 155, 157, 158, 164, 185, 186, 187, 188, 189, 190, 191, 192, 193, 196, 199, 212, 213, 214, 216, 219, 220, 222, 223, 224, 225, 227, 228, 231, 232, 233, 234, 235, 236, 238, 239, 241, 244, 245, 246, 248, 254, 256, 257, 260, 262, 265, 266, 267, 268, 269, 271, 272], "summary": {"covered_lines": 106, "num_statements": 115, "percent_covered": 92.17391304347827, "percent_covered_display": "92.2", "missing_lines": 9, "excluded_lines": 0, "percent_statements_covered": 92.17391304347827, "percent_statements_covered_display": "92.2"}, "missing_lines": [122, 149, 159, 160, 161, 242, 270, 273, 274], "excluded_lines": [], "start_line": 1}}}, "custom_components/heatpump_optimizer/battery.py": {"executed_lines": [27, 29, 30, 31, 33, 35, 38, 39, 42, 44, 45, 46, 47, 49, 50, 52, 53, 55, 56, 58, 59, 61, 62, 64, 65, 67, 68, 70, 72, 73, 74, 78, 79, 89, 90, 93, 95, 97, 99, 100, 101, 103, 104, 105, 107, 108, 109, 110, 112, 114, 115, 117, 119, 120, 128, 130, 131, 133, 134, 136, 138, 145, 146, 148, 149, 151, 152, 153, 170, 188, 197, 198, 199, 210, 222, 234, 274, 275, 287, 288, 308, 327], "summary": {"covered_lines": 82, "num_statements": 87, "percent_covered": 94.25287356321839, "percent_covered_display": "94.3", "missing_lines": 5, "excluded_lines": 0, "percent_statements_covered": 94.25287356321839, "percent_statements_covered_display": "94.3"}, "missing_lines": [69, 111, 135, 147, 315], "excluded_lines": [], "functions": {"StorageComponent.usable_capacity_kwh": {"executed_lines": [55, 56], "summary": {"covered_lines": 2, "num_statements": 2, "percent_covered": 100.0, "percent_covered_display": "100.0", "missing_lines": 0, "excluded_lines": 0, "percent_statements_covered": 100.0, "percent_statements_covered_display": "100.0"}, "missing_lines": [], "excluded_lines": [], "start_line": 53}, "StorageComponent.stored_kwh": {"executed_lines": [61, 62], "summary": {"covered_lines": 2, "num_statements": 2, "percent_covered": 100.0, "percent_covered_display": "100.0", "missing_lines": 0, "excluded_lines": 0, "percent_statements_covered": 100.0, "percent_statements_covered_display": "100.0"}, "missing_lines": [], "excluded_lines": [], "start_line": 59}, "StorageComponent.soc": {"executed_lines": [67, 68, 70], "summary": {"covered_lines": 3, "num_statements": 4, "percent_covered": 75.0, "percent_covered_display": "75.0", "missing_lines": 1, "excluded_lines": 0, "percent_statements_covered": 75.0, "percent_statements_covered_display": "75.0"}, "missing_lines": [69], "excluded_lines": [], "start_line": 65}, "StorageComponent.standing_loss_kw": {"executed_lines": [74], "summary": {"covered_lines": 1, "num_statements": 1, "percent_covered": 100.0, "percent_covered_display": "100.0", "missing_lines": 0, "excluded_lines": 0, "percent_statements_covered": 100.0, "percent_statements_covered_display": "100.0"}, "missing_lines": [], "excluded_lines": [], "start_line": 73}, "StorageComponent.as_dict": {"executed_lines": [79], "summary": {"covered_lines": 1, "num_statements": 1, "percent_covered": 100.0, "percent_covered_display": "100.0", "missing_lines": 0, "excluded_lines": 0, "percent_statements_covered": 100.0, "percent_statements_covered_display": "100.0"}, "missing_lines": [], "excluded_lines": [], "start_line": 78}, "VirtualBattery.stored_kwh": {"executed_lines": [101], "summary": {"covered_lines": 1, "num_statements": 1, "percent_covered": 100.0, "percent_covered_display": "100.0", "missing_lines": 0, "excluded_lines": 0, "percent_statements_covered": 100.0, "percent_statements_covered_display": "100.0"}, "missing_lines": [], "excluded_lines": [], "start_line": 100}, "VirtualBattery.usable_capacity_kwh": {"executed_lines": [105], "summary": {"covered_lines": 1, "num_statements": 1, "percent_covered": 100.0, "percent_covered_display": "100.0", "missing_lines": 0, "excluded_lines": 0, "percent_statements_covered": 100.0, "percent_statements_covered_display": "100.0"}, "missing_lines": [], "excluded_lines": [], "start_line": 104}, "VirtualBattery.soc": {"executed_lines": [109, 110, 112], "summary": {"covered_lines": 3, "num_statements": 4, "percent_covered": 75.0, "percent_covered_display": "75.0", "missing_lines": 1, "excluded_lines": 0, "percent_statements_covered": 75.0, "percent_statements_covered_display": "75.0"}, "missing_lines": [111], "excluded_lines": [], "start_line": 108}, "VirtualBattery.charge_rate_kw": {"executed_lines": [117], "summary": {"covered_lines": 1, "num_statements": 1, "percent_covered": 100.0, "percent_covered_display": "100.0", "missing_lines": 0, "excluded_lines": 0, "percent_statements_covered": 100.0, "percent_statements_covered_display": "100.0"}, "missing_lines": [], "excluded_lines": [], "start_line": 115}, "VirtualBattery.discharge_rate_kw": {"executed_lines": [128], "summary": {"covered_lines": 1, "num_statements": 1, "percent_covered": 100.0, "percent_covered_display": "100.0", "missing_lines": 0, "excluded_lines": 0, "percent_statements_covered": 100.0, "percent_statements_covered_display": "100.0"}, "missing_lines": [], "excluded_lines": [], "start_line": 120}, "VirtualBattery.hours_of_autonomy": {"executed_lines": [133, 134, 136], "summary": {"covered_lines": 3, "num_statements": 4, "percent_covered": 75.0, "percent_covered_display": "75.0", "missing_lines": 1, "excluded_lines": 0, "percent_statements_covered": 75.0, "percent_statements_covered_display": "75.0"}, "missing_lines": [135], "excluded_lines": [], "start_line": 131}, "VirtualBattery.round_trip_efficiency": {"executed_lines": [145, 146, 148, 149], "summary": {"covered_lines": 4, "num_statements": 5, "percent_covered": 80.0, "percent_covered_display": "80.0", "missing_lines": 1, "excluded_lines": 0, "percent_statements_covered": 80.0, "percent_statements_covered_display": "80.0"}, "missing_lines": [147], "excluded_lines": [], "start_line": 138}, "VirtualBattery.as_dict": {"executed_lines": [152, 153], "summary": {"covered_lines": 2, "num_statements": 2, "percent_covered": 100.0, "percent_covered_display": "100.0", "missing_lines": 0, "excluded_lines": 0, "percent_statements_covered": 100.0, "percent_statements_covered_display": "100.0"}, "missing_lines": [], "excluded_lines": [], "start_line": 151}, "build": {"executed_lines": [188, 197, 198, 199, 210, 222, 234, 274, 275, 287, 288, 308, 327], "summary": {"covered_lines": 13, "num_statements": 14, "percent_covered": 92.85714285714286, "percent_covered_display": "92.9", "missing_lines": 1, "excluded_lines": 0, "percent_statements_covered": 92.85714285714286, "percent_statements_covered_display": "92.9"}, "missing_lines": [315], "excluded_lines": [], "start_line": 170}, "": {"executed_lines": [27, 29, 30, 31, 33, 35, 38, 39, 42, 44, 45, 46, 47, 49, 50, 52, 53, 58, 59, 64, 65, 72, 73, 78, 89, 90, 93, 95, 97, 99, 100, 103, 104, 107, 108, 114, 115, 119, 120, 130, 131, 138, 151, 170], "summary": {"covered_lines": 44, "num_statements": 44, "percent_covered": 100.0, "percent_covered_display": "100.0", "missing_lines": 0, "excluded_lines": 0, "percent_statements_covered": 100.0, "percent_statements_covered_display": "100.0"}, "missing_lines": [], "excluded_lines": [], "start_line": 1}}, "classes": {"StorageComponent": {"executed_lines": [55, 56, 61, 62, 67, 68, 70, 74, 79], "summary": {"covered_lines": 9, "num_statements": 10, "percent_covered": 90.0, "percent_covered_display": "90.0", "missing_lines": 1, "excluded_lines": 0, "percent_statements_covered": 90.0, "percent_statements_covered_display": "90.0"}, "missing_lines": [69], "excluded_lines": [], "start_line": 39}, "VirtualBattery": {"executed_lines": [101, 105, 109, 110, 112, 117, 128, 133, 134, 136, 145, 146, 148, 149, 152, 153], "summary": {"covered_lines": 16, "num_statements": 19, "percent_covered": 84.21052631578948, "percent_covered_display": "84.2", "missing_lines": 3, "excluded_lines": 0, "percent_statements_covered": 84.21052631578948, "percent_statements_covered_display": "84.2"}, "missing_lines": [111, 135, 147], "excluded_lines": [], "start_line": 90}, "": {"executed_lines": [27, 29, 30, 31, 33, 35, 38, 39, 42, 44, 45, 46, 47, 49, 50, 52, 53, 58, 59, 64, 65, 72, 73, 78, 89, 90, 93, 95, 97, 99, 100, 103, 104, 107, 108, 114, 115, 119, 120, 130, 131, 138, 151, 170, 188, 197, 198, 199, 210, 222, 234, 274, 275, 287, 288, 308, 327], "summary": {"covered_lines": 57, "num_statements": 58, "percent_covered": 98.27586206896552, "percent_covered_display": "98.3", "missing_lines": 1, "excluded_lines": 0, "percent_statements_covered": 98.27586206896552, "percent_statements_covered_display": "98.3"}, "missing_lines": [315], "excluded_lines": [], "start_line": 1}}}, "custom_components/heatpump_optimizer/binary_sensor.py": {"executed_lines": [12, 14, 15, 17, 21, 22, 23, 24, 25, 27, 28, 30, 33, 39, 40, 50, 53, 55, 62, 63, 64, 65, 66, 69, 71, 72, 76, 77, 80, 88, 89, 90, 92, 93, 95, 96, 97, 98, 100, 101, 102, 103, 113, 124, 125, 126, 128, 129, 133, 134, 135, 137, 138, 139, 144, 152, 153, 155, 156, 158, 159, 160, 162, 163, 164, 165, 179, 186, 188, 189, 191, 192, 193, 195, 196, 197, 198], "summary": {"covered_lines": 77, "num_statements": 78, "percent_covered": 98.71794871794872, "percent_covered_display": "98.7", "missing_lines": 1, "excluded_lines": 0, "percent_statements_covered": 98.71794871794872, "percent_statements_covered_display": "98.7"}, "missing_lines": [74], "excluded_lines": [], "functions": {"async_setup_entry": {"executed_lines": [39, 40], "summary": {"covered_lines": 2, "num_statements": 2, "percent_covered": 100.0, "percent_covered_display": "100.0", "missing_lines": 0, "excluded_lines": 0, "percent_statements_covered": 100.0, "percent_statements_covered_display": "100.0"}, "missing_lines": [], "excluded_lines": [], "start_line": 33}, "_OptimizerBinarySensorBase.__init__": {"executed_lines": [62, 63, 64, 65, 66, 69], "summary": {"covered_lines": 6, "num_statements": 6, "percent_covered": 100.0, "percent_covered_display": "100.0", "missing_lines": 0, "excluded_lines": 0, "percent_statements_covered": 100.0, "percent_statements_covered_display": "100.0"}, "missing_lines": [], "excluded_lines": [], "start_line": 55}, "_OptimizerBinarySensorBase.device_info": {"executed_lines": [], "summary": {"covered_lines": 0, "num_statements": 1, "percent_covered": 0.0, "percent_covered_display": "0.0", "missing_lines": 1, "excluded_lines": 0, "percent_statements_covered": 0.0, "percent_statements_covered_display": "0.0"}, "missing_lines": [74], "excluded_lines": [], "start_line": 72}, "_OptimizerBinarySensorBase._data": {"executed_lines": [77], "summary": {"covered_lines": 1, "num_statements": 1, "percent_covered": 100.0, "percent_covered_display": "100.0", "missing_lines": 0, "excluded_lines": 0, "percent_statements_covered": 100.0, "percent_statements_covered_display": "100.0"}, "missing_lines": [], "excluded_lines": [], "start_line": 76}, "InputHealthBinarySensor.__init__": {"executed_lines": [93], "summary": {"covered_lines": 1, "num_statements": 1, "percent_covered": 100.0, "percent_covered_display": "100.0", "missing_lines": 0, "excluded_lines": 0, "percent_statements_covered": 100.0, "percent_statements_covered_display": "100.0"}, "missing_lines": [], "excluded_lines": [], "start_line": 92}, "InputHealthBinarySensor.is_on": {"executed_lines": [97, 98], "summary": {"covered_lines": 2, "num_statements": 2, "percent_covered": 100.0, "percent_covered_display": "100.0", "missing_lines": 0, "excluded_lines": 0, "percent_statements_covered": 100.0, "percent_statements_covered_display": "100.0"}, "missing_lines": [], "excluded_lines": [], "start_line": 96}, "InputHealthBinarySensor.extra_state_attributes": {"executed_lines": [102, 103], "summary": {"covered_lines": 2, "num_statements": 2, "percent_covered": 100.0, "percent_covered_display": "100.0", "missing_lines": 0, "excluded_lines": 0, "percent_statements_covered": 100.0, "percent_statements_covered_display": "100.0"}, "missing_lines": [], "excluded_lines": [], "start_line": 101}, "VentilationBinarySensor.__init__": {"executed_lines": [129], "summary": {"covered_lines": 1, "num_statements": 1, "percent_covered": 100.0, "percent_covered_display": "100.0", "missing_lines": 0, "excluded_lines": 0, "percent_statements_covered": 100.0, "percent_statements_covered_display": "100.0"}, "missing_lines": [], "excluded_lines": [], "start_line": 128}, "VentilationBinarySensor.is_on": {"executed_lines": [135], "summary": {"covered_lines": 1, "num_statements": 1, "percent_covered": 100.0, "percent_covered_display": "100.0", "missing_lines": 0, "excluded_lines": 0, "percent_statements_covered": 100.0, "percent_statements_covered_display": "100.0"}, "missing_lines": [], "excluded_lines": [], "start_line": 134}, "VentilationBinarySensor.extra_state_attributes": {"executed_lines": [139], "summary": {"covered_lines": 1, "num_statements": 1, "percent_covered": 100.0, "percent_covered_display": "100.0", "missing_lines": 0, "excluded_lines": 0, "percent_statements_covered": 100.0, "percent_statements_covered_display": "100.0"}, "missing_lines": [], "excluded_lines": [], "start_line": 138}, "ExternalHeatBinarySensor.__init__": {"executed_lines": [156], "summary": {"covered_lines": 1, "num_statements": 1, "percent_covered": 100.0, "percent_covered_display": "100.0", "missing_lines": 0, "excluded_lines": 0, "percent_statements_covered": 100.0, "percent_statements_covered_display": "100.0"}, "missing_lines": [], "excluded_lines": [], "start_line": 155}, "ExternalHeatBinarySensor.is_on": {"executed_lines": [160], "summary": {"covered_lines": 1, "num_statements": 1, "percent_covered": 100.0, "percent_covered_display": "100.0", "missing_lines": 0, "excluded_lines": 0, "percent_statements_covered": 100.0, "percent_statements_covered_display": "100.0"}, "missing_lines": [], "excluded_lines": [], "start_line": 159}, "ExternalHeatBinarySensor.extra_state_attributes": {"executed_lines": [164, 165], "summary": {"covered_lines": 2, "num_statements": 2, "percent_covered": 100.0, "percent_covered_display": "100.0", "missing_lines": 0, "excluded_lines": 0, "percent_statements_covered": 100.0, "percent_statements_covered_display": "100.0"}, "missing_lines": [], "excluded_lines": [], "start_line": 163}, "AwayModeBinarySensor.__init__": {"executed_lines": [189], "summary": {"covered_lines": 1, "num_statements": 1, "percent_covered": 100.0, "percent_covered_display": "100.0", "missing_lines": 0, "excluded_lines": 0, "percent_statements_covered": 100.0, "percent_statements_covered_display": "100.0"}, "missing_lines": [], "excluded_lines": [], "start_line": 188}, "AwayModeBinarySensor.is_on": {"executed_lines": [193], "summary": {"covered_lines": 1, "num_statements": 1, "percent_covered": 100.0, "percent_covered_display": "100.0", "missing_lines": 0, "excluded_lines": 0, "percent_statements_covered": 100.0, "percent_statements_covered_display": "100.0"}, "missing_lines": [], "excluded_lines": [], "start_line": 192}, "AwayModeBinarySensor.extra_state_attributes": {"executed_lines": [197, 198], "summary": {"covered_lines": 2, "num_statements": 2, "percent_covered": 100.0, "percent_covered_display": "100.0", "missing_lines": 0, "excluded_lines": 0, "percent_statements_covered": 100.0, "percent_statements_covered_display": "100.0"}, "missing_lines": [], "excluded_lines": [], "start_line": 196}, "": {"executed_lines": [12, 14, 15, 17, 21, 22, 23, 24, 25, 27, 28, 30, 33, 50, 53, 55, 71, 72, 76, 80, 88, 89, 90, 92, 95, 96, 100, 101, 113, 124, 125, 126, 128, 133, 134, 137, 138, 144, 152, 153, 155, 158, 159, 162, 163, 179, 186, 188, 191, 192, 195, 196], "summary": {"covered_lines": 52, "num_statements": 52, "percent_covered": 100.0, "percent_covered_display": "100.0", "missing_lines": 0, "excluded_lines": 0, "percent_statements_covered": 100.0, "percent_statements_covered_display": "100.0"}, "missing_lines": [], "excluded_lines": [], "start_line": 1}}, "classes": {"_OptimizerBinarySensorBase": {"executed_lines": [62, 63, 64, 65, 66, 69, 77], "summary": {"covered_lines": 7, "num_statements": 8, "percent_covered": 87.5, "percent_covered_display": "87.5", "missing_lines": 1, "excluded_lines": 0, "percent_statements_covered": 87.5, "percent_statements_covered_display": "87.5"}, "missing_lines": [74], "excluded_lines": [], "start_line": 50}, "InputHealthBinarySensor": {"executed_lines": [93, 97, 98, 102, 103], "summary": {"covered_lines": 5, "num_statements": 5, "percent_covered": 100.0, "percent_covered_display": "100.0", "missing_lines": 0, "excluded_lines": 0, "percent_statements_covered": 100.0, "percent_statements_covered_display": "100.0"}, "missing_lines": [], "excluded_lines": [], "start_line": 80}, "VentilationBinarySensor": {"executed_lines": [129, 135, 139], "summary": {"covered_lines": 3, "num_statements": 3, "percent_covered": 100.0, "percent_covered_display": "100.0", "missing_lines": 0, "excluded_lines": 0, "percent_statements_covered": 100.0, "percent_statements_covered_display": "100.0"}, "missing_lines": [], "excluded_lines": [], "start_line": 113}, "ExternalHeatBinarySensor": {"executed_lines": [156, 160, 164, 165], "summary": {"covered_lines": 4, "num_statements": 4, "percent_covered": 100.0, "percent_covered_display": "100.0", "missing_lines": 0, "excluded_lines": 0, "percent_statements_covered": 100.0, "percent_statements_covered_display": "100.0"}, "missing_lines": [], "excluded_lines": [], "start_line": 144}, "AwayModeBinarySensor": {"executed_lines": [189, 193, 197, 198], "summary": {"covered_lines": 4, "num_statements": 4, "percent_covered": 100.0, "percent_covered_display": "100.0", "missing_lines": 0, "excluded_lines": 0, "percent_statements_covered": 100.0, "percent_statements_covered_display": "100.0"}, "missing_lines": [], "excluded_lines": [], "start_line": 179}, "": {"executed_lines": [12, 14, 15, 17, 21, 22, 23, 24, 25, 27, 28, 30, 33, 39, 40, 50, 53, 55, 71, 72, 76, 80, 88, 89, 90, 92, 95, 96, 100, 101, 113, 124, 125, 126, 128, 133, 134, 137, 138, 144, 152, 153, 155, 158, 159, 162, 163, 179, 186, 188, 191, 192, 195, 196], "summary": {"covered_lines": 54, "num_statements": 54, "percent_covered": 100.0, "percent_covered_display": "100.0", "missing_lines": 0, "excluded_lines": 0, "percent_statements_covered": 100.0, "percent_statements_covered_display": "100.0"}, "missing_lines": [], "excluded_lines": [], "start_line": 1}}}, "custom_components/heatpump_optimizer/button.py": {"executed_lines": [12, 14, 16, 17, 18, 19, 20, 21, 23, 24, 26, 29, 35, 36, 46, 49, 51, 58, 59, 60, 61, 62, 65, 67, 68, 73, 76, 78, 79, 81, 82, 84, 86, 88, 89, 92, 101, 102, 104, 105, 109, 110, 111, 113, 117, 124, 126, 127, 131, 132, 135, 147, 148, 150, 151, 155], "summary": {"covered_lines": 56, "num_statements": 59, "percent_covered": 94.91525423728814, "percent_covered_display": "94.9", "missing_lines": 3, "excluded_lines": 0, "percent_statements_covered": 94.91525423728814, "percent_statements_covered_display": "94.9"}, "missing_lines": [70, 114, 156], "excluded_lines": [], "functions": {"async_setup_entry": {"executed_lines": [35, 36], "summary": {"covered_lines": 2, "num_statements": 2, "percent_covered": 100.0, "percent_covered_display": "100.0", "missing_lines": 0, "excluded_lines": 0, "percent_statements_covered": 100.0, "percent_statements_covered_display": "100.0"}, "missing_lines": [], "excluded_lines": [], "start_line": 29}, "_OptimizerButtonBase.__init__": {"executed_lines": [58, 59, 60, 61, 62, 65], "summary": {"covered_lines": 6, "num_statements": 6, "percent_covered": 100.0, "percent_covered_display": "100.0", "missing_lines": 0, "excluded_lines": 0, "percent_statements_covered": 100.0, "percent_statements_covered_display": "100.0"}, "missing_lines": [], "excluded_lines": [], "start_line": 51}, "_OptimizerButtonBase.device_info": {"executed_lines": [], "summary": {"covered_lines": 0, "num_statements": 1, "percent_covered": 0.0, "percent_covered_display": "0.0", "missing_lines": 1, "excluded_lines": 0, "percent_statements_covered": 0.0, "percent_statements_covered_display": "0.0"}, "missing_lines": [70], "excluded_lines": [], "start_line": 68}, "ForceOptimizationButton.__init__": {"executed_lines": [79], "summary": {"covered_lines": 1, "num_statements": 1, "percent_covered": 100.0, "percent_covered_display": "100.0", "missing_lines": 0, "excluded_lines": 0, "percent_statements_covered": 100.0, "percent_statements_covered_display": "100.0"}, "missing_lines": [], "excluded_lines": [], "start_line": 78}, "ForceOptimizationButton.available": {"executed_lines": [84], "summary": {"covered_lines": 1, "num_statements": 1, "percent_covered": 100.0, "percent_covered_display": "100.0", "missing_lines": 0, "excluded_lines": 0, "percent_statements_covered": 100.0, "percent_statements_covered_display": "100.0"}, "missing_lines": [], "excluded_lines": [], "start_line": 82}, "ForceOptimizationButton.async_press": {"executed_lines": [88, 89], "summary": {"covered_lines": 2, "num_statements": 2, "percent_covered": 100.0, "percent_covered_display": "100.0", "missing_lines": 0, "excluded_lines": 0, "percent_statements_covered": 100.0, "percent_statements_covered_display": "100.0"}, "missing_lines": [], "excluded_lines": [], "start_line": 86}, "SystemIdentificationButton.__init__": {"executed_lines": [105], "summary": {"covered_lines": 1, "num_statements": 1, "percent_covered": 100.0, "percent_covered_display": "100.0", "missing_lines": 0, "excluded_lines": 0, "percent_statements_covered": 100.0, "percent_statements_covered_display": "100.0"}, "missing_lines": [], "excluded_lines": [], "start_line": 104}, "SystemIdentificationButton.available": {"executed_lines": [111], "summary": {"covered_lines": 1, "num_statements": 1, "percent_covered": 100.0, "percent_covered_display": "100.0", "missing_lines": 0, "excluded_lines": 0, "percent_statements_covered": 100.0, "percent_statements_covered_display": "100.0"}, "missing_lines": [], "excluded_lines": [], "start_line": 110}, "SystemIdentificationButton.async_press": {"executed_lines": [], "summary": {"covered_lines": 0, "num_statements": 1, "percent_covered": 0.0, "percent_covered_display": "0.0", "missing_lines": 1, "excluded_lines": 0, "percent_statements_covered": 0.0, "percent_statements_covered_display": "0.0"}, "missing_lines": [114], "excluded_lines": [], "start_line": 113}, "ResetComfortWeightButton.__init__": {"executed_lines": [127], "summary": {"covered_lines": 1, "num_statements": 1, "percent_covered": 100.0, "percent_covered_display": "100.0", "missing_lines": 0, "excluded_lines": 0, "percent_statements_covered": 100.0, "percent_statements_covered_display": "100.0"}, "missing_lines": [], "excluded_lines": [], "start_line": 126}, "ResetComfortWeightButton.async_press": {"executed_lines": [132], "summary": {"covered_lines": 1, "num_statements": 1, "percent_covered": 100.0, "percent_covered_display": "100.0", "missing_lines": 0, "excluded_lines": 0, "percent_statements_covered": 100.0, "percent_statements_covered_display": "100.0"}, "missing_lines": [], "excluded_lines": [], "start_line": 131}, "DiagnoseIntervalButton.__init__": {"executed_lines": [151], "summary": {"covered_lines": 1, "num_statements": 1, "percent_covered": 100.0, "percent_covered_display": "100.0", "missing_lines": 0, "excluded_lines": 0, "percent_statements_covered": 100.0, "percent_statements_covered_display": "100.0"}, "missing_lines": [], "excluded_lines": [], "start_line": 150}, "DiagnoseIntervalButton.async_press": {"executed_lines": [], "summary": {"covered_lines": 0, "num_statements": 1, "percent_covered": 0.0, "percent_covered_display": "0.0", "missing_lines": 1, "excluded_lines": 0, "percent_statements_covered": 0.0, "percent_statements_covered_display": "0.0"}, "missing_lines": [156], "excluded_lines": [], "start_line": 155}, "": {"executed_lines": [12, 14, 16, 17, 18, 19, 20, 21, 23, 24, 26, 29, 46, 49, 51, 67, 68, 73, 76, 78, 81, 82, 86, 92, 101, 102, 104, 109, 110, 113, 117, 124, 126, 131, 135, 147, 148, 150, 155], "summary": {"covered_lines": 39, "num_statements": 39, "percent_covered": 100.0, "percent_covered_display": "100.0", "missing_lines": 0, "excluded_lines": 0, "percent_statements_covered": 100.0, "percent_statements_covered_display": "100.0"}, "missing_lines": [], "excluded_lines": [], "start_line": 1}}, "classes": {"_OptimizerButtonBase": {"executed_lines": [58, 59, 60, 61, 62, 65], "summary": {"covered_lines": 6, "num_statements": 7, "percent_covered": 85.71428571428571, "percent_covered_display": "85.7", "missing_lines": 1, "excluded_lines": 0, "percent_statements_covered": 85.71428571428571, "percent_statements_covered_display": "85.7"}, "missing_lines": [70], "excluded_lines": [], "start_line": 46}, "ForceOptimizationButton": {"executed_lines": [79, 84, 88, 89], "summary": {"covered_lines": 4, "num_statements": 4, "percent_covered": 100.0, "percent_covered_display": "100.0", "missing_lines": 0, "excluded_lines": 0, "percent_statements_covered": 100.0, "percent_statements_covered_display": "100.0"}, "missing_lines": [], "excluded_lines": [], "start_line": 73}, "SystemIdentificationButton": {"executed_lines": [105, 111], "summary": {"covered_lines": 2, "num_statements": 3, "percent_covered": 66.66666666666667, "percent_covered_display": "66.7", "missing_lines": 1, "excluded_lines": 0, "percent_statements_covered": 66.66666666666667, "percent_statements_covered_display": "66.7"}, "missing_lines": [114], "excluded_lines": [], "start_line": 92}, "ResetComfortWeightButton": {"executed_lines": [127, 132], "summary": {"covered_lines": 2, "num_statements": 2, "percent_covered": 100.0, "percent_covered_display": "100.0", "missing_lines": 0, "excluded_lines": 0, "percent_statements_covered": 100.0, "percent_statements_covered_display": "100.0"}, "missing_lines": [], "excluded_lines": [], "start_line": 117}, "DiagnoseIntervalButton": {"executed_lines": [151], "summary": {"covered_lines": 1, "num_statements": 2, "percent_covered": 50.0, "percent_covered_display": "50.0", "missing_lines": 1, "excluded_lines": 0, "percent_statements_covered": 50.0, "percent_statements_covered_display": "50.0"}, "missing_lines": [156], "excluded_lines": [], "start_line": 135}, "": {"executed_lines": [12, 14, 16, 17, 18, 19, 20, 21, 23, 24, 26, 29, 35, 36, 46, 49, 51, 67, 68, 73, 76, 78, 81, 82, 86, 92, 101, 102, 104, 109, 110, 113, 117, 124, 126, 131, 135, 147, 148, 150, 155], "summary": {"covered_lines": 41, "num_statements": 41, "percent_covered": 100.0, "percent_covered_display": "100.0", "missing_lines": 0, "excluded_lines": 0, "percent_statements_covered": 100.0, "percent_statements_covered_display": "100.0"}, "missing_lines": [], "excluded_lines": [], "start_line": 1}}}, "custom_components/heatpump_optimizer/climate.py": {"executed_lines": [10, 12, 13, 15, 21, 22, 23, 24, 25, 26, 28, 40, 42, 45, 54, 55, 56, 57, 60, 66, 67, 70, 73, 77, 78, 79, 80, 86, 87, 88, 90, 96, 97, 98, 99, 102, 115, 116, 118, 119, 123, 124, 126, 127, 130, 131, 139, 141, 142, 148, 149, 150, 151, 152, 153, 155, 156, 157, 158, 159, 160, 162, 163, 171, 172, 251, 253, 254, 258, 259, 260, 261, 269, 270, 271, 272, 276, 286, 288, 289, 295, 296, 297, 299, 303], "summary": {"covered_lines": 85, "num_statements": 144, "percent_covered": 59.02777777777778, "percent_covered_display": "59.0", "missing_lines": 59, "excluded_lines": 0, "percent_statements_covered": 59.02777777777778, "percent_statements_covered_display": "59.0"}, "missing_lines": [121, 128, 143, 144, 145, 146, 166, 167, 168, 169, 174, 175, 176, 177, 178, 179, 180, 181, 182, 185, 188, 189, 190, 191, 194, 197, 202, 205, 208, 211, 214, 217, 222, 223, 224, 225, 228, 229, 230, 231, 234, 239, 240, 241, 244, 247, 249, 255, 256, 262, 263, 264, 265, 266, 267, 300, 301, 304, 305], "excluded_lines": [], "functions": {"async_setup_entry": {"executed_lines": [66, 67], "summary": {"covered_lines": 2, "num_statements": 2, "percent_covered": 100.0, "percent_covered_display": "100.0", "missing_lines": 0, "excluded_lines": 0, "percent_statements_covered": 100.0, "percent_statements_covered_display": "100.0"}, "missing_lines": [], "excluded_lines": [], "start_line": 60}, "HeatPumpOptimizerClimate.__init__": {"executed_lines": [96, 97, 98, 99, 102, 115, 116], "summary": {"covered_lines": 7, "num_statements": 7, "percent_covered": 100.0, "percent_covered_display": "100.0", "missing_lines": 0, "excluded_lines": 0, "percent_statements_covered": 100.0, "percent_statements_covered_display": "100.0"}, "missing_lines": [], "excluded_lines": [], "start_line": 90}, "HeatPumpOptimizerClimate.device_info": {"executed_lines": [], "summary": {"covered_lines": 0, "num_statements": 1, "percent_covered": 0.0, "percent_covered_display": "0.0", "missing_lines": 1, "excluded_lines": 0, "percent_statements_covered": 0.0, "percent_statements_covered_display": "0.0"}, "missing_lines": [121], "excluded_lines": [], "start_line": 119}, "HeatPumpOptimizerClimate.current_temperature": {"executed_lines": [126, 127], "summary": {"covered_lines": 2, "num_statements": 3, "percent_covered": 66.66666666666667, "percent_covered_display": "66.7", "missing_lines": 1, "excluded_lines": 0, "percent_statements_covered": 66.66666666666667, "percent_statements_covered_display": "66.7"}, "missing_lines": [128], "excluded_lines": [], "start_line": 124}, "HeatPumpOptimizerClimate.target_temperature": {"executed_lines": [139], "summary": {"covered_lines": 1, "num_statements": 1, "percent_covered": 100.0, "percent_covered_display": "100.0", "missing_lines": 0, "excluded_lines": 0, "percent_statements_covered": 100.0, "percent_statements_covered_display": "100.0"}, "missing_lines": [], "excluded_lines": [], "start_line": 131}, "HeatPumpOptimizerClimate.hvac_mode": {"executed_lines": [], "summary": {"covered_lines": 0, "num_statements": 4, "percent_covered": 0.0, "percent_covered_display": "0.0", "missing_lines": 4, "excluded_lines": 0, "percent_statements_covered": 0.0, "percent_statements_covered_display": "0.0"}, "missing_lines": [143, 144, 145, 146], "excluded_lines": [], "start_line": 142}, "HeatPumpOptimizerClimate.hvac_action": {"executed_lines": [150, 151, 152, 153, 155, 156, 157, 158, 159, 160], "summary": {"covered_lines": 10, "num_statements": 10, "percent_covered": 100.0, "percent_covered_display": "100.0", "missing_lines": 0, "excluded_lines": 0, "percent_statements_covered": 100.0, "percent_statements_covered_display": "100.0"}, "missing_lines": [], "excluded_lines": [], "start_line": 149}, "HeatPumpOptimizerClimate.preset_mode": {"executed_lines": [], "summary": {"covered_lines": 0, "num_statements": 4, "percent_covered": 0.0, "percent_covered_display": "0.0", "missing_lines": 4, "excluded_lines": 0, "percent_statements_covered": 0.0, "percent_statements_covered_display": "0.0"}, "missing_lines": [166, 167, 168, 169], "excluded_lines": [], "start_line": 163}, "HeatPumpOptimizerClimate.extra_state_attributes": {"executed_lines": [], "summary": {"covered_lines": 0, "num_statements": 37, "percent_covered": 0.0, "percent_covered_display": "0.0", "missing_lines": 37, "excluded_lines": 0, "percent_statements_covered": 0.0, "percent_statements_covered_display": "0.0"}, "missing_lines": [174, 175, 176, 177, 178, 179, 180, 181, 182, 185, 188, 189, 190, 191, 194, 197, 202, 205, 208, 211, 214, 217, 222, 223, 224, 225, 228, 229, 230, 231, 234, 239, 240, 241, 244, 247, 249], "excluded_lines": [], "start_line": 172}, "HeatPumpOptimizerClimate._async_publish_displace_from_current_action": {"executed_lines": [253, 254], "summary": {"covered_lines": 2, "num_statements": 4, "percent_covered": 50.0, "percent_covered_display": "50.0", "missing_lines": 2, "excluded_lines": 0, "percent_statements_covered": 50.0, "percent_statements_covered_display": "50.0"}, "missing_lines": [255, 256], "excluded_lines": [], "start_line": 251}, "HeatPumpOptimizerClimate.async_set_hvac_mode": {"executed_lines": [259, 260, 261], "summary": {"covered_lines": 3, "num_statements": 9, "percent_covered": 33.333333333333336, "percent_covered_display": "33.3", "missing_lines": 6, "excluded_lines": 0, "percent_statements_covered": 33.333333333333336, "percent_statements_covered_display": "33.3"}, "missing_lines": [262, 263, 264, 265, 266, 267], "excluded_lines": [], "start_line": 258}, "HeatPumpOptimizerClimate.async_set_temperature": {"executed_lines": [270, 271, 272, 276, 286], "summary": {"covered_lines": 5, "num_statements": 5, "percent_covered": 100.0, "percent_covered_display": "100.0", "missing_lines": 0, "excluded_lines": 0, "percent_statements_covered": 100.0, "percent_statements_covered_display": "100.0"}, "missing_lines": [], "excluded_lines": [], "start_line": 269}, "HeatPumpOptimizerClimate.async_set_preset_mode": {"executed_lines": [289, 295, 296, 297], "summary": {"covered_lines": 4, "num_statements": 4, "percent_covered": 100.0, "percent_covered_display": "100.0", "missing_lines": 0, "excluded_lines": 0, "percent_statements_covered": 100.0, "percent_statements_covered_display": "100.0"}, "missing_lines": [], "excluded_lines": [], "start_line": 288}, "HeatPumpOptimizerClimate.async_turn_on": {"executed_lines": [], "summary": {"covered_lines": 0, "num_statements": 2, "percent_covered": 0.0, "percent_covered_display": "0.0", "missing_lines": 2, "excluded_lines": 0, "percent_statements_covered": 0.0, "percent_statements_covered_display": "0.0"}, "missing_lines": [300, 301], "excluded_lines": [], "start_line": 299}, "HeatPumpOptimizerClimate.async_turn_off": {"executed_lines": [], "summary": {"covered_lines": 0, "num_statements": 2, "percent_covered": 0.0, "percent_covered_display": "0.0", "missing_lines": 2, "excluded_lines": 0, "percent_statements_covered": 0.0, "percent_statements_covered_display": "0.0"}, "missing_lines": [304, 305], "excluded_lines": [], "start_line": 303}, "": {"executed_lines": [10, 12, 13, 15, 21, 22, 23, 24, 25, 26, 28, 40, 42, 45, 54, 55, 56, 57, 60, 70, 73, 77, 78, 79, 80, 86, 87, 88, 90, 118, 119, 123, 124, 130, 131, 141, 142, 148, 149, 162, 163, 171, 172, 251, 258, 269, 288, 299, 303], "summary": {"covered_lines": 49, "num_statements": 49, "percent_covered": 100.0, "percent_covered_display": "100.0", "missing_lines": 0, "excluded_lines": 0, "percent_statements_covered": 100.0, "percent_statements_covered_display": "100.0"}, "missing_lines": [], "excluded_lines": [], "start_line": 1}}, "classes": {"HeatPumpOptimizerClimate": {"executed_lines": [96, 97, 98, 99, 102, 115, 116, 126, 127, 139, 150, 151, 152, 153, 155, 156, 157, 158, 159, 160, 253, 254, 259, 260, 261, 270, 271, 272, 276, 286, 289, 295, 296, 297], "summary": {"covered_lines": 34, "num_statements": 93, "percent_covered": 36.55913978494624, "percent_covered_display": "36.6", "missing_lines": 59, "excluded_lines": 0, "percent_statements_covered": 36.55913978494624, "percent_statements_covered_display": "36.6"}, "missing_lines": [121, 128, 143, 144, 145, 146, 166, 167, 168, 169, 174, 175, 176, 177, 178, 179, 180, 181, 182, 185, 188, 189, 190, 191, 194, 197, 202, 205, 208, 211, 214, 217, 222, 223, 224, 225, 228, 229, 230, 231, 234, 239, 240, 241, 244, 247, 249, 255, 256, 262, 263, 264, 265, 266, 267, 300, 301, 304, 305], "excluded_lines": [], "start_line": 70}, "": {"executed_lines": [10, 12, 13, 15, 21, 22, 23, 24, 25, 26, 28, 40, 42, 45, 54, 55, 56, 57, 60, 66, 67, 70, 73, 77, 78, 79, 80, 86, 87, 88, 90, 118, 119, 123, 124, 130, 131, 141, 142, 148, 149, 162, 163, 171, 172, 251, 258, 269, 288, 299, 303], "summary": {"covered_lines": 51, "num_statements": 51, "percent_covered": 100.0, "percent_covered_display": "100.0", "missing_lines": 0, "excluded_lines": 0, "percent_statements_covered": 100.0, "percent_statements_covered_display": "100.0"}, "missing_lines": [], "excluded_lines": [], "start_line": 1}}}, "custom_components/heatpump_optimizer/comfort_band.py": {"executed_lines": [29, 31, 32, 34, 53, 54, 58, 60, 62, 65, 76, 79, 83, 85, 86, 88, 89, 90, 91, 92, 93, 94, 96, 97, 105, 106, 114, 115, 125, 126, 145, 146, 154, 155, 156, 164, 167, 169, 172, 174], "summary": {"covered_lines": 40, "num_statements": 40, "percent_covered": 100.0, "percent_covered_display": "100.0", "missing_lines": 0, "excluded_lines": 0, "percent_statements_covered": 100.0, "percent_statements_covered_display": "100.0"}, "missing_lines": [], "excluded_lines": [], "functions": {"effective": {"executed_lines": [76], "summary": {"covered_lines": 1, "num_statements": 1, "percent_covered": 100.0, "percent_covered_display": "100.0", "missing_lines": 0, "excluded_lines": 0, "percent_statements_covered": 100.0, "percent_statements_covered_display": "100.0"}, "missing_lines": [], "excluded_lines": [], "start_line": 65}, "violations": {"executed_lines": [83, 85, 88, 89, 90, 91, 92, 93, 94, 96, 97, 105, 106, 114, 115, 125, 126, 145, 146, 154, 155, 156, 164], "summary": {"covered_lines": 23, "num_statements": 23, "percent_covered": 100.0, "percent_covered_display": "100.0", "missing_lines": 0, "excluded_lines": 0, "percent_statements_covered": 100.0, "percent_statements_covered_display": "100.0"}, "missing_lines": [], "excluded_lines": [], "start_line": 79}, "violations.eff": {"executed_lines": [86], "summary": {"covered_lines": 1, "num_statements": 1, "percent_covered": 100.0, "percent_covered_display": "100.0", "missing_lines": 0, "excluded_lines": 0, "percent_statements_covered": 100.0, "percent_statements_covered_display": "100.0"}, "missing_lines": [], "excluded_lines": [], "start_line": 85}, "errors": {"executed_lines": [169], "summary": {"covered_lines": 1, "num_statements": 1, "percent_covered": 100.0, "percent_covered_display": "100.0", "missing_lines": 0, "excluded_lines": 0, "percent_statements_covered": 100.0, "percent_statements_covered_display": "100.0"}, "missing_lines": [], "excluded_lines": [], "start_line": 167}, "describe": {"executed_lines": [174], "summary": {"covered_lines": 1, "num_statements": 1, "percent_covered": 100.0, "percent_covered_display": "100.0", "missing_lines": 0, "excluded_lines": 0, "percent_statements_covered": 100.0, "percent_statements_covered_display": "100.0"}, "missing_lines": [], "excluded_lines": [], "start_line": 172}, "": {"executed_lines": [29, 31, 32, 34, 53, 54, 58, 60, 62, 65, 79, 167, 172], "summary": {"covered_lines": 13, "num_statements": 13, "percent_covered": 100.0, "percent_covered_display": "100.0", "missing_lines": 0, "excluded_lines": 0, "percent_statements_covered": 100.0, "percent_statements_covered_display": "100.0"}, "missing_lines": [], "excluded_lines": [], "start_line": 1}}, "classes": {"BandViolation": {"executed_lines": [], "summary": {"covered_lines": 0, "num_statements": 0, "percent_covered": 100.0, "percent_covered_display": "100.0", "missing_lines": 0, "excluded_lines": 0, "percent_statements_covered": 100.0, "percent_statements_covered_display": "100.0"}, "missing_lines": [], "excluded_lines": [], "start_line": 54}, "": {"executed_lines": [29, 31, 32, 34, 53, 54, 58, 60, 62, 65, 76, 79, 83, 85, 86, 88, 89, 90, 91, 92, 93, 94, 96, 97, 105, 106, 114, 115, 125, 126, 145, 146, 154, 155, 156, 164, 167, 169, 172, 174], "summary": {"covered_lines": 40, "num_statements": 40, "percent_covered": 100.0, "percent_covered_display": "100.0", "missing_lines": 0, "excluded_lines": 0, "percent_statements_covered": 100.0, "percent_statements_covered_display": "100.0"}, "missing_lines": [], "excluded_lines": [], "start_line": 1}}}, "custom_components/heatpump_optimizer/comfort_learning.py": {"executed_lines": [25, 27, 28, 29, 31, 33, 38, 39, 43, 45, 47, 49, 52, 55, 56, 59, 61, 62, 64, 67, 69, 76, 77, 78, 79, 82, 83, 86, 87, 88, 89, 90, 91, 95, 96, 97, 98, 99, 100, 102, 103, 105, 107, 108, 109, 110, 111, 112, 113, 122, 123, 125, 138, 140, 141, 142, 147, 148, 152, 153, 154, 155, 156, 157, 158, 163, 164, 165, 173, 175, 176, 177, 178, 180, 189, 190, 195, 196, 204, 205, 216, 217, 218, 221, 223, 224, 225, 230, 231, 232, 233, 234, 235, 236, 237, 240, 241, 242, 243, 246, 247, 248, 249], "summary": {"covered_lines": 103, "num_statements": 115, "percent_covered": 89.56521739130434, "percent_covered_display": "89.6", "missing_lines": 12, "excluded_lines": 0, "percent_statements_covered": 89.56521739130434, "percent_statements_covered_display": "89.6"}, "missing_lines": [101, 139, 182, 183, 184, 185, 191, 222, 226, 227, 244, 245], "excluded_lines": [], "functions": {"OverrideEvent.evidence": {"executed_lines": [76, 77, 78, 79], "summary": {"covered_lines": 4, "num_statements": 4, "percent_covered": 100.0, "percent_covered_display": "100.0", "missing_lines": 0, "excluded_lines": 0, "percent_statements_covered": 100.0, "percent_statements_covered_display": "100.0"}, "missing_lines": [], "excluded_lines": [], "start_line": 69}, "ComfortLearner._decay": {"executed_lines": [96, 97, 98, 99, 100, 102, 103], "summary": {"covered_lines": 7, "num_statements": 8, "percent_covered": 87.5, "percent_covered_display": "87.5", "missing_lines": 1, "excluded_lines": 0, "percent_statements_covered": 87.5, "percent_statements_covered_display": "87.5"}, "missing_lines": [101], "excluded_lines": [], "start_line": 95}, "ComfortLearner.record_override": {"executed_lines": [107, 108, 109, 110, 111, 112, 113, 122, 123], "summary": {"covered_lines": 9, "num_statements": 9, "percent_covered": 100.0, "percent_covered_display": "100.0", "missing_lines": 0, "excluded_lines": 0, "percent_statements_covered": 100.0, "percent_statements_covered_display": "100.0"}, "missing_lines": [], "excluded_lines": [], "start_line": 105}, "ComfortLearner.record_quiet_period": {"executed_lines": [138, 140, 141, 142, 147, 148], "summary": {"covered_lines": 6, "num_statements": 7, "percent_covered": 85.71428571428571, "percent_covered_display": "85.7", "missing_lines": 1, "excluded_lines": 0, "percent_statements_covered": 85.71428571428571, "percent_statements_covered_display": "85.7"}, "missing_lines": [139], "excluded_lines": [], "start_line": 125}, "ComfortLearner._maybe_adjust": {"executed_lines": [153, 154, 155, 156, 157, 158, 163, 164, 165], "summary": {"covered_lines": 9, "num_statements": 9, "percent_covered": 100.0, "percent_covered_display": "100.0", "missing_lines": 0, "excluded_lines": 0, "percent_statements_covered": 100.0, "percent_statements_covered_display": "100.0"}, "missing_lines": [], "excluded_lines": [], "start_line": 152}, "ComfortLearner.reset": {"executed_lines": [175, 176, 177, 178], "summary": {"covered_lines": 4, "num_statements": 4, "percent_covered": 100.0, "percent_covered_display": "100.0", "missing_lines": 0, "excluded_lines": 0, "percent_statements_covered": 100.0, "percent_statements_covered_display": "100.0"}, "missing_lines": [], "excluded_lines": [], "start_line": 173}, "ComfortLearner.set_configured": {"executed_lines": [], "summary": {"covered_lines": 0, "num_statements": 4, "percent_covered": 0.0, "percent_covered_display": "0.0", "missing_lines": 4, "excluded_lines": 0, "percent_statements_covered": 0.0, "percent_statements_covered_display": "0.0"}, "missing_lines": [182, 183, 184, 185], "excluded_lines": [], "start_line": 180}, "ComfortLearner.effective_weight": {"executed_lines": [], "summary": {"covered_lines": 0, "num_statements": 1, "percent_covered": 0.0, "percent_covered_display": "0.0", "missing_lines": 1, "excluded_lines": 0, "percent_statements_covered": 0.0, "percent_statements_covered_display": "0.0"}, "missing_lines": [191], "excluded_lines": [], "start_line": 190}, "ComfortLearner.summary": {"executed_lines": [196], "summary": {"covered_lines": 1, "num_statements": 1, "percent_covered": 100.0, "percent_covered_display": "100.0", "missing_lines": 0, "excluded_lines": 0, "percent_statements_covered": 100.0, "percent_statements_covered_display": "100.0"}, "missing_lines": [], "excluded_lines": [], "start_line": 195}, "ComfortLearner.as_dict": {"executed_lines": [205], "summary": {"covered_lines": 1, "num_statements": 1, "percent_covered": 100.0, "percent_covered_display": "100.0", "missing_lines": 0, "excluded_lines": 0, "percent_statements_covered": 100.0, "percent_statements_covered_display": "100.0"}, "missing_lines": [], "excluded_lines": [], "start_line": 204}, "ComfortLearner.from_dict": {"executed_lines": [218, 221, 223, 224, 225, 230, 231, 232, 233, 234, 235, 236, 237, 240, 241, 242, 243, 246, 247, 248, 249], "summary": {"covered_lines": 21, "num_statements": 26, "percent_covered": 80.76923076923077, "percent_covered_display": "80.8", "missing_lines": 5, "excluded_lines": 0, "percent_statements_covered": 80.76923076923077, "percent_statements_covered_display": "80.8"}, "missing_lines": [222, 226, 227, 244, 245], "excluded_lines": [], "start_line": 217}, "": {"executed_lines": [25, 27, 28, 29, 31, 33, 38, 39, 43, 45, 47, 49, 52, 55, 56, 59, 61, 62, 64, 67, 69, 82, 83, 86, 87, 88, 89, 90, 91, 95, 105, 125, 152, 173, 180, 189, 190, 195, 204, 216, 217], "summary": {"covered_lines": 41, "num_statements": 41, "percent_covered": 100.0, "percent_covered_display": "100.0", "missing_lines": 0, "excluded_lines": 0, "percent_statements_covered": 100.0, "percent_statements_covered_display": "100.0"}, "missing_lines": [], "excluded_lines": [], "start_line": 1}}, "classes": {"OverrideEvent": {"executed_lines": [76, 77, 78, 79], "summary": {"covered_lines": 4, "num_statements": 4, "percent_covered": 100.0, "percent_covered_display": "100.0", "missing_lines": 0, "excluded_lines": 0, "percent_statements_covered": 100.0, "percent_statements_covered_display": "100.0"}, "missing_lines": [], "excluded_lines": [], "start_line": 56}, "ComfortLearner": {"executed_lines": [96, 97, 98, 99, 100, 102, 103, 107, 108, 109, 110, 111, 112, 113, 122, 123, 138, 140, 141, 142, 147, 148, 153, 154, 155, 156, 157, 158, 163, 164, 165, 175, 176, 177, 178, 196, 205, 218, 221, 223, 224, 225, 230, 231, 232, 233, 234, 235, 236, 237, 240, 241, 242, 243, 246, 247, 248, 249], "summary": {"covered_lines": 58, "num_statements": 70, "percent_covered": 82.85714285714286, "percent_covered_display": "82.9", "missing_lines": 12, "excluded_lines": 0, "percent_statements_covered": 82.85714285714286, "percent_statements_covered_display": "82.9"}, "missing_lines": [101, 139, 182, 183, 184, 185, 191, 222, 226, 227, 244, 245], "excluded_lines": [], "start_line": 83}, "": {"executed_lines": [25, 27, 28, 29, 31, 33, 38, 39, 43, 45, 47, 49, 52, 55, 56, 59, 61, 62, 64, 67, 69, 82, 83, 86, 87, 88, 89, 90, 91, 95, 105, 125, 152, 173, 180, 189, 190, 195, 204, 216, 217], "summary": {"covered_lines": 41, "num_statements": 41, "percent_covered": 100.0, "percent_covered_display": "100.0", "missing_lines": 0, "excluded_lines": 0, "percent_statements_covered": 100.0, "percent_statements_covered_display": "100.0"}, "missing_lines": [], "excluded_lines": [], "start_line": 1}}}, "custom_components/heatpump_optimizer/config_flow.py": {"executed_lines": [2, 4, 5, 7, 8, 10, 11, 12, 13, 14, 15, 16, 18, 310, 311, 312, 314, 316, 319, 328, 329, 333, 336, 347, 348, 351, 366, 376, 377, 378, 404, 407, 414, 417, 421, 425, 436, 445, 464, 467, 477, 478, 479, 480, 481, 484, 485, 486, 489, 492, 500, 501, 502, 503, 505, 506, 507, 508, 511, 516, 517, 518, 519, 520, 521, 522, 523, 524, 525, 526, 529, 551, 553, 554, 555, 556, 557, 558, 559, 560, 561, 562, 563, 564, 567, 583, 584, 586, 587, 588, 589, 590, 594, 595, 596, 599, 609, 612, 629, 632, 636, 641, 642, 645, 654, 657, 660, 663, 681, 685, 686, 687, 690, 693, 694, 695, 701, 708, 710, 711, 712, 722, 735, 738, 739, 740, 745, 747, 756, 763, 772, 779, 788, 790, 793, 803, 811, 813, 814, 816, 822, 831, 863, 871, 883, 886, 887, 890, 911, 922, 923, 924, 931, 932, 933, 934, 936, 939, 944, 946, 948, 950, 954, 956, 968, 1022, 1026, 1027, 1028, 1029, 1030, 1031, 1033, 1071, 1082, 1095, 1107, 1108, 1109, 1110, 1111, 1113, 1118, 1128, 1129, 1130, 1131, 1132, 1133, 1135, 1154, 1158, 1159, 1160, 1161, 1162, 1163, 1165, 1207, 1211, 1215, 1266, 1270, 1271, 1272, 1274, 1275, 1283, 1284, 1285, 1293, 1294, 1296, 1353, 1357, 1364, 1380, 1381, 1382, 1389, 1404, 1426, 1450, 1472, 1475, 1485, 1487, 1493, 1495, 1496, 1498, 1500, 1502, 1506, 1525, 1526, 1527, 1528, 1529, 1532, 1533, 1534, 1535, 1537, 1541, 1542, 1543, 1548, 1552, 1553, 1560, 1574, 1575, 1576, 1579, 1587, 1591, 1592, 1594, 1595, 1596, 1602, 1603, 1604, 1605, 1606, 1607, 1610, 1612, 1613, 1614, 1615, 1617, 1704, 1708, 1709, 1710, 1711, 1712, 1715, 1716, 1717, 1719, 1720, 1723, 1725, 1726, 1727, 1729, 1730, 1799, 1803, 1804, 1805, 1807, 1808, 1811, 1812, 1813, 1821, 1826, 1831, 1832, 1833, 1835, 1836, 1837, 1839, 1840, 1841, 1843, 1845, 1989, 2002, 2003, 2007, 2014, 2015, 2016, 2018, 2020, 2022, 2023, 2025, 2027, 2106, 2124, 2125, 2129, 2130, 2131, 2132, 2133, 2149, 2150, 2152, 2153, 2154, 2156, 2158, 2159, 2162, 2167, 2168, 2171, 2172, 2174, 2237, 2241, 2242, 2244, 2245, 2330, 2334, 2335, 2337, 2338, 2396, 2407, 2408, 2409, 2410, 2411, 2412, 2414, 2461, 2465, 2466, 2467, 2471, 2475, 2477, 2478, 2483, 2484, 2485, 2486, 2491, 2492, 2493, 2495, 2496, 2505, 2506, 2507, 2509, 2511, 2654, 2658, 2659, 2660, 2661, 2662, 2663, 2665, 2667, 2668, 2669, 2671, 2673, 2703, 2707, 2708, 2709, 2710, 2711, 2712, 2714, 2716, 2717, 2718, 2720, 2722, 2748, 2752, 2753, 2754, 2755, 2756, 2757, 2759, 2761, 2762, 2763, 2765, 2767], "summary": {"covered_lines": 426, "num_statements": 493, "percent_covered": 86.40973630831643, "percent_covered_display": "86.4", "missing_lines": 67, "excluded_lines": 0, "percent_statements_covered": 86.40973630831643, "percent_statements_covered_display": "86.4"}, "missing_lines": [337, 341, 342, 343, 344, 345, 346, 487, 488, 504, 509, 510, 515, 552, 713, 714, 715, 716, 717, 718, 719, 815, 901, 902, 905, 906, 907, 908, 927, 928, 929, 935, 957, 960, 961, 962, 963, 965, 966, 1212, 1213, 1273, 1358, 1359, 1386, 1597, 1598, 1599, 1600, 1601, 1608, 1728, 1806, 1842, 2024, 2470, 2474, 2476, 2487, 2488, 2497, 2502, 2503, 2508, 2670, 2719, 2764], "excluded_lines": [], "functions": {"validate_tibber_token": {"executed_lines": [328, 329, 333, 336, 347, 348], "summary": {"covered_lines": 6, "num_statements": 13, "percent_covered": 46.15384615384615, "percent_covered_display": "46.2", "missing_lines": 7, "excluded_lines": 0, "percent_statements_covered": 46.15384615384615, "percent_statements_covered_display": "46.2"}, "missing_lines": [337, 341, 342, 343, 344, 345, 346], "excluded_lines": [], "start_line": 319}, "_number": {"executed_lines": [366, 376, 377, 378], "summary": {"covered_lines": 4, "num_statements": 4, "percent_covered": 100.0, "percent_covered_display": "100.0", "missing_lines": 0, "excluded_lines": 0, "percent_statements_covered": 100.0, "percent_statements_covered_display": "100.0"}, "missing_lines": [], "excluded_lines": [], "start_line": 351}, "_prefilled_values": {"executed_lines": [477, 478, 479, 480, 481, 484, 485, 486, 489], "summary": {"covered_lines": 9, "num_statements": 11, "percent_covered": 81.81818181818181, "percent_covered_display": "81.8", "missing_lines": 2, "excluded_lines": 0, "percent_statements_covered": 81.81818181818181, "percent_statements_covered_display": "81.8"}, "missing_lines": [487, 488], "excluded_lines": [], "start_line": 467}, "_widen_to_fit": {"executed_lines": [500, 501, 502, 503, 505, 506, 507, 508, 511, 516, 517, 518, 519, 520, 521, 522, 523, 524, 525, 526], "summary": {"covered_lines": 20, "num_statements": 24, "percent_covered": 83.33333333333333, "percent_covered_display": "83.3", "missing
[...]
d_lines": 170, "num_statements": 181, "percent_covered": 93.92265193370166, "percent_covered_display": "93.9", "missing_lines": 11, "excluded_lines": 0, "percent_statements_covered": 93.92265193370166, "percent_statements_covered_display": "93.9"}, "missing_lines": [2320, 2322, 2324, 2356, 2430, 2431, 2432, 2433, 2434, 2613, 2644], "excluded_lines": [], "start_line": 2280}, "ThermalModel.simulate_trajectory_with_dhw": {"executed_lines": [2686, 2688, 2689, 2690, 2691, 2692, 2693, 2694, 2695, 2696, 2698, 2699, 2700, 2701, 2702, 2703, 2704, 2706, 2707, 2708, 2709, 2710, 2711, 2712, 2713, 2714, 2715, 2717, 2718, 2722, 2725, 2727, 2729, 2755, 2756, 2763, 2769, 2770, 2778, 2785, 2787, 2795, 2796, 2798, 2799, 2800, 2801, 2802, 2803, 2804, 2805, 2807, 2813, 2814, 2815, 2816], "summary": {"covered_lines": 56, "num_statements": 56, "percent_covered": 100.0, "percent_covered_display": "100.0", "missing_lines": 0, "excluded_lines": 0, "percent_statements_covered": 100.0, "percent_statements_covered_display": "100.0"}, "missing_lines": [], "excluded_lines": [], "start_line": 2659}, "ThermalModel.update_slab_from_return_temp": {"executed_lines": [2829, 2833, 2836, 2838, 2839, 2840], "summary": {"covered_lines": 6, "num_statements": 7, "percent_covered": 85.71428571428571, "percent_covered_display": "85.7", "missing_lines": 1, "excluded_lines": 0, "percent_statements_covered": 85.71428571428571, "percent_statements_covered_display": "85.7"}, "missing_lines": [2830], "excluded_lines": [], "start_line": 2818}, "": {"executed_lines": [33, 35, 36, 37, 38, 40, 42, 43, 44, 108, 117, 122, 126, 134, 139, 142, 143, 147, 148, 149, 154, 155, 158, 159, 160, 161, 164, 171, 175, 182, 186, 188, 195, 217, 218, 233, 241, 244, 246, 248, 249, 264, 270, 274, 275, 313, 314, 318, 319, 329, 330, 336, 337, 338, 339, 341, 344, 345, 356, 359, 360, 361, 362, 365, 366, 367, 368, 372, 375, 376, 383, 384, 387, 388, 389, 394, 396, 400, 403, 406, 410, 411, 412, 415, 418, 421, 424, 425, 428, 429, 430, 433, 434, 435, 436, 440, 443, 454, 457, 460, 463, 466, 470, 471, 483, 487, 488, 492, 493, 529, 533, 534, 551, 552, 556, 557, 575, 576, 588, 601, 602, 620, 621, 625, 626, 636, 637, 657, 658, 673, 696, 697, 967, 968, 976, 977, 978, 981, 982, 983, 984, 985, 988, 991, 994, 995, 1000, 1006, 1012, 1017, 1024, 1025, 1028, 1037, 1043, 1072, 1118, 1151, 1191, 1210, 1213, 1214, 1223, 1226, 1229, 1232, 1235, 1241, 1244, 1248, 1254, 1256, 1259, 1266, 1271, 1275, 1277, 1279, 1287, 1341, 1380, 1397, 1427, 1449, 1464, 1476, 1505, 1515, 1521, 1525, 1542, 1571, 1677, 1709, 1770, 2061, 2130, 2169, 2280, 2659, 2818], "summary": {"covered_lines": 201, "num_statements": 201, "percent_covered": 100.0, "percent_covered_display": "100.0", "missing_lines": 0, "excluded_lines": 0, "percent_statements_covered": 100.0, "percent_statements_covered_display": "100.0"}, "missing_lines": [], "excluded_lines": [], "start_line": 1}}, "classes": {"ThermalParameters": {"executed_lines": [193, 203, 209, 210, 213, 214, 215, 226, 256, 287, 293, 294, 295, 296, 297, 303, 304, 305, 306, 307, 309, 310, 311, 316, 327, 332, 478, 490, 512, 513, 514, 515, 516, 517, 518, 519, 523, 524, 525, 526, 542, 543, 544, 545, 546, 547, 548, 549, 554, 570, 573, 583, 584, 585, 586, 595, 596, 597, 598, 599, 610, 612, 613, 615, 623, 632, 634, 655, 668, 669, 670, 671, 680, 681, 683, 684, 686, 690, 691, 693, 694, 705, 710, 812, 820, 833, 844, 845, 850, 851, 854, 860, 863, 868, 874, 877, 881, 891, 892, 913, 916, 917, 918, 919, 921, 935, 946, 947, 948, 953, 954, 955, 961, 962, 964], "summary": {"covered_lines": 115, "num_statements": 120, "percent_covered": 95.83333333333333, "percent_covered_display": "95.8", "missing_lines": 5, "excluded_lines": 0, "percent_statements_covered": 95.83333333333333, "percent_statements_covered_display": "95.8"}, "missing_lines": [211, 212, 633, 682, 692], "excluded_lines": [], "start_line": 143}, "ThermalState": {"executed_lines": [], "summary": {"covered_lines": 0, "num_statements": 0, "percent_covered": 100.0, "percent_covered_display": "100.0", "missing_lines": 0, "excluded_lines": 0, "percent_statements_covered": 100.0, "percent_statements_covered_display": "100.0"}, "missing_lines": [], "excluded_lines": [], "start_line": 968}, "_StaleTrajectory": {"executed_lines": [1211], "summary": {"covered_lines": 1, "num_statements": 7, "percent_covered": 14.285714285714286, "percent_covered_display": "14.3", "missing_lines": 6, "excluded_lines": 0, "percent_statements_covered": 14.285714285714286, "percent_statements_covered_display": "14.3"}, "missing_lines": [1215, 1224, 1227, 1230, 1233, 1236], "excluded_lines": [], "start_line": 1191}, "ThermalModel": {"executed_lines": [1281, 1310, 1311, 1312, 1313, 1314, 1317, 1318, 1319, 1320, 1321, 1328, 1329, 1330, 1331, 1333, 1336, 1337, 1338, 1339, 1368, 1369, 1374, 1375, 1378, 1392, 1394, 1395, 1408, 1411, 1413, 1414, 1417, 1421, 1422, 1423, 1425, 1437, 1438, 1439, 1440, 1456, 1457, 1458, 1459, 1460, 1471, 1472, 1473, 1474, 1487, 1488, 1489, 1490, 1492, 1495, 1496, 1499, 1517, 1518, 1519, 1523, 1533, 1538, 1539, 1540, 1557, 1558, 1560, 1561, 1562, 1563, 1564, 1566, 1569, 1594, 1595, 1596, 1597, 1598, 1599, 1603, 1628, 1631, 1632, 1636, 1639, 1642, 1656, 1657, 1658, 1659, 1660, 1668, 1669, 1675, 1689, 1690, 1691, 1692, 1693, 1694, 1695, 1702, 1703, 1723, 1724, 1728, 1730, 1733, 1736, 1740, 1745, 1747, 1748, 1750, 1751, 1756, 1788, 1789, 1795, 1806, 1816, 1817, 1822, 1826, 1831, 1834, 1835, 1840, 1841, 1843, 1844, 1845, 1846, 1849, 1850, 1853, 1856, 1858, 1866, 1867, 1868, 1869, 1877, 1878, 1880, 1881, 1893, 1896, 1897, 1907, 1925, 1926, 1927, 1937, 1938, 1939, 1940, 1941, 1944, 1947, 1951, 1952, 1953, 1954, 1955, 1956, 1957, 1958, 1959, 1961, 1964, 1965, 1966, 1967, 1968, 1969, 1970, 1976, 1977, 1979, 1980, 1989, 1993, 1994, 1997, 1999, 2000, 2001, 2010, 2011, 2012, 2013, 2016, 2017, 2020, 2023, 2024, 2029, 2030, 2035, 2036, 2037, 2038, 2041, 2045, 2087, 2095, 2096, 2097, 2098, 2103, 2104, 2105, 2111, 2114, 2115, 2116, 2117, 2140, 2141, 2142, 2145, 2150, 2157, 2160, 2164, 2165, 2166, 2167, 2199, 2201, 2202, 2203, 2204, 2205, 2206, 2208, 2209, 2210, 2211, 2213, 2214, 2215, 2216, 2217, 2218, 2219, 2220, 2221, 2222, 2223, 2228, 2233, 2234, 2235, 2262, 2263, 2264, 2265, 2266, 2267, 2268, 2269, 2275, 2276, 2277, 2278, 2316, 2317, 2318, 2319, 2321, 2323, 2326, 2327, 2328, 2329, 2330, 2331, 2332, 2333, 2334, 2335, 2336, 2337, 2338, 2339, 2340, 2342, 2345, 2350, 2354, 2355, 2357, 2358, 2359, 2360, 2362, 2363, 2364, 2365, 2366, 2367, 2368, 2369, 2371, 2372, 2373, 2374, 2375, 2377, 2378, 2379, 2380, 2381, 2382, 2383, 2388, 2389, 2390, 2396, 2400, 2401, 2402, 2403, 2404, 2407, 2410, 2411, 2416, 2417, 2418, 2425, 2426, 2427, 2428, 2429, 2435, 2436, 2437, 2438, 2441, 2442, 2447, 2452, 2453, 2454, 2457, 2458, 2463, 2469, 2472, 2473, 2474, 2479, 2480, 2481, 2482, 2485, 2488, 2491, 2498, 2501, 2504, 2506, 2513, 2522, 2523, 2524, 2525, 2526, 2527, 2529, 2530, 2532, 2538, 2545, 2546, 2549, 2553, 2556, 2557, 2558, 2561, 2564, 2567, 2569, 2570, 2573, 2574, 2575, 2578, 2579, 2586, 2587, 2588, 2589, 2590, 2591, 2592, 2593, 2594, 2595, 2596, 2597, 2598, 2605, 2606, 2607, 2608, 2609, 2610, 2611, 2612, 2614, 2615, 2616, 2617, 2618, 2619, 2622, 2623, 2624, 2629, 2630, 2633, 2636, 2637, 2638, 2639, 2640, 2641, 2642, 2643, 2652, 2653, 2654, 2686, 2688, 2689, 2690, 2691, 2692, 2693, 2694, 2695, 2696, 2698, 2699, 2700, 2701, 2702, 2703, 2704, 2706, 2707, 2708, 2709, 2710, 2711, 2712, 2713, 2714, 2715, 2717, 2718, 2722, 2725, 2727, 2729, 2755, 2756, 2763, 2769, 2770, 2778, 2785, 2787, 2795, 2796, 2798, 2799, 2800, 2801, 2802, 2803, 2804, 2805, 2807, 2813, 2814, 2815, 2816, 2829, 2833, 2836, 2838, 2839, 2840], "summary": {"covered_lines": 501, "num_statements": 528, "percent_covered": 94.88636363636364, "percent_covered_display": "94.9", "missing_lines": 27, "excluded_lines": 0, "percent_statements_covered": 94.88636363636364, "percent_statements_covered_display": "94.9"}, "missing_lines": [1461, 1462, 1511, 1512, 1513, 1559, 1565, 1568, 1600, 1670, 1673, 1851, 2122, 2123, 2128, 2320, 2322, 2324, 2356, 2430, 2431, 2432, 2433, 2434, 2613, 2644, 2830], "excluded_lines": [], "start_line": 1244}, "": {"executed_lines": [33, 35, 36, 37, 38, 40, 42, 43, 44, 108, 117, 122, 126, 134, 139, 142, 143, 147, 148, 149, 154, 155, 158, 159, 160, 161, 164, 171, 175, 182, 186, 188, 195, 217, 218, 233, 241, 244, 246, 248, 249, 264, 270, 274, 275, 313, 314, 318, 319, 329, 330, 336, 337, 338, 339, 341, 344, 345, 356, 359, 360, 361, 362, 365, 366, 367, 368, 372, 375, 376, 383, 384, 387, 388, 389, 394, 396, 400, 403, 406, 410, 411, 412, 415, 418, 421, 424, 425, 428, 429, 430, 433, 434, 435, 436, 440, 443, 454, 457, 460, 463, 466, 470, 471, 483, 487, 488, 492, 493, 529, 533, 534, 551, 552, 556, 557, 575, 576, 588, 601, 602, 620, 621, 625, 626, 636, 637, 657, 658, 673, 696, 697, 967, 968, 976, 977, 978, 981, 982, 983, 984, 985, 988, 991, 994, 995, 1000, 1006, 1012, 1017, 1024, 1025, 1028, 1034, 1037, 1039, 1040, 1043, 1063, 1064, 1065, 1066, 1068, 1069, 1072, 1108, 1109, 1110, 1111, 1112, 1113, 1114, 1115, 1118, 1133, 1134, 1138, 1139, 1140, 1141, 1142, 1144, 1148, 1151, 1180, 1181, 1182, 1185, 1186, 1187, 1188, 1191, 1210, 1213, 1214, 1223, 1226, 1229, 1232, 1235, 1241, 1244, 1248, 1254, 1256, 1259, 1266, 1271, 1275, 1277, 1279, 1287, 1341, 1380, 1397, 1427, 1449, 1464, 1476, 1505, 1515, 1521, 1525, 1542, 1571, 1677, 1709, 1770, 2061, 2130, 2169, 2280, 2659, 2818], "summary": {"covered_lines": 234, "num_statements": 235, "percent_covered": 99.57446808510639, "percent_covered_display": "99.6", "missing_lines": 1, "excluded_lines": 0, "percent_statements_covered": 99.57446808510639, "percent_statements_covered_display": "99.6"}, "missing_lines": [1067], "excluded_lines": [], "start_line": 1}}}, "custom_components/heatpump_optimizer/topology.py": {"executed_lines": [22, 24, 25, 27, 28, 62, 72, 77, 78, 91, 92, 93, 94, 95, 148, 153, 169, 170, 173, 174, 175, 179, 183, 186, 230, 242, 258, 264, 265, 266, 267, 268, 269, 270, 271, 272, 275, 276, 277, 278, 279, 280, 288, 289, 290, 291, 298, 299, 300, 301, 316, 317, 318, 321, 322, 323, 328, 345, 346, 347, 348, 349, 354, 355, 356, 357, 358, 359, 360, 365, 366, 367, 368, 369, 373, 374, 377, 378, 381, 384, 392, 393, 397, 398, 405, 416, 425, 426, 427, 429, 451, 458, 487, 488, 522, 523, 524, 525, 526, 527, 528, 529, 530, 533, 542, 545, 546, 548, 549, 550, 551, 552, 553, 555, 556, 557, 559, 560, 571, 572, 573, 575, 576, 577, 579, 580, 584, 586, 587, 589, 594, 598, 599, 603, 604, 606, 607, 608, 610, 611], "summary": {"covered_lines": 140, "num_statements": 142, "percent_covered": 98.59154929577464, "percent_covered_display": "98.6", "missing_lines": 2, "excluded_lines": 0, "percent_statements_covered": 98.59154929577464, "percent_statements_covered_display": "98.6"}, "missing_lines": [310, 585], "excluded_lines": [], "functions": {"layout_edges": {"executed_lines": [258, 264, 265, 266, 267, 268, 269, 270, 271, 272, 275, 276, 277, 278, 279, 280, 288, 289, 290, 291, 298, 299, 300, 301, 316, 317, 318], "summary": {"covered_lines": 27, "num_statements": 28, "percent_covered": 96.42857142857143, "percent_covered_display": "96.4", "missing_lines": 1, "excluded_lines": 0, "percent_statements_covered": 96.42857142857143, "percent_statements_covered_display": "96.4"}, "missing_lines": [310], "excluded_lines": [], "start_line": 242}, "_edge_name": {"executed_lines": [322, 323], "summary": {"covered_lines": 2, "num_statements": 2, "percent_covered": 100.0, "percent_covered_display": "100.0", "missing_lines": 0, "excluded_lines": 0, "percent_statements_covered": 100.0, "percent_statements_covered_display": "100.0"}, "missing_lines": [], "excluded_lines": [], "start_line": 321}, "match_layout": {"executed_lines": [345, 346, 347, 348, 349, 354, 355, 356, 357, 358, 359, 360, 365, 366, 367, 368, 369, 373, 374, 377, 378, 381], "summary": {"covered_lines": 22, "num_statements": 22, "percent_covered": 100.0, "percent_covered_display": "100.0", "missing_lines": 0, "excluded_lines": 0, "percent_statements_covered": 100.0, "percent_statements_covered_display": "100.0"}, "missing_lines": [], "excluded_lines": [], "start_line": 328}, "describe_setup": {"executed_lines": [392, 393, 397, 398, 405, 416, 429, 451, 458, 487, 488], "summary": {"covered_lines": 11, "num_statements": 11, "percent_covered": 100.0, "percent_covered_display": "100.0", "missing_lines": 0, "excluded_lines": 0, "percent_statements_covered": 100.0, "percent_statements_covered_display": "100.0"}, "missing_lines": [], "excluded_lines": [], "start_line": 384}, "describe_setup.placed": {"executed_lines": [425, 426, 427], "summary": {"covered_lines": 3, "num_statements": 3, "percent_covered": 100.0, "percent_covered_display": "100.0", "missing_lines": 0, "excluded_lines": 0, "percent_statements_covered": 100.0, "percent_statements_covered_display": "100.0"}, "missing_lines": [], "excluded_lines": [], "start_line": 416}, "_slot_lines": {"executed_lines": [523, 524, 525, 526, 527, 528, 529, 530], "summary": {"covered_lines": 8, "num_statements": 8, "percent_covered": 100.0, "percent_covered_display": "100.0", "missing_lines": 0, "excluded_lines": 0, "percent_statements_covered": 100.0, "percent_statements_covered_display": "100.0"}, "missing_lines": [], "excluded_lines": [], "start_line": 522}, "render_text_summary": {"executed_lines": [542, 545, 546, 548, 549, 550, 551, 552, 553, 555, 556, 557, 559, 560, 571, 572, 573, 575, 576, 577, 579, 580, 584, 586, 587, 589, 594, 598, 599, 603, 604, 606, 607, 608, 610, 611], "summary": {"covered_lines": 36, "num_statements": 37, "percent_covered": 97.29729729729729, "percent_covered_display": "97.3", "missing_lines": 1, "excluded_lines": 0, "percent_statements_covered": 97.29729729729729, "percent_statements_covered_display": "97.3"}, "missing_lines": [585], "excluded_lines": [], "start_line": 533}, "": {"executed_lines": [22, 24, 25, 27, 28, 62, 72, 77, 78, 91, 92, 93, 94, 95, 148, 153, 169, 170, 173, 174, 175, 179, 183, 186, 230, 242, 321, 328, 384, 522, 533], "summary": {"covered_lines": 31, "num_statements": 31, "percent_covered": 100.0, "percent_covered_display": "100.0", "missing_lines": 0, "excluded_lines": 0, "percent_statements_covered": 100.0, "percent_statements_covered_display": "100.0"}, "missing_lines": [], "excluded_lines": [], "start_line": 1}}, "classes": {"Layout": {"executed_lines": [], "summary": {"covered_lines": 0, "num_statements": 0, "percent_covered": 100.0, "percent_covered_display": "100.0", "missing_lines": 0, "excluded_lines": 0, "percent_statements_covered": 100.0, "percent_statements_covered_display": "100.0"}, "missing_lines": [], "excluded_lines": [], "start_line": 170}, "": {"executed_lines": [22, 24, 25, 27, 28, 62, 72, 77, 78, 91, 92, 93, 94, 95, 148, 153, 169, 170, 173, 174, 175, 179, 183, 186, 230, 242, 258, 264, 265, 266, 267, 268, 269, 270, 271, 272, 275, 276, 277, 278, 279, 280, 288, 289, 290, 291, 298, 299, 300, 301, 316, 317, 318, 321, 322, 323, 328, 345, 346, 347, 348, 349, 354, 355, 356, 357, 358, 359, 360, 365, 366, 367, 368, 369, 373, 374, 377, 378, 381, 384, 392, 393, 397, 398, 405, 416, 425, 426, 427, 429, 451, 458, 487, 488, 522, 523, 524, 525, 526, 527, 528, 529, 530, 533, 542, 545, 546, 548, 549, 550, 551, 552, 553, 555, 556, 557, 559, 560, 571, 572, 573, 575, 576, 577, 579, 580, 584, 586, 587, 589, 594, 598, 599, 603, 604, 606, 607, 608, 610, 611], "summary": {"covered_lines": 140, "num_statements": 142, "percent_covered": 98.59154929577464, "percent_covered_display": "98.6", "missing_lines": 2, "excluded_lines": 0, "percent_statements_covered": 98.59154929577464, "percent_statements_covered_display": "98.6"}, "missing_lines": [310, 585], "excluded_lines": [], "start_line": 1}}}, "custom_components/heatpump_optimizer/wear.py": {"executed_lines": [19, 21, 22, 24, 26, 29, 32, 33, 37, 39, 40, 41, 43, 58, 63, 64, 65, 66, 67, 68, 69, 72, 73, 74, 75, 76, 77, 78, 79, 80, 81, 82, 83, 85, 87, 88, 92, 93, 99, 100, 101, 102, 103, 104, 105, 106, 107, 108, 109, 110, 111, 112, 115, 116, 119, 121, 122, 123], "summary": {"covered_lines": 58, "num_statements": 63, "percent_covered": 92.06349206349206, "percent_covered_display": "92.1", "missing_lines": 5, "excluded_lines": 0, "percent_statements_covered": 92.06349206349206, "percent_statements_covered_display": "92.1"}, "missing_lines": [70, 71, 84, 113, 114], "excluded_lines": [], "functions": {"StartCounter.observe": {"executed_lines": [58, 63, 64, 65, 66, 67, 68, 69, 72, 73, 74, 75, 76, 77, 78, 79, 80, 81, 82, 83, 85], "summary": {"covered_lines": 21, "num_statements": 24, "percent_covered": 87.5, "percent_covered_display": "87.5", "missing_lines": 3, "excluded_lines": 0, "percent_statements_covered": 87.5, "percent_statements_covered_display": "87.5"}, "missing_lines": [70, 71, 84], "excluded_lines": [], "start_line": 43}, "StartCounter.month_count": {"executed_lines": [88], "summary": {"covered_lines": 1, "num_statements": 1, "percent_covered": 100.0, "percent_covered_display": "100.0", "missing_lines": 0, "excluded_lines": 0, "percent_statements_covered": 100.0, "percent_statements_covered_display": "100.0"}, "missing_lines": [], "excluded_lines": [], "start_line": 87}, "StartCounter.as_dict": {"executed_lines": [93], "summary": {"covered_lines": 1, "num_statements": 1, "percent_covered": 100.0, "percent_covered_display": "100.0", "missing_lines": 0, "excluded_lines": 0, "percent_statements_covered": 100.0, "percent_statements_covered_display": "100.0"}, "missing_lines": [], "excluded_lines": [], "start_line": 92}, "StartCounter.from_dict": {"executed_lines": [101, 102, 103, 104, 105, 106, 107, 108, 109, 110, 111, 112, 115, 116], "summary": {"covered_lines": 14, "num_statements": 16, "percent_covered": 87.5, "percent_covered_display": "87.5", "missing_lines": 2, "excluded_lines": 0, "percent_statements_covered": 87.5, "percent_statements_covered_display": "87.5"}, "missing_lines": [113, 114], "excluded_lines": [], "start_line": 100}, "wear_price_per_start": {"executed_lines": [121, 122, 123], "summary": {"covered_lines": 3, "num_statements": 3, "percent_covered": 100.0, "percent_covered_display": "100.0", "missing_lines": 0, "excluded_lines": 0, "percent_statements_covered": 100.0, "percent_statements_covered_display": "100.0"}, "missing_lines": [], "excluded_lines": [], "start_line": 119}, "": {"executed_lines": [19, 21, 22, 24, 26, 29, 32, 33, 37, 39, 40, 41, 43, 87, 92, 99, 100, 119], "summary": {"covered_lines": 18, "num_statements": 18, "percent_covered": 100.0, "percent_covered_display": "100.0", "missing_lines": 0, "excluded_lines": 0, "percent_statements_covered": 100.0, "percent_statements_covered_display": "100.0"}, "missing_lines": [], "excluded_lines": [], "start_line": 1}}, "classes": {"StartCounter": {"executed_lines": [58, 63, 64, 65, 66, 67, 68, 69, 72, 73, 74, 75, 76, 77, 78, 79, 80, 81, 82, 83, 85, 88, 93, 101, 102, 103, 104, 105, 106, 107, 108, 109, 110, 111, 112, 115, 116], "summary": {"covered_lines": 37, "num_statements": 42, "percent_covered": 88.0952380952381, "percent_covered_display": "88.1", "missing_lines": 5, "excluded_lines": 0, "percent_statements_covered": 88.0952380952381, "percent_statements_covered_display": "88.1"}, "missing_lines": [70, 71, 84, 113, 114], "excluded_lines": [], "start_line": 33}, "": {"executed_lines": [19, 21, 22, 24, 26, 29, 32, 33, 37, 39, 40, 41, 43, 87, 92, 99, 100, 119, 121, 122, 123], "summary": {"covered_lines": 21, "num_statements": 21, "percent_covered": 100.0, "percent_covered_display": "100.0", "missing_lines": 0, "excluded_lines": 0, "percent_statements_covered": 100.0, "percent_statements_covered_display": "100.0"}, "missing_lines": [], "excluded_lines": [], "start_line": 1}}}}, "totals": {"covered_lines": 11386, "num_statements": 12877, "percent_covered": 88.42121612176749, "percent_covered_display": "88.4", "missing_lines": 1491, "excluded_lines": 18, "percent_statements_covered": 88.42121612176749, "percent_statements_covered_display": "88.4"}}